DEBUG:M-NMF:Initializing U
DEBUG:M-NMF:Initialization completed
DEBUG:M-NMF:
***************************************************
DEBUG:M-NMF:Train Fit at step {  0}: {0.00000 }
DEBUG:M-NMF:Train accuracy: {0.61111 } , Train Loss: {1.79090 }
DEBUG:M-NMF:Validation accuracy: {0.25000 } , Validation Loss: {3.45388 }
DEBUG:M-NMF:***************************************************

DEBUG:M-NMF:M-NMF ::: [  0] fit: 0.00000 | delta: 0.0e+00 | secs: 0.44833
DEBUG:M-NMF:***************************************************

DEBUG:M-NMF:Initializing U
DEBUG:M-NMF:Initialization completed
DEBUG:M-NMF:
***************************************************
DEBUG:M-NMF:Train Fit at step {  0}: {0.00000 }
DEBUG:M-NMF:Train accuracy: {0.61111 } , Train Loss: {1.79090 }
DEBUG:M-NMF:Validation accuracy: {0.50000 } , Validation Loss: {2.30259 }
DEBUG:M-NMF:***************************************************

DEBUG:M-NMF:M-NMF ::: [  0] fit: 0.00000 | delta: 0.0e+00 | secs: 0.02105
DEBUG:M-NMF:***************************************************

DEBUG:M-NMF:Initializing U
DEBUG:M-NMF:Initialization completed
DEBUG:M-NMF:
***************************************************
DEBUG:M-NMF:Train Fit at step {  0}: {0.00000 }
DEBUG:M-NMF:Train accuracy: {0.72222 } , Train Loss: {1.27921 }
DEBUG:M-NMF:Validation accuracy: {0.25000 } , Validation Loss: {3.45388 }
DEBUG:M-NMF:***************************************************

DEBUG:M-NMF:M-NMF ::: [  0] fit: 0.00000 | delta: 0.0e+00 | secs: 0.43849
DEBUG:M-NMF:***************************************************

DEBUG:M-NMF:Initializing U
DEBUG:M-NMF:Initialization completed
DEBUG:M-NMF:
***************************************************
DEBUG:M-NMF:Train Fit at step {  0}: {0.00000 }
DEBUG:M-NMF:Train accuracy: {0.72222 } , Train Loss: {1.27921 }
DEBUG:M-NMF:Validation accuracy: {0.75000 } , Validation Loss: {1.15129 }
DEBUG:M-NMF:***************************************************

DEBUG:M-NMF:M-NMF ::: [  0] fit: 0.00000 | delta: 0.0e+00 | secs: 0.02098
DEBUG:M-NMF:***************************************************

DEBUG:M-NMF:Initializing U
DEBUG:M-NMF:Initialization completed
DEBUG:M-NMF:
***************************************************
DEBUG:M-NMF:Train Fit at step {  0}: {0.00000 }
DEBUG:M-NMF:Train accuracy: {0.77778 } , Train Loss: {1.02337 }
DEBUG:M-NMF:Validation accuracy: {0.75000 } , Validation Loss: {1.15129 }
DEBUG:M-NMF:***************************************************

DEBUG:M-NMF:M-NMF ::: [  0] fit: 0.00000 | delta: 0.0e+00 | secs: 0.05117
DEBUG:M-NMF:***************************************************

DEBUG:M-NMF:Initializing U
DEBUG:M-NMF:Initialization completed
DEBUG:M-NMF:
***************************************************
DEBUG:M-NMF:Train Fit at step {  0}: {0.00000 }
DEBUG:M-NMF:Train accuracy: {0.69091 } , Train Loss: {1.42342 }
DEBUG:M-NMF:Validation accuracy: {0.84615 } , Validation Loss: {0.70849 }
DEBUG:M-NMF:***************************************************

DEBUG:M-NMF:M-NMF ::: [  0] fit: 0.00000 | delta: 0.0e+00 | secs: 0.11241
DEBUG:M-NMF:***************************************************

DEBUG:M-NMF:Initializing U
DEBUG:M-NMF:Initialization completed
DEBUG:M-NMF:
***************************************************
DEBUG:M-NMF:Train Fit at step {  0}: {0.00000 }
DEBUG:M-NMF:Train accuracy: {0.61818 } , Train Loss: {1.75834 }
DEBUG:M-NMF:Validation accuracy: {0.38462 } , Validation Loss: {2.83395 }
DEBUG:M-NMF:***************************************************

DEBUG:M-NMF:M-NMF ::: [  0] fit: 0.00000 | delta: 0.0e+00 | secs: 0.02289
DEBUG:M-NMF:***************************************************

DEBUG:M-NMF:Initializing U
DEBUG:M-NMF:Initialization completed
DEBUG:M-NMF:
***************************************************
DEBUG:M-NMF:Train Fit at step {  0}: {0.00000 }
DEBUG:M-NMF:Train accuracy: {0.78182 } , Train Loss: {1.00476 }
DEBUG:M-NMF:Validation accuracy: {0.76923 } , Validation Loss: {1.06273 }
DEBUG:M-NMF:***************************************************

DEBUG:M-NMF:M-NMF ::: [  0] fit: 0.00000 | delta: 0.0e+00 | secs: 0.17853
DEBUG:M-NMF:***************************************************

DEBUG:M-NMF:Initializing U
DEBUG:M-NMF:Initialization completed
DEBUG:M-NMF:
***************************************************
DEBUG:M-NMF:Train Fit at step {  0}: {0.00000 }
DEBUG:M-NMF:Train accuracy: {0.69091 } , Train Loss: {1.42342 }
DEBUG:M-NMF:Validation accuracy: {0.61538 } , Validation Loss: {1.77122 }
DEBUG:M-NMF:***************************************************

DEBUG:M-NMF:M-NMF ::: [  0] fit: 0.00000 | delta: 0.0e+00 | secs: 0.02343
DEBUG:M-NMF:***************************************************

DEBUG:M-NMF:Initializing U
DEBUG:M-NMF:Initialization completed
DEBUG:M-NMF:
***************************************************
DEBUG:M-NMF:Train Fit at step {  0}: {0.00000 }
DEBUG:M-NMF:Train accuracy: {0.67273 } , Train Loss: {1.50715 }
DEBUG:M-NMF:Validation accuracy: {0.46154 } , Validation Loss: {2.47971 }
DEBUG:M-NMF:***************************************************

DEBUG:M-NMF:M-NMF ::: [  0] fit: 0.00000 | delta: 0.0e+00 | secs: 0.05802
DEBUG:M-NMF:***************************************************

DEBUG:M-NMF:Initializing U
DEBUG:M-NMF:Initialization completed
DEBUG:M-NMF:
***************************************************
DEBUG:M-NMF:Train Fit at step {  0}: {0.00000 }
DEBUG:M-NMF:Train accuracy: {0.69565 } , Train Loss: {1.40157 }
DEBUG:M-NMF:Validation accuracy: {0.52174 } , Validation Loss: {2.20247 }
DEBUG:M-NMF:***************************************************

DEBUG:M-NMF:M-NMF ::: [  0] fit: 0.00000 | delta: 0.0e+00 | secs: 0.30637
DEBUG:M-NMF:***************************************************

DEBUG:M-NMF:Initializing U
DEBUG:M-NMF:Initialization completed
DEBUG:M-NMF:
***************************************************
DEBUG:M-NMF:Train Fit at step {  0}: {0.00000 }
DEBUG:M-NMF:Train accuracy: {0.72826 } , Train Loss: {1.25140 }
DEBUG:M-NMF:Validation accuracy: {0.60870 } , Validation Loss: {1.80202 }
DEBUG:M-NMF:***************************************************

DEBUG:M-NMF:M-NMF ::: [  0] fit: 0.00000 | delta: 0.0e+00 | secs: 0.42486
DEBUG:M-NMF:***************************************************

DEBUG:M-NMF:Initializing U
DEBUG:M-NMF:Initialization completed
DEBUG:M-NMF:
***************************************************
DEBUG:M-NMF:Train Fit at step {  0}: {0.00000 }
DEBUG:M-NMF:Train accuracy: {0.78261 } , Train Loss: {1.00112 }
DEBUG:M-NMF:Validation accuracy: {0.47826 } , Validation Loss: {2.40270 }
DEBUG:M-NMF:***************************************************

DEBUG:M-NMF:M-NMF ::: [  0] fit: 0.00000 | delta: 0.0e+00 | secs: 0.32115
DEBUG:M-NMF:***************************************************

DEBUG:M-NMF:Initializing U
DEBUG:M-NMF:Initialization completed
DEBUG:M-NMF:
***************************************************
DEBUG:M-NMF:Train Fit at step {  0}: {0.00000 }
DEBUG:M-NMF:Train accuracy: {0.72826 } , Train Loss: {1.25140 }
DEBUG:M-NMF:Validation accuracy: {0.52174 } , Validation Loss: {2.20247 }
DEBUG:M-NMF:***************************************************

DEBUG:M-NMF:M-NMF ::: [  0] fit: 0.00000 | delta: 0.0e+00 | secs: 0.36647
DEBUG:M-NMF:***************************************************

DEBUG:M-NMF:Initializing U
DEBUG:M-NMF:Initialization completed
DEBUG:M-NMF:
***************************************************
DEBUG:M-NMF:Train Fit at step {  0}: {0.00000 }
DEBUG:M-NMF:Train accuracy: {0.71739 } , Train Loss: {1.30146 }
DEBUG:M-NMF:Validation accuracy: {0.69565 } , Validation Loss: {1.40157 }
DEBUG:M-NMF:***************************************************

DEBUG:M-NMF:M-NMF ::: [  0] fit: 0.00000 | delta: 0.0e+00 | secs: 0.31504
DEBUG:M-NMF:***************************************************

DEBUG:M-NMF:Initializing U
DEBUG:M-NMF:Initialization completed
DEBUG:M-NMF:
***************************************************
DEBUG:M-NMF:Train Fit at step {  0}: {0.00000 }
DEBUG:M-NMF:Train accuracy: {0.67969 } , Train Loss: {1.47509 }
DEBUG:M-NMF:Validation accuracy: {0.75000 } , Validation Loss: {1.15129 }
DEBUG:M-NMF:***************************************************

DEBUG:M-NMF:M-NMF ::: [  0] fit: 0.00000 | delta: 0.0e+00 | secs: 0.56676
DEBUG:M-NMF:***************************************************

DEBUG:M-NMF:Initializing U
DEBUG:M-NMF:Initialization completed
DEBUG:M-NMF:
***************************************************
DEBUG:M-NMF:Train Fit at step {  0}: {0.00000 }
DEBUG:M-NMF:Train accuracy: {0.71875 } , Train Loss: {1.29520 }
DEBUG:M-NMF:Validation accuracy: {0.62500 } , Validation Loss: {1.72694 }
DEBUG:M-NMF:***************************************************

DEBUG:M-NMF:M-NMF ::: [  0] fit: 0.00000 | delta: 0.0e+00 | secs: 0.13897
DEBUG:M-NMF:***************************************************

DEBUG:M-NMF:Initializing U
DEBUG:M-NMF:Initialization completed
DEBUG:M-NMF:
***************************************************
DEBUG:M-NMF:Train Fit at step {  0}: {0.00000 }
DEBUG:M-NMF:Train accuracy: {0.72656 } , Train Loss: {1.25923 }
DEBUG:M-NMF:Validation accuracy: {0.43750 } , Validation Loss: {2.59041 }
DEBUG:M-NMF:***************************************************

DEBUG:M-NMF:M-NMF ::: [  0] fit: 0.00000 | delta: 0.0e+00 | secs: 0.16647
DEBUG:M-NMF:***************************************************

DEBUG:M-NMF:Initializing U
DEBUG:M-NMF:Initialization completed
DEBUG:M-NMF:
***************************************************
DEBUG:M-NMF:Train Fit at step {  0}: {0.00000 }
DEBUG:M-NMF:Train accuracy: {0.69531 } , Train Loss: {1.40314 }
DEBUG:M-NMF:Validation accuracy: {0.43750 } , Validation Loss: {2.59041 }
DEBUG:M-NMF:***************************************************

DEBUG:M-NMF:M-NMF ::: [  0] fit: 0.00000 | delta: 0.0e+00 | secs: 0.54881
DEBUG:M-NMF:***************************************************

DEBUG:M-NMF:Initializing U
DEBUG:M-NMF:Initialization completed
DEBUG:M-NMF:
***************************************************
DEBUG:M-NMF:Train Fit at step {  0}: {0.00000 }
DEBUG:M-NMF:Train accuracy: {0.73438 } , Train Loss: {1.22325 }
DEBUG:M-NMF:Validation accuracy: {0.46875 } , Validation Loss: {2.44650 }
DEBUG:M-NMF:***************************************************

DEBUG:M-NMF:M-NMF ::: [  0] fit: 0.00000 | delta: 0.0e+00 | secs: 0.29419
DEBUG:M-NMF:***************************************************

