DEBUG:M-NMF:Initializing U
DEBUG:M-NMF:Initialization completed
DEBUG:M-NMF:
***************************************************
DEBUG:M-NMF:Train Fit at step {  0}: {0.00000 }
DEBUG:M-NMF:Train accuracy: {0.31414 } , Train Loss: {0.46715 }
DEBUG:M-NMF:Validation accuracy: {0.33684 } , Validation Loss: {0.49081 }
DEBUG:M-NMF:***************************************************

DEBUG:M-NMF:M-NMF ::: [  0] fit: 0.00000 | delta: 0.0e+00 | secs: 2.19340
DEBUG:M-NMF:***************************************************

DEBUG:M-NMF:Initializing U
DEBUG:M-NMF:Initialization completed
DEBUG:M-NMF:
***************************************************
DEBUG:M-NMF:Train Fit at step {  0}: {0.00000 }
DEBUG:M-NMF:Train accuracy: {0.32984 } , Train Loss: {0.47318 }
DEBUG:M-NMF:Validation accuracy: {0.22105 } , Validation Loss: {0.52717 }
DEBUG:M-NMF:***************************************************

DEBUG:M-NMF:M-NMF ::: [  0] fit: 0.00000 | delta: 0.0e+00 | secs: 2.74575
DEBUG:M-NMF:***************************************************

DEBUG:M-NMF:Initializing U
DEBUG:M-NMF:Initialization completed
DEBUG:M-NMF:
***************************************************
DEBUG:M-NMF:Train Fit at step {  0}: {0.00000 }
DEBUG:M-NMF:Train accuracy: {0.31675 } , Train Loss: {0.48975 }
DEBUG:M-NMF:Validation accuracy: {0.26316 } , Validation Loss: {0.55141 }
DEBUG:M-NMF:***************************************************

DEBUG:M-NMF:M-NMF ::: [  0] fit: 0.00000 | delta: 0.0e+00 | secs: 1.37274
DEBUG:M-NMF:***************************************************

DEBUG:M-NMF:Initializing U
DEBUG:M-NMF:Initialization completed
DEBUG:M-NMF:
***************************************************
DEBUG:M-NMF:Train Fit at step {  0}: {0.00000 }
DEBUG:M-NMF:Train accuracy: {0.37173 } , Train Loss: {0.45961 }
DEBUG:M-NMF:Validation accuracy: {0.30526 } , Validation Loss: {0.46052 }
DEBUG:M-NMF:***************************************************

DEBUG:M-NMF:M-NMF ::: [  0] fit: 0.00000 | delta: 0.0e+00 | secs: 1.15448
DEBUG:M-NMF:***************************************************

DEBUG:M-NMF:Initializing U
DEBUG:M-NMF:Initialization completed
DEBUG:M-NMF:
***************************************************
DEBUG:M-NMF:Train Fit at step {  0}: {0.00000 }
DEBUG:M-NMF:Train accuracy: {0.32461 } , Train Loss: {0.48222 }
DEBUG:M-NMF:Validation accuracy: {0.16842 } , Validation Loss: {0.61200 }
DEBUG:M-NMF:***************************************************

DEBUG:M-NMF:M-NMF ::: [  0] fit: 0.00000 | delta: 0.0e+00 | secs: 0.98402
DEBUG:M-NMF:***************************************************

DEBUG:M-NMF:Initializing U
DEBUG:M-NMF:Initialization completed
DEBUG:M-NMF:
***************************************************
DEBUG:M-NMF:Train Fit at step {  0}: {0.00000 }
DEBUG:M-NMF:Train accuracy: {0.33421 } , Train Loss: {0.47217 }
DEBUG:M-NMF:Validation accuracy: {0.33217 } , Validation Loss: {0.47300 }
DEBUG:M-NMF:***************************************************

DEBUG:M-NMF:M-NMF ::: [  0] fit: 0.00000 | delta: 0.0e+00 | secs: 2.16730
DEBUG:M-NMF:***************************************************

DEBUG:M-NMF:Initializing U
DEBUG:M-NMF:Initialization completed
DEBUG:M-NMF:
***************************************************
DEBUG:M-NMF:Train Fit at step {  0}: {0.00000 }
DEBUG:M-NMF:Train accuracy: {0.33246 } , Train Loss: {0.47920 }
DEBUG:M-NMF:Validation accuracy: {0.30070 } , Validation Loss: {0.50319 }
DEBUG:M-NMF:***************************************************

DEBUG:M-NMF:M-NMF ::: [  0] fit: 0.00000 | delta: 0.0e+00 | secs: 1.95913
DEBUG:M-NMF:***************************************************

DEBUG:M-NMF:Initializing U
DEBUG:M-NMF:Initialization completed
DEBUG:M-NMF:
***************************************************
DEBUG:M-NMF:Train Fit at step {  0}: {0.00000 }
DEBUG:M-NMF:Train accuracy: {0.31152 } , Train Loss: {0.48875 }
DEBUG:M-NMF:Validation accuracy: {0.36713 } , Validation Loss: {0.44482 }
DEBUG:M-NMF:***************************************************

DEBUG:M-NMF:M-NMF ::: [  0] fit: 0.00000 | delta: 0.0e+00 | secs: 2.02905
DEBUG:M-NMF:***************************************************

DEBUG:M-NMF:Initializing U
DEBUG:M-NMF:Initialization completed
DEBUG:M-NMF:
***************************************************
DEBUG:M-NMF:Train Fit at step {  0}: {0.00000 }
DEBUG:M-NMF:Train accuracy: {0.31239 } , Train Loss: {0.49176 }
DEBUG:M-NMF:Validation accuracy: {0.39510 } , Validation Loss: {0.41664 }
DEBUG:M-NMF:***************************************************

DEBUG:M-NMF:M-NMF ::: [  0] fit: 0.00000 | delta: 0.0e+00 | secs: 1.92420
DEBUG:M-NMF:***************************************************

DEBUG:M-NMF:Initializing U
DEBUG:M-NMF:Initialization completed
DEBUG:M-NMF:
***************************************************
DEBUG:M-NMF:Train Fit at step {  0}: {0.00000 }
DEBUG:M-NMF:Train accuracy: {0.31152 } , Train Loss: {0.47971 }
DEBUG:M-NMF:Validation accuracy: {0.29371 } , Validation Loss: {0.49514 }
DEBUG:M-NMF:***************************************************

DEBUG:M-NMF:M-NMF ::: [  0] fit: 0.00000 | delta: 0.0e+00 | secs: 3.68267
DEBUG:M-NMF:***************************************************

DEBUG:M-NMF:Initializing U
DEBUG:M-NMF:Initialization completed
DEBUG:M-NMF:
***************************************************
DEBUG:M-NMF:Train Fit at step {  0}: {0.00000 }
DEBUG:M-NMF:Train accuracy: {0.32147 } , Train Loss: {0.46986 }
DEBUG:M-NMF:Validation accuracy: {0.34172 } , Validation Loss: {0.45738 }
DEBUG:M-NMF:***************************************************

DEBUG:M-NMF:M-NMF ::: [  0] fit: 0.00000 | delta: 0.0e+00 | secs: 15.43442
DEBUG:M-NMF:***************************************************

DEBUG:M-NMF:Initializing U
DEBUG:M-NMF:Initialization completed
DEBUG:M-NMF:
***************************************************
DEBUG:M-NMF:Train Fit at step {  0}: {0.00000 }
DEBUG:M-NMF:Train accuracy: {0.33455 } , Train Loss: {0.46022 }
DEBUG:M-NMF:Validation accuracy: {0.29769 } , Validation Loss: {0.48393 }
DEBUG:M-NMF:***************************************************

DEBUG:M-NMF:M-NMF ::: [  0] fit: 0.00000 | delta: 0.0e+00 | secs: 15.76014
DEBUG:M-NMF:***************************************************

DEBUG:M-NMF:Initializing U
DEBUG:M-NMF:Initialization completed
DEBUG:M-NMF:
***************************************************
DEBUG:M-NMF:Train Fit at step {  0}: {0.00000 }
DEBUG:M-NMF:Train accuracy: {0.33613 } , Train Loss: {0.45871 }
DEBUG:M-NMF:Validation accuracy: {0.33124 } , Validation Loss: {0.46945 }
DEBUG:M-NMF:***************************************************

DEBUG:M-NMF:M-NMF ::: [  0] fit: 0.00000 | delta: 0.0e+00 | secs: 16.82752
DEBUG:M-NMF:***************************************************

DEBUG:M-NMF:Initializing U
DEBUG:M-NMF:Initialization completed
DEBUG:M-NMF:
***************************************************
DEBUG:M-NMF:Train Fit at step {  0}: {0.00000 }
DEBUG:M-NMF:Train accuracy: {0.33141 } , Train Loss: {0.46534 }
DEBUG:M-NMF:Validation accuracy: {0.30189 } , Validation Loss: {0.50324 }
DEBUG:M-NMF:***************************************************

DEBUG:M-NMF:M-NMF ::: [  0] fit: 0.00000 | delta: 0.0e+00 | secs: 18.27637
DEBUG:M-NMF:***************************************************

DEBUG:M-NMF:Initializing U
DEBUG:M-NMF:Initialization completed
DEBUG:M-NMF:
***************************************************
DEBUG:M-NMF:Train Fit at step {  0}: {0.00000 }
DEBUG:M-NMF:Train accuracy: {0.32461 } , Train Loss: {0.47408 }
DEBUG:M-NMF:Validation accuracy: {0.31447 } , Validation Loss: {0.47910 }
DEBUG:M-NMF:***************************************************

DEBUG:M-NMF:M-NMF ::: [  0] fit: 0.00000 | delta: 0.0e+00 | secs: 12.94366
DEBUG:M-NMF:***************************************************

DEBUG:M-NMF:Initializing U
DEBUG:M-NMF:Initialization completed
DEBUG:M-NMF:
***************************************************
DEBUG:M-NMF:Train Fit at step {  0}: {0.00000 }
DEBUG:M-NMF:Train accuracy: {0.32748 } , Train Loss: {0.46568 }
DEBUG:M-NMF:Validation accuracy: {0.31437 } , Validation Loss: {0.47138 }
DEBUG:M-NMF:***************************************************

DEBUG:M-NMF:M-NMF ::: [  0] fit: 0.00000 | delta: 0.0e+00 | secs: 16.94786
DEBUG:M-NMF:***************************************************

DEBUG:M-NMF:Initializing U
DEBUG:M-NMF:Initialization completed
DEBUG:M-NMF:
***************************************************
DEBUG:M-NMF:Train Fit at step {  0}: {0.00000 }
DEBUG:M-NMF:Train accuracy: {0.32636 } , Train Loss: {0.46030 }
DEBUG:M-NMF:Validation accuracy: {0.33982 } , Validation Loss: {0.44121 }
DEBUG:M-NMF:***************************************************

DEBUG:M-NMF:M-NMF ::: [  0] fit: 0.00000 | delta: 0.0e+00 | secs: 14.07915
DEBUG:M-NMF:***************************************************

DEBUG:M-NMF:Initializing U
DEBUG:M-NMF:Initialization completed
DEBUG:M-NMF:
***************************************************
DEBUG:M-NMF:Train Fit at step {  0}: {0.00000 }
DEBUG:M-NMF:Train accuracy: {0.32972 } , Train Loss: {0.46331 }
DEBUG:M-NMF:Validation accuracy: {0.34731 } , Validation Loss: {0.45069 }
DEBUG:M-NMF:***************************************************

DEBUG:M-NMF:M-NMF ::: [  0] fit: 0.00000 | delta: 0.0e+00 | secs: 11.57191
DEBUG:M-NMF:***************************************************

DEBUG:M-NMF:Initializing U
DEBUG:M-NMF:Initialization completed
DEBUG:M-NMF:
***************************************************
DEBUG:M-NMF:Train Fit at step {  0}: {0.00000 }
DEBUG:M-NMF:Train accuracy: {0.32822 } , Train Loss: {0.45772 }
DEBUG:M-NMF:Validation accuracy: {0.34431 } , Validation Loss: {0.44897 }
DEBUG:M-NMF:***************************************************

DEBUG:M-NMF:M-NMF ::: [  0] fit: 0.00000 | delta: 0.0e+00 | secs: 9.27603
DEBUG:M-NMF:***************************************************

DEBUG:M-NMF:Initializing U
DEBUG:M-NMF:Initialization completed
DEBUG:M-NMF:
***************************************************
DEBUG:M-NMF:Train Fit at step {  0}: {0.00000 }
DEBUG:M-NMF:Train accuracy: {0.33196 } , Train Loss: {0.45191 }
DEBUG:M-NMF:Validation accuracy: {0.32485 } , Validation Loss: {0.46965 }
DEBUG:M-NMF:***************************************************

DEBUG:M-NMF:M-NMF ::: [  0] fit: 0.00000 | delta: 0.0e+00 | secs: 4.50681
DEBUG:M-NMF:***************************************************

