DEBUG:L-NMF:Initializing U
DEBUG:L-NMF:Initialization completed
DEBUG:L-NMF:***************************************************

DEBUG:L-NMF:L-NMF  ::: [  0] fit: 947894637.73589 | delta: 9.5e+08 | secs: 1.10139
DEBUG:L-NMF:***************************************************

DEBUG:L-NMF:L-NMF  ::: [  1] fit: 733619133.29810 | delta: 2.3e-01 | secs: 0.91042
DEBUG:L-NMF:***************************************************

DEBUG:L-NMF:L-NMF  ::: [  2] fit: 630155869.78242 | delta: 1.4e-01 | secs: 0.98950
DEBUG:L-NMF:***************************************************

DEBUG:L-NMF:L-NMF  ::: [  3] fit: 744305110.38947 | delta: 1.8e-01 | secs: 0.85087
DEBUG:L-NMF:***************************************************

DEBUG:L-NMF:L-NMF  ::: [  4] fit: 786966183.04461 | delta: 5.7e-02 | secs: 0.82914
DEBUG:L-NMF:***************************************************

DEBUG:L-NMF:L-NMF  ::: [  5] fit: 681764368.64934 | delta: 1.3e-01 | secs: 0.97936
DEBUG:L-NMF:***************************************************

DEBUG:L-NMF:L-NMF  ::: [  6] fit: 520126791.39728 | delta: 2.4e-01 | secs: 0.86973
DEBUG:L-NMF:***************************************************

DEBUG:L-NMF:L-NMF  ::: [  7] fit: 374361936.08696 | delta: 2.8e-01 | secs: 0.96620
DEBUG:L-NMF:***************************************************

DEBUG:L-NMF:L-NMF  ::: [  8] fit: 266091784.60956 | delta: 2.9e-01 | secs: 0.84778
DEBUG:L-NMF:***************************************************

DEBUG:L-NMF:L-NMF  ::: [  9] fit: 191713464.91682 | delta: 2.8e-01 | secs: 0.89108
DEBUG:L-NMF:***************************************************

DEBUG:L-NMF:L-NMF  ::: [ 10] fit: 141724340.17418 | delta: 2.6e-01 | secs: 1.04476
DEBUG:L-NMF:***************************************************

DEBUG:L-NMF:L-NMF  ::: [ 11] fit: 107876801.98682 | delta: 2.4e-01 | secs: 0.94086
DEBUG:L-NMF:***************************************************

DEBUG:L-NMF:L-NMF  ::: [ 12] fit: 84453103.69483 | delta: 2.2e-01 | secs: 1.07296
DEBUG:L-NMF:***************************************************

DEBUG:L-NMF:L-NMF  ::: [ 13] fit: 67791195.94203 | delta: 2.0e-01 | secs: 0.99197
DEBUG:L-NMF:***************************************************

DEBUG:L-NMF:L-NMF  ::: [ 14] fit: 55599167.86881 | delta: 1.8e-01 | secs: 1.02599
DEBUG:L-NMF:Initializing U
DEBUG:L-NMF:Initialization completed
DEBUG:L-NMF:***************************************************

DEBUG:L-NMF:L-NMF  ::: [  0] fit: 947894637.48854 | delta: 9.5e+08 | secs: 1.02619
DEBUG:L-NMF:***************************************************

DEBUG:L-NMF:L-NMF  ::: [  1] fit: 733619133.61780 | delta: 2.3e-01 | secs: 1.00829
DEBUG:L-NMF:***************************************************

DEBUG:L-NMF:L-NMF  ::: [  2] fit: 630155870.57267 | delta: 1.4e-01 | secs: 0.86519
DEBUG:L-NMF:***************************************************

DEBUG:L-NMF:L-NMF  ::: [  3] fit: 744305110.90930 | delta: 1.8e-01 | secs: 1.04455
DEBUG:L-NMF:***************************************************

DEBUG:L-NMF:L-NMF  ::: [  4] fit: 786966184.15211 | delta: 5.7e-02 | secs: 1.07685
DEBUG:L-NMF:***************************************************

DEBUG:L-NMF:L-NMF  ::: [  5] fit: 681764368.11495 | delta: 1.3e-01 | secs: 0.86876
DEBUG:L-NMF:***************************************************

DEBUG:L-NMF:L-NMF  ::: [  6] fit: 520126791.14024 | delta: 2.4e-01 | secs: 0.95970
DEBUG:L-NMF:***************************************************

DEBUG:L-NMF:L-NMF  ::: [  7] fit: 374361936.11361 | delta: 2.8e-01 | secs: 0.87315
DEBUG:L-NMF:***************************************************

DEBUG:L-NMF:L-NMF  ::: [  8] fit: 266091784.41057 | delta: 2.9e-01 | secs: 0.93332
DEBUG:L-NMF:***************************************************

DEBUG:L-NMF:L-NMF  ::: [  9] fit: 191713464.38701 | delta: 2.8e-01 | secs: 0.96390
DEBUG:L-NMF:***************************************************

DEBUG:L-NMF:L-NMF  ::: [ 10] fit: 141724339.18224 | delta: 2.6e-01 | secs: 0.97604
DEBUG:L-NMF:***************************************************

DEBUG:L-NMF:L-NMF  ::: [ 11] fit: 107876800.75797 | delta: 2.4e-01 | secs: 0.96633
DEBUG:L-NMF:***************************************************

DEBUG:L-NMF:L-NMF  ::: [ 12] fit: 84453102.11924 | delta: 2.2e-01 | secs: 0.95145
DEBUG:L-NMF:***************************************************

DEBUG:L-NMF:L-NMF  ::: [ 13] fit: 67791194.27309 | delta: 2.0e-01 | secs: 0.98611
DEBUG:L-NMF:***************************************************

DEBUG:L-NMF:L-NMF  ::: [ 14] fit: 55599166.32617 | delta: 1.8e-01 | secs: 0.90815
DEBUG:L-NMF:Initializing U
DEBUG:L-NMF:Initialization completed
DEBUG:L-NMF:***************************************************

DEBUG:L-NMF:L-NMF  ::: [  0] fit: 947894637.96325 | delta: 9.5e+08 | secs: 1.06998
DEBUG:L-NMF:***************************************************

DEBUG:L-NMF:L-NMF  ::: [  1] fit: 733619133.01581 | delta: 2.3e-01 | secs: 0.93650
DEBUG:L-NMF:***************************************************

DEBUG:L-NMF:L-NMF  ::: [  2] fit: 630155869.28563 | delta: 1.4e-01 | secs: 1.00343
DEBUG:L-NMF:***************************************************

DEBUG:L-NMF:L-NMF  ::: [  3] fit: 744305110.95243 | delta: 1.8e-01 | secs: 0.87904
DEBUG:L-NMF:***************************************************

DEBUG:L-NMF:L-NMF  ::: [  4] fit: 786966186.27393 | delta: 5.7e-02 | secs: 1.01622
DEBUG:L-NMF:***************************************************

DEBUG:L-NMF:L-NMF  ::: [  5] fit: 681764371.71360 | delta: 1.3e-01 | secs: 0.88122
DEBUG:L-NMF:***************************************************

DEBUG:L-NMF:L-NMF  ::: [  6] fit: 520126796.96269 | delta: 2.4e-01 | secs: 0.87690
DEBUG:L-NMF:***************************************************

DEBUG:L-NMF:L-NMF  ::: [  7] fit: 374361941.91737 | delta: 2.8e-01 | secs: 1.01904
DEBUG:L-NMF:***************************************************

DEBUG:L-NMF:L-NMF  ::: [  8] fit: 266091790.39865 | delta: 2.9e-01 | secs: 0.90929
DEBUG:L-NMF:***************************************************

DEBUG:L-NMF:L-NMF  ::: [  9] fit: 191713469.67860 | delta: 2.8e-01 | secs: 0.98161
DEBUG:L-NMF:***************************************************

DEBUG:L-NMF:L-NMF  ::: [ 10] fit: 141724342.67962 | delta: 2.6e-01 | secs: 0.87768
DEBUG:L-NMF:***************************************************

DEBUG:L-NMF:L-NMF  ::: [ 11] fit: 107876802.50091 | delta: 2.4e-01 | secs: 0.87067
DEBUG:L-NMF:***************************************************

DEBUG:L-NMF:L-NMF  ::: [ 12] fit: 84453103.15693 | delta: 2.2e-01 | secs: 0.99302
DEBUG:L-NMF:***************************************************

DEBUG:L-NMF:L-NMF  ::: [ 13] fit: 67791195.35118 | delta: 2.0e-01 | secs: 0.85841
DEBUG:L-NMF:***************************************************

DEBUG:L-NMF:L-NMF  ::: [ 14] fit: 55599167.73434 | delta: 1.8e-01 | secs: 1.01582
DEBUG:L-NMF:Initializing U
DEBUG:L-NMF:Initialization completed
DEBUG:L-NMF:***************************************************

DEBUG:L-NMF:L-NMF  ::: [  0] fit: 947894638.32717 | delta: 9.5e+08 | secs: 1.01846
DEBUG:L-NMF:***************************************************

DEBUG:L-NMF:L-NMF  ::: [  1] fit: 733619133.43505 | delta: 2.3e-01 | secs: 1.06394
DEBUG:L-NMF:***************************************************

DEBUG:L-NMF:L-NMF  ::: [  2] fit: 630155870.29576 | delta: 1.4e-01 | secs: 0.87337
DEBUG:L-NMF:***************************************************

DEBUG:L-NMF:L-NMF  ::: [  3] fit: 744305111.27618 | delta: 1.8e-01 | secs: 0.62958
DEBUG:L-NMF:***************************************************

DEBUG:L-NMF:L-NMF  ::: [  4] fit: 786966183.40441 | delta: 5.7e-02 | secs: 0.92582
DEBUG:L-NMF:***************************************************

DEBUG:L-NMF:L-NMF  ::: [  5] fit: 681764370.38396 | delta: 1.3e-01 | secs: 0.81665
DEBUG:L-NMF:***************************************************

DEBUG:L-NMF:L-NMF  ::: [  6] fit: 520126795.82382 | delta: 2.4e-01 | secs: 0.90220
DEBUG:L-NMF:***************************************************

DEBUG:L-NMF:L-NMF  ::: [  7] fit: 374361940.33162 | delta: 2.8e-01 | secs: 0.86296
DEBUG:L-NMF:***************************************************

DEBUG:L-NMF:L-NMF  ::: [  8] fit: 266091788.71402 | delta: 2.9e-01 | secs: 0.86309
DEBUG:L-NMF:***************************************************

DEBUG:L-NMF:L-NMF  ::: [  9] fit: 191713468.44580 | delta: 2.8e-01 | secs: 0.93521
DEBUG:L-NMF:***************************************************

DEBUG:L-NMF:L-NMF  ::: [ 10] fit: 141724341.24034 | delta: 2.6e-01 | secs: 0.84963
DEBUG:L-NMF:***************************************************

DEBUG:L-NMF:L-NMF  ::: [ 11] fit: 107876800.44810 | delta: 2.4e-01 | secs: 0.91452
DEBUG:L-NMF:***************************************************

DEBUG:L-NMF:L-NMF  ::: [ 12] fit: 84453100.66604 | delta: 2.2e-01 | secs: 0.82738
DEBUG:L-NMF:***************************************************

DEBUG:L-NMF:L-NMF  ::: [ 13] fit: 67791192.80533 | delta: 2.0e-01 | secs: 0.86831
DEBUG:L-NMF:***************************************************

DEBUG:L-NMF:L-NMF  ::: [ 14] fit: 55599165.52520 | delta: 1.8e-01 | secs: 0.94341
DEBUG:L-NMF:Initializing U
DEBUG:L-NMF:Initialization completed
DEBUG:L-NMF:***************************************************

DEBUG:L-NMF:L-NMF  ::: [  0] fit: 947894638.30959 | delta: 9.5e+08 | secs: 0.89008
DEBUG:L-NMF:***************************************************

DEBUG:L-NMF:L-NMF  ::: [  1] fit: 733619133.69897 | delta: 2.3e-01 | secs: 0.83428
DEBUG:L-NMF:***************************************************

DEBUG:L-NMF:L-NMF  ::: [  2] fit: 630155870.63608 | delta: 1.4e-01 | secs: 0.87647
DEBUG:L-NMF:***************************************************

DEBUG:L-NMF:L-NMF  ::: [  3] fit: 744305111.97349 | delta: 1.8e-01 | secs: 0.85906
DEBUG:L-NMF:***************************************************

DEBUG:L-NMF:L-NMF  ::: [  4] fit: 786966188.75829 | delta: 5.7e-02 | secs: 0.87691
DEBUG:L-NMF:***************************************************

DEBUG:L-NMF:L-NMF  ::: [  5] fit: 681764375.89481 | delta: 1.3e-01 | secs: 0.84845
DEBUG:L-NMF:***************************************************

DEBUG:L-NMF:L-NMF  ::: [  6] fit: 520126799.17824 | delta: 2.4e-01 | secs: 1.23121
DEBUG:L-NMF:***************************************************

DEBUG:L-NMF:L-NMF  ::: [  7] fit: 374361943.58943 | delta: 2.8e-01 | secs: 1.22227
DEBUG:L-NMF:***************************************************

DEBUG:L-NMF:L-NMF  ::: [  8] fit: 266091791.14929 | delta: 2.9e-01 | secs: 1.32607
DEBUG:L-NMF:***************************************************

DEBUG:L-NMF:L-NMF  ::: [  9] fit: 191713469.81099 | delta: 2.8e-01 | secs: 1.02600
DEBUG:L-NMF:***************************************************

DEBUG:L-NMF:L-NMF  ::: [ 10] fit: 141724342.48860 | delta: 2.6e-01 | secs: 0.93894
DEBUG:L-NMF:***************************************************

DEBUG:L-NMF:L-NMF  ::: [ 11] fit: 107876802.34337 | delta: 2.4e-01 | secs: 0.89262
DEBUG:L-NMF:***************************************************

DEBUG:L-NMF:L-NMF  ::: [ 12] fit: 84453103.35768 | delta: 2.2e-01 | secs: 0.92704
DEBUG:L-NMF:***************************************************

DEBUG:L-NMF:L-NMF  ::: [ 13] fit: 67791196.00899 | delta: 2.0e-01 | secs: 0.85789
DEBUG:L-NMF:***************************************************

DEBUG:L-NMF:L-NMF  ::: [ 14] fit: 55599168.39345 | delta: 1.8e-01 | secs: 0.84995
DEBUG:L-NMF:Initializing U
DEBUG:L-NMF:Initialization completed
DEBUG:L-NMF:***************************************************

DEBUG:L-NMF:L-NMF  ::: [  0] fit: 947894641.69504 | delta: 9.5e+08 | secs: 1.46946
DEBUG:L-NMF:***************************************************

DEBUG:L-NMF:L-NMF  ::: [  1] fit: 733619153.26754 | delta: 2.3e-01 | secs: 1.53393
DEBUG:L-NMF:***************************************************

DEBUG:L-NMF:L-NMF  ::: [  2] fit: 630155921.18018 | delta: 1.4e-01 | secs: 1.10008
DEBUG:L-NMF:***************************************************

DEBUG:L-NMF:L-NMF  ::: [  3] fit: 744305206.70085 | delta: 1.8e-01 | secs: 1.16135
DEBUG:L-NMF:***************************************************

DEBUG:L-NMF:L-NMF  ::: [  4] fit: 786966292.53964 | delta: 5.7e-02 | secs: 1.18410
DEBUG:L-NMF:***************************************************

DEBUG:L-NMF:L-NMF  ::: [  5] fit: 681764459.13496 | delta: 1.3e-01 | secs: 1.21005
DEBUG:L-NMF:***************************************************

DEBUG:L-NMF:L-NMF  ::: [  6] fit: 520126867.90341 | delta: 2.4e-01 | secs: 1.37184
DEBUG:L-NMF:***************************************************

DEBUG:L-NMF:L-NMF  ::: [  7] fit: 374362004.90957 | delta: 2.8e-01 | secs: 1.60030
DEBUG:L-NMF:***************************************************

DEBUG:L-NMF:L-NMF  ::: [  8] fit: 266091850.57317 | delta: 2.9e-01 | secs: 1.53185
DEBUG:L-NMF:***************************************************

DEBUG:L-NMF:L-NMF  ::: [  9] fit: 191713529.79647 | delta: 2.8e-01 | secs: 0.99430
DEBUG:L-NMF:***************************************************

DEBUG:L-NMF:L-NMF  ::: [ 10] fit: 141724403.36904 | delta: 2.6e-01 | secs: 1.59227
DEBUG:L-NMF:***************************************************

DEBUG:L-NMF:L-NMF  ::: [ 11] fit: 107876864.30700 | delta: 2.4e-01 | secs: 1.43063
DEBUG:L-NMF:***************************************************

DEBUG:L-NMF:L-NMF  ::: [ 12] fit: 84453166.62188 | delta: 2.2e-01 | secs: 1.20991
DEBUG:L-NMF:***************************************************

DEBUG:L-NMF:L-NMF  ::: [ 13] fit: 67791260.60578 | delta: 2.0e-01 | secs: 1.12047
DEBUG:L-NMF:***************************************************

DEBUG:L-NMF:L-NMF  ::: [ 14] fit: 55599234.45989 | delta: 1.8e-01 | secs: 0.85793
DEBUG:L-NMF:Initializing U
DEBUG:L-NMF:Initialization completed
DEBUG:L-NMF:***************************************************

DEBUG:L-NMF:L-NMF  ::: [  0] fit: 947894642.30595 | delta: 9.5e+08 | secs: 1.31764
DEBUG:L-NMF:***************************************************

DEBUG:L-NMF:L-NMF  ::: [  1] fit: 733619153.85875 | delta: 2.3e-01 | secs: 1.11467
DEBUG:L-NMF:***************************************************

DEBUG:L-NMF:L-NMF  ::: [  2] fit: 630155922.49646 | delta: 1.4e-01 | secs: 1.01838
DEBUG:L-NMF:***************************************************

DEBUG:L-NMF:L-NMF  ::: [  3] fit: 744305207.23333 | delta: 1.8e-01 | secs: 1.05611
DEBUG:L-NMF:***************************************************

DEBUG:L-NMF:L-NMF  ::: [  4] fit: 786966290.18551 | delta: 5.7e-02 | secs: 1.00150
DEBUG:L-NMF:***************************************************

DEBUG:L-NMF:L-NMF  ::: [  5] fit: 681764458.74699 | delta: 1.3e-01 | secs: 1.02365
DEBUG:L-NMF:***************************************************

DEBUG:L-NMF:L-NMF  ::: [  6] fit: 520126869.65403 | delta: 2.4e-01 | secs: 1.05718
DEBUG:L-NMF:***************************************************

DEBUG:L-NMF:L-NMF  ::: [  7] fit: 374362006.61615 | delta: 2.8e-01 | secs: 1.28063
DEBUG:L-NMF:***************************************************

DEBUG:L-NMF:L-NMF  ::: [  8] fit: 266091852.54810 | delta: 2.9e-01 | secs: 1.12115
DEBUG:L-NMF:***************************************************

DEBUG:L-NMF:L-NMF  ::: [  9] fit: 191713532.29987 | delta: 2.8e-01 | secs: 1.32577
DEBUG:L-NMF:***************************************************

DEBUG:L-NMF:L-NMF  ::: [ 10] fit: 141724405.86782 | delta: 2.6e-01 | secs: 1.03279
DEBUG:L-NMF:***************************************************

DEBUG:L-NMF:L-NMF  ::: [ 11] fit: 107876865.96962 | delta: 2.4e-01 | secs: 1.12727
DEBUG:L-NMF:***************************************************

DEBUG:L-NMF:L-NMF  ::: [ 12] fit: 84453167.02428 | delta: 2.2e-01 | secs: 1.06343
DEBUG:L-NMF:***************************************************

DEBUG:L-NMF:L-NMF  ::: [ 13] fit: 67791260.53949 | delta: 2.0e-01 | secs: 1.17087
DEBUG:L-NMF:***************************************************

DEBUG:L-NMF:L-NMF  ::: [ 14] fit: 55599234.79851 | delta: 1.8e-01 | secs: 1.07053
DEBUG:L-NMF:Initializing U
DEBUG:L-NMF:Initialization completed
DEBUG:L-NMF:***************************************************

DEBUG:L-NMF:L-NMF  ::: [  0] fit: 947894641.94414 | delta: 9.5e+08 | secs: 1.66444
DEBUG:L-NMF:***************************************************

DEBUG:L-NMF:L-NMF  ::: [  1] fit: 733619152.70451 | delta: 2.3e-01 | secs: 1.04833
DEBUG:L-NMF:***************************************************

DEBUG:L-NMF:L-NMF  ::: [  2] fit: 630155920.48164 | delta: 1.4e-01 | secs: 1.12209
DEBUG:L-NMF:***************************************************

DEBUG:L-NMF:L-NMF  ::: [  3] fit: 744305208.47632 | delta: 1.8e-01 | secs: 0.99343
DEBUG:L-NMF:***************************************************

DEBUG:L-NMF:L-NMF  ::: [  4] fit: 786966289.61217 | delta: 5.7e-02 | secs: 1.16438
DEBUG:L-NMF:***************************************************

DEBUG:L-NMF:L-NMF  ::: [  5] fit: 681764456.84735 | delta: 1.3e-01 | secs: 1.00194
DEBUG:L-NMF:***************************************************

DEBUG:L-NMF:L-NMF  ::: [  6] fit: 520126866.13457 | delta: 2.4e-01 | secs: 1.06541
DEBUG:L-NMF:***************************************************

DEBUG:L-NMF:L-NMF  ::: [  7] fit: 374362002.89315 | delta: 2.8e-01 | secs: 1.07915
DEBUG:L-NMF:***************************************************

DEBUG:L-NMF:L-NMF  ::: [  8] fit: 266091847.30569 | delta: 2.9e-01 | secs: 1.13180
DEBUG:L-NMF:***************************************************

DEBUG:L-NMF:L-NMF  ::: [  9] fit: 191713525.70956 | delta: 2.8e-01 | secs: 1.20256
DEBUG:L-NMF:***************************************************

DEBUG:L-NMF:L-NMF  ::: [ 10] fit: 141724399.56885 | delta: 2.6e-01 | secs: 1.44609
DEBUG:L-NMF:***************************************************

DEBUG:L-NMF:L-NMF  ::: [ 11] fit: 107876861.16724 | delta: 2.4e-01 | secs: 1.64985
DEBUG:L-NMF:***************************************************

DEBUG:L-NMF:L-NMF  ::: [ 12] fit: 84453163.73517 | delta: 2.2e-01 | secs: 1.41760
DEBUG:L-NMF:***************************************************

DEBUG:L-NMF:L-NMF  ::: [ 13] fit: 67791258.01980 | delta: 2.0e-01 | secs: 1.10471
DEBUG:L-NMF:***************************************************

DEBUG:L-NMF:L-NMF  ::: [ 14] fit: 55599232.40396 | delta: 1.8e-01 | secs: 1.02368
DEBUG:L-NMF:Initializing U
DEBUG:L-NMF:Initialization completed
DEBUG:L-NMF:***************************************************

DEBUG:L-NMF:L-NMF  ::: [  0] fit: 947894642.36986 | delta: 9.5e+08 | secs: 1.39419
DEBUG:L-NMF:***************************************************

DEBUG:L-NMF:L-NMF  ::: [  1] fit: 733619155.11505 | delta: 2.3e-01 | secs: 1.11835
DEBUG:L-NMF:***************************************************

DEBUG:L-NMF:L-NMF  ::: [  2] fit: 630155924.19458 | delta: 1.4e-01 | secs: 1.09968
DEBUG:L-NMF:***************************************************

DEBUG:L-NMF:L-NMF  ::: [  3] fit: 744305209.41590 | delta: 1.8e-01 | secs: 1.07660
DEBUG:L-NMF:***************************************************

DEBUG:L-NMF:L-NMF  ::: [  4] fit: 786966285.56508 | delta: 5.7e-02 | secs: 1.21205
DEBUG:L-NMF:***************************************************

DEBUG:L-NMF:L-NMF  ::: [  5] fit: 681764454.38991 | delta: 1.3e-01 | secs: 1.07192
DEBUG:L-NMF:***************************************************

DEBUG:L-NMF:L-NMF  ::: [  6] fit: 520126864.48820 | delta: 2.4e-01 | secs: 1.08269
DEBUG:L-NMF:***************************************************

DEBUG:L-NMF:L-NMF  ::: [  7] fit: 374362001.56547 | delta: 2.8e-01 | secs: 1.09491
DEBUG:L-NMF:***************************************************

DEBUG:L-NMF:L-NMF  ::: [  8] fit: 266091846.70205 | delta: 2.9e-01 | secs: 1.12315
DEBUG:L-NMF:***************************************************

DEBUG:L-NMF:L-NMF  ::: [  9] fit: 191713524.26490 | delta: 2.8e-01 | secs: 1.07932
DEBUG:L-NMF:***************************************************

DEBUG:L-NMF:L-NMF  ::: [ 10] fit: 141724396.62430 | delta: 2.6e-01 | secs: 1.46681
DEBUG:L-NMF:***************************************************

DEBUG:L-NMF:L-NMF  ::: [ 11] fit: 107876856.74346 | delta: 2.4e-01 | secs: 1.36118
DEBUG:L-NMF:***************************************************

DEBUG:L-NMF:L-NMF  ::: [ 12] fit: 84453158.81243 | delta: 2.2e-01 | secs: 1.49777
DEBUG:L-NMF:***************************************************

DEBUG:L-NMF:L-NMF  ::: [ 13] fit: 67791253.47384 | delta: 2.0e-01 | secs: 1.08079
DEBUG:L-NMF:***************************************************

DEBUG:L-NMF:L-NMF  ::: [ 14] fit: 55599227.98651 | delta: 1.8e-01 | secs: 0.99617
DEBUG:L-NMF:Initializing U
DEBUG:L-NMF:Initialization completed
DEBUG:L-NMF:***************************************************

DEBUG:L-NMF:L-NMF  ::: [  0] fit: 947894642.68967 | delta: 9.5e+08 | secs: 1.54500
DEBUG:L-NMF:***************************************************

DEBUG:L-NMF:L-NMF  ::: [  1] fit: 733619154.49189 | delta: 2.3e-01 | secs: 1.52541
DEBUG:L-NMF:***************************************************

DEBUG:L-NMF:L-NMF  ::: [  2] fit: 630155922.74327 | delta: 1.4e-01 | secs: 1.15694
DEBUG:L-NMF:***************************************************

DEBUG:L-NMF:L-NMF  ::: [  3] fit: 744305206.63282 | delta: 1.8e-01 | secs: 1.21217
DEBUG:L-NMF:***************************************************

DEBUG:L-NMF:L-NMF  ::: [  4] fit: 786966288.14144 | delta: 5.7e-02 | secs: 1.05951
DEBUG:L-NMF:***************************************************

DEBUG:L-NMF:L-NMF  ::: [  5] fit: 681764456.65333 | delta: 1.3e-01 | secs: 1.14797
DEBUG:L-NMF:***************************************************

DEBUG:L-NMF:L-NMF  ::: [  6] fit: 520126866.03046 | delta: 2.4e-01 | secs: 1.19128
DEBUG:L-NMF:***************************************************

DEBUG:L-NMF:L-NMF  ::: [  7] fit: 374362002.69107 | delta: 2.8e-01 | secs: 1.58155
DEBUG:L-NMF:***************************************************

DEBUG:L-NMF:L-NMF  ::: [  8] fit: 266091847.98151 | delta: 2.9e-01 | secs: 1.46780
DEBUG:L-NMF:***************************************************

DEBUG:L-NMF:L-NMF  ::: [  9] fit: 191713526.57484 | delta: 2.8e-01 | secs: 1.06365
DEBUG:L-NMF:***************************************************

DEBUG:L-NMF:L-NMF  ::: [ 10] fit: 141724399.80874 | delta: 2.6e-01 | secs: 1.36088
DEBUG:L-NMF:***************************************************

DEBUG:L-NMF:L-NMF  ::: [ 11] fit: 107876860.65438 | delta: 2.4e-01 | secs: 1.10438
DEBUG:L-NMF:***************************************************

DEBUG:L-NMF:L-NMF  ::: [ 12] fit: 84453162.76310 | delta: 2.2e-01 | secs: 1.24775
DEBUG:L-NMF:***************************************************

DEBUG:L-NMF:L-NMF  ::: [ 13] fit: 67791256.76786 | delta: 2.0e-01 | secs: 1.05590
DEBUG:L-NMF:***************************************************

DEBUG:L-NMF:L-NMF  ::: [ 14] fit: 55599231.51539 | delta: 1.8e-01 | secs: 1.14144
DEBUG:L-NMF:Initializing U
DEBUG:L-NMF:Initialization completed
DEBUG:L-NMF:***************************************************

DEBUG:L-NMF:L-NMF  ::: [  0] fit: 947894649.38201 | delta: 9.5e+08 | secs: 2.11664
DEBUG:L-NMF:***************************************************

DEBUG:L-NMF:L-NMF  ::: [  1] fit: 733619175.80664 | delta: 2.3e-01 | secs: 1.66829
DEBUG:L-NMF:***************************************************

DEBUG:L-NMF:L-NMF  ::: [  2] fit: 630155972.54709 | delta: 1.4e-01 | secs: 1.19017
DEBUG:L-NMF:***************************************************

DEBUG:L-NMF:L-NMF  ::: [  3] fit: 744305280.35591 | delta: 1.8e-01 | secs: 1.34814
DEBUG:L-NMF:***************************************************

DEBUG:L-NMF:L-NMF  ::: [  4] fit: 786966347.20970 | delta: 5.7e-02 | secs: 1.25471
DEBUG:L-NMF:***************************************************

DEBUG:L-NMF:L-NMF  ::: [  5] fit: 681764505.77340 | delta: 1.3e-01 | secs: 1.37711
DEBUG:L-NMF:***************************************************

DEBUG:L-NMF:L-NMF  ::: [  6] fit: 520126918.48414 | delta: 2.4e-01 | secs: 1.40144
DEBUG:L-NMF:***************************************************

DEBUG:L-NMF:L-NMF  ::: [  7] fit: 374362055.14634 | delta: 2.8e-01 | secs: 1.26178
DEBUG:L-NMF:***************************************************

DEBUG:L-NMF:L-NMF  ::: [  8] fit: 266091896.65949 | delta: 2.9e-01 | secs: 1.26835
DEBUG:L-NMF:***************************************************

DEBUG:L-NMF:L-NMF  ::: [  9] fit: 191713570.21043 | delta: 2.8e-01 | secs: 1.11644
DEBUG:L-NMF:***************************************************

DEBUG:L-NMF:L-NMF  ::: [ 10] fit: 141724439.98403 | delta: 2.6e-01 | secs: 1.48038
DEBUG:L-NMF:***************************************************

DEBUG:L-NMF:L-NMF  ::: [ 11] fit: 107876898.32945 | delta: 2.4e-01 | secs: 1.24279
DEBUG:L-NMF:***************************************************

DEBUG:L-NMF:L-NMF  ::: [ 12] fit: 84453198.26392 | delta: 2.2e-01 | secs: 1.36782
DEBUG:L-NMF:***************************************************

DEBUG:L-NMF:L-NMF  ::: [ 13] fit: 67791290.77562 | delta: 2.0e-01 | secs: 1.45437
DEBUG:L-NMF:***************************************************

DEBUG:L-NMF:L-NMF  ::: [ 14] fit: 55599263.99240 | delta: 1.8e-01 | secs: 1.95307
DEBUG:L-NMF:Initializing U
DEBUG:L-NMF:Initialization completed
DEBUG:L-NMF:***************************************************

DEBUG:L-NMF:L-NMF  ::: [  0] fit: 947894649.35223 | delta: 9.5e+08 | secs: 2.06748
DEBUG:L-NMF:***************************************************

DEBUG:L-NMF:L-NMF  ::: [  1] fit: 733619177.23898 | delta: 2.3e-01 | secs: 2.21187
DEBUG:L-NMF:***************************************************

DEBUG:L-NMF:L-NMF  ::: [  2] fit: 630155971.02607 | delta: 1.4e-01 | secs: 1.90534
DEBUG:L-NMF:***************************************************

DEBUG:L-NMF:L-NMF  ::: [  3] fit: 744305278.18985 | delta: 1.8e-01 | secs: 1.76353
DEBUG:L-NMF:***************************************************

DEBUG:L-NMF:L-NMF  ::: [  4] fit: 786966348.87885 | delta: 5.7e-02 | secs: 1.83029
DEBUG:L-NMF:***************************************************

DEBUG:L-NMF:L-NMF  ::: [  5] fit: 681764515.22057 | delta: 1.3e-01 | secs: 1.43780
DEBUG:L-NMF:***************************************************

DEBUG:L-NMF:L-NMF  ::: [  6] fit: 520126928.13150 | delta: 2.4e-01 | secs: 1.97639
DEBUG:L-NMF:***************************************************

DEBUG:L-NMF:L-NMF  ::: [  7] fit: 374362065.57289 | delta: 2.8e-01 | secs: 1.82740
DEBUG:L-NMF:***************************************************

DEBUG:L-NMF:L-NMF  ::: [  8] fit: 266091908.54925 | delta: 2.9e-01 | secs: 1.47348
DEBUG:L-NMF:***************************************************

DEBUG:L-NMF:L-NMF  ::: [  9] fit: 191713582.75060 | delta: 2.8e-01 | secs: 1.03725
DEBUG:L-NMF:***************************************************

DEBUG:L-NMF:L-NMF  ::: [ 10] fit: 141724452.23908 | delta: 2.6e-01 | secs: 1.24653
DEBUG:L-NMF:***************************************************

DEBUG:L-NMF:L-NMF  ::: [ 11] fit: 107876910.49395 | delta: 2.4e-01 | secs: 1.33672
DEBUG:L-NMF:***************************************************

DEBUG:L-NMF:L-NMF  ::: [ 12] fit: 84453210.81141 | delta: 2.2e-01 | secs: 1.12937
DEBUG:L-NMF:***************************************************

DEBUG:L-NMF:L-NMF  ::: [ 13] fit: 67791303.48754 | delta: 2.0e-01 | secs: 1.45547
DEBUG:L-NMF:***************************************************

DEBUG:L-NMF:L-NMF  ::: [ 14] fit: 55599276.65031 | delta: 1.8e-01 | secs: 1.62449
DEBUG:L-NMF:Initializing U
DEBUG:L-NMF:Initialization completed
DEBUG:L-NMF:***************************************************

DEBUG:L-NMF:L-NMF  ::: [  0] fit: 947894649.83172 | delta: 9.5e+08 | secs: 1.54149
DEBUG:L-NMF:***************************************************

DEBUG:L-NMF:L-NMF  ::: [  1] fit: 733619175.79407 | delta: 2.3e-01 | secs: 1.40576
DEBUG:L-NMF:***************************************************

DEBUG:L-NMF:L-NMF  ::: [  2] fit: 630155970.76753 | delta: 1.4e-01 | secs: 1.21326
DEBUG:L-NMF:***************************************************

DEBUG:L-NMF:L-NMF  ::: [  3] fit: 744305280.59060 | delta: 1.8e-01 | secs: 1.06371
DEBUG:L-NMF:***************************************************

DEBUG:L-NMF:L-NMF  ::: [  4] fit: 786966353.87758 | delta: 5.7e-02 | secs: 1.13894
DEBUG:L-NMF:***************************************************

DEBUG:L-NMF:L-NMF  ::: [  5] fit: 681764515.77723 | delta: 1.3e-01 | secs: 1.11641
DEBUG:L-NMF:***************************************************

DEBUG:L-NMF:L-NMF  ::: [  6] fit: 520126923.43460 | delta: 2.4e-01 | secs: 1.44414
DEBUG:L-NMF:***************************************************

DEBUG:L-NMF:L-NMF  ::: [  7] fit: 374362057.81724 | delta: 2.8e-01 | secs: 1.33386
DEBUG:L-NMF:***************************************************

DEBUG:L-NMF:L-NMF  ::: [  8] fit: 266091899.84105 | delta: 2.9e-01 | secs: 1.49274
DEBUG:L-NMF:***************************************************

DEBUG:L-NMF:L-NMF  ::: [  9] fit: 191713573.96701 | delta: 2.8e-01 | secs: 1.63654
DEBUG:L-NMF:***************************************************

DEBUG:L-NMF:L-NMF  ::: [ 10] fit: 141724443.50911 | delta: 2.6e-01 | secs: 1.48721
DEBUG:L-NMF:***************************************************

DEBUG:L-NMF:L-NMF  ::: [ 11] fit: 107876901.65524 | delta: 2.4e-01 | secs: 1.33148
DEBUG:L-NMF:***************************************************

DEBUG:L-NMF:L-NMF  ::: [ 12] fit: 84453202.04865 | delta: 2.2e-01 | secs: 1.17026
DEBUG:L-NMF:***************************************************

DEBUG:L-NMF:L-NMF  ::: [ 13] fit: 67791295.40646 | delta: 2.0e-01 | secs: 1.17567
DEBUG:L-NMF:***************************************************

DEBUG:L-NMF:L-NMF  ::: [ 14] fit: 55599269.80044 | delta: 1.8e-01 | secs: 1.33625
DEBUG:L-NMF:Initializing U
DEBUG:L-NMF:Initialization completed
DEBUG:L-NMF:***************************************************

DEBUG:L-NMF:L-NMF  ::: [  0] fit: 947894650.49103 | delta: 9.5e+08 | secs: 1.73319
DEBUG:L-NMF:***************************************************

DEBUG:L-NMF:L-NMF  ::: [  1] fit: 733619175.64065 | delta: 2.3e-01 | secs: 1.73086
DEBUG:L-NMF:***************************************************

DEBUG:L-NMF:L-NMF  ::: [  2] fit: 630155970.54664 | delta: 1.4e-01 | secs: 1.25561
DEBUG:L-NMF:***************************************************

DEBUG:L-NMF:L-NMF  ::: [  3] fit: 744305278.64620 | delta: 1.8e-01 | secs: 1.11693
DEBUG:L-NMF:***************************************************

DEBUG:L-NMF:L-NMF  ::: [  4] fit: 786966345.73027 | delta: 5.7e-02 | secs: 1.15542
DEBUG:L-NMF:***************************************************

DEBUG:L-NMF:L-NMF  ::: [  5] fit: 681764510.07031 | delta: 1.3e-01 | secs: 1.00753
DEBUG:L-NMF:***************************************************

DEBUG:L-NMF:L-NMF  ::: [  6] fit: 520126921.04309 | delta: 2.4e-01 | secs: 1.06140
DEBUG:L-NMF:***************************************************

DEBUG:L-NMF:L-NMF  ::: [  7] fit: 374362055.32659 | delta: 2.8e-01 | secs: 1.00866
DEBUG:L-NMF:***************************************************

DEBUG:L-NMF:L-NMF  ::: [  8] fit: 266091895.37732 | delta: 2.9e-01 | secs: 1.05484
DEBUG:L-NMF:***************************************************

DEBUG:L-NMF:L-NMF  ::: [  9] fit: 191713568.51909 | delta: 2.8e-01 | secs: 1.06106
DEBUG:L-NMF:***************************************************

DEBUG:L-NMF:L-NMF  ::: [ 10] fit: 141724438.13684 | delta: 2.6e-01 | secs: 1.15716
DEBUG:L-NMF:***************************************************

DEBUG:L-NMF:L-NMF  ::: [ 11] fit: 107876896.34533 | delta: 2.4e-01 | secs: 1.11325
DEBUG:L-NMF:***************************************************

DEBUG:L-NMF:L-NMF  ::: [ 12] fit: 84453196.00409 | delta: 2.2e-01 | secs: 1.70889
DEBUG:L-NMF:***************************************************

DEBUG:L-NMF:L-NMF  ::: [ 13] fit: 67791287.89102 | delta: 2.0e-01 | secs: 0.86558
DEBUG:L-NMF:***************************************************

DEBUG:L-NMF:L-NMF  ::: [ 14] fit: 55599261.20460 | delta: 1.8e-01 | secs: 1.41305
DEBUG:L-NMF:Initializing U
DEBUG:L-NMF:Initialization completed
DEBUG:L-NMF:***************************************************

DEBUG:L-NMF:L-NMF  ::: [  0] fit: 947894650.97805 | delta: 9.5e+08 | secs: 1.81524
DEBUG:L-NMF:***************************************************

DEBUG:L-NMF:L-NMF  ::: [  1] fit: 733619177.42259 | delta: 2.3e-01 | secs: 1.96400
DEBUG:L-NMF:***************************************************

DEBUG:L-NMF:L-NMF  ::: [  2] fit: 630155972.75020 | delta: 1.4e-01 | secs: 1.69946
DEBUG:L-NMF:***************************************************

DEBUG:L-NMF:L-NMF  ::: [  3] fit: 744305282.66338 | delta: 1.8e-01 | secs: 1.25711
