DEBUG:MNF:Initializing U
DEBUG:MNF:Initialization completed
DEBUG:MNF:MNF  ::: [  0] fit: 967252892.71375 | delta: 9.7e+08 | secs: 0.31689
DEBUG:MNF:MNF  ::: [  1] fit: 771200392.27624 | delta: 2.0e+08 | secs: 0.29565
DEBUG:MNF:MNF  ::: [  2] fit: 587460787.49895 | delta: 1.8e+08 | secs: 0.29974
DEBUG:MNF:MNF  ::: [  3] fit: 633347683.90255 | delta: 4.6e+07 | secs: 0.31365
DEBUG:MNF:MNF  ::: [  4] fit: 688015087.71182 | delta: 5.5e+07 | secs: 0.30412
DEBUG:MNF:MNF  ::: [  5] fit: 624939501.91837 | delta: 6.3e+07 | secs: 0.30018
DEBUG:MNF:MNF  ::: [  6] fit: 496751975.10577 | delta: 1.3e+08 | secs: 0.30921
DEBUG:MNF:MNF  ::: [  7] fit: 368898620.77620 | delta: 1.3e+08 | secs: 0.29804
DEBUG:MNF:MNF  ::: [  8] fit: 267980271.51145 | delta: 1.0e+08 | secs: 0.31417
DEBUG:MNF:MNF  ::: [  9] fit: 195694745.74865 | delta: 7.2e+07 | secs: 0.29835
DEBUG:MNF:MNF  ::: [ 10] fit: 145666039.75654 | delta: 5.0e+07 | secs: 0.32032
DEBUG:MNF:MNF  ::: [ 11] fit: 111107080.89844 | delta: 3.5e+07 | secs: 0.29753
DEBUG:MNF:MNF  ::: [ 12] fit: 86882549.89812 | delta: 2.4e+07 | secs: 0.29730
DEBUG:MNF:MNF  ::: [ 13] fit: 69522816.70867 | delta: 1.7e+07 | secs: 0.31275
DEBUG:MNF:MNF  ::: [ 14] fit: 56775078.86497 | delta: 1.3e+07 | secs: 0.29664
DEBUG:MNF:MNF  ::: [ 15] fit: 47186755.05865 | delta: 9.6e+06 | secs: 0.30382
DEBUG:MNF:MNF  ::: [ 16] fit: 39812626.72376 | delta: 7.4e+06 | secs: 0.29987
DEBUG:MNF:MNF  ::: [ 17] fit: 34026951.68533 | delta: 5.8e+06 | secs: 0.31362
DEBUG:MNF:MNF  ::: [ 18] fit: 29406676.78105 | delta: 4.6e+06 | secs: 0.29679
DEBUG:MNF:MNF  ::: [ 19] fit: 25659299.85864 | delta: 3.7e+06 | secs: 0.31821
DEBUG:MNF:MNF  ::: [ 20] fit: 22578016.04388 | delta: 3.1e+06 | secs: 0.30161
DEBUG:MNF:MNF  ::: [ 21] fit: 20013491.88298 | delta: 2.6e+06 | secs: 0.30779
DEBUG:MNF:MNF  ::: [ 22] fit: 17855875.77325 | delta: 2.2e+06 | secs: 0.29997
DEBUG:MNF:MNF  ::: [ 23] fit: 16023124.46037 | delta: 1.8e+06 | secs: 0.32865
DEBUG:MNF:MNF  ::: [ 24] fit: 14453169.96597 | delta: 1.6e+06 | secs: 0.31069
DEBUG:MNF:MNF  ::: [ 25] fit: 13098425.78440 | delta: 1.4e+06 | secs: 0.31117
DEBUG:MNF:MNF  ::: [ 26] fit: 11921829.23762 | delta: 1.2e+06 | secs: 0.30851
DEBUG:MNF:MNF  ::: [ 27] fit: 10894014.73501 | delta: 1.0e+06 | secs: 0.30639
DEBUG:MNF:MNF  ::: [ 28] fit: 9991349.15344 | delta: 9.0e+05 | secs: 0.29888
DEBUG:MNF:MNF  ::: [ 29] fit: 9194590.17062 | delta: 8.0e+05 | secs: 0.29909
DEBUG:MNF:MNF  ::: [ 30] fit: 8487960.63330 | delta: 7.1e+05 | secs: 0.30741
DEBUG:MNF:MNF  ::: [ 31] fit: 7858475.66310 | delta: 6.3e+05 | secs: 0.29762
DEBUG:MNF:MNF  ::: [ 32] fit: 7295408.24421 | delta: 5.6e+05 | secs: 0.31595
DEBUG:MNF:MNF  ::: [ 33] fit: 6789839.28065 | delta: 5.1e+05 | secs: 0.30356
DEBUG:MNF:MNF  ::: [ 34] fit: 6334287.25420 | delta: 4.6e+05 | secs: 0.30134
DEBUG:MNF:MNF  ::: [ 35] fit: 5922424.23263 | delta: 4.1e+05 | secs: 0.30237
DEBUG:MNF:MNF  ::: [ 36] fit: 5548869.81283 | delta: 3.7e+05 | secs: 0.32708
DEBUG:MNF:MNF  ::: [ 37] fit: 5209041.03444 | delta: 3.4e+05 | secs: 0.30166
DEBUG:MNF:MNF  ::: [ 38] fit: 4899035.64237 | delta: 3.1e+05 | secs: 0.30366
DEBUG:MNF:MNF  ::: [ 39] fit: 4615531.88717 | delta: 2.8e+05 | secs: 0.34541
DEBUG:MNF:MNF  ::: [ 40] fit: 4355694.17225 | delta: 2.6e+05 | secs: 0.32281
DEBUG:MNF:MNF  ::: [ 41] fit: 4117080.50846 | delta: 2.4e+05 | secs: 0.45019
DEBUG:MNF:MNF  ::: [ 42] fit: 3897556.30898 | delta: 2.2e+05 | secs: 0.50590
DEBUG:MNF:MNF  ::: [ 43] fit: 3695225.97367 | delta: 2.0e+05 | secs: 0.30900
DEBUG:MNF:MNF  ::: [ 44] fit: 3508391.41611 | delta: 1.9e+05 | secs: 0.30486
DEBUG:MNF:MNF  ::: [ 45] fit: 3335534.96756 | delta: 1.7e+05 | secs: 0.30159
DEBUG:MNF:MNF  ::: [ 46] fit: 3175313.21947 | delta: 1.6e+05 | secs: 0.30590
DEBUG:MNF:MNF  ::: [ 47] fit: 3026547.43169 | delta: 1.5e+05 | secs: 0.30228
DEBUG:MNF:MNF  ::: [ 48] fit: 2888204.17152 | delta: 1.4e+05 | secs: 0.32473
DEBUG:MNF:MNF  ::: [ 49] fit: 2759368.91928 | delta: 1.3e+05 | secs: 0.32361
DEBUG:MNF:MNF  ::: [ 50] fit: 2639219.37673 | delta: 1.2e+05 | secs: 0.31924
DEBUG:MNF:MNF  ::: [ 51] fit: 2527004.31937 | delta: 1.1e+05 | secs: 0.30733
DEBUG:MNF:MNF  ::: [ 52] fit: 2422031.51880 | delta: 1.0e+05 | secs: 0.48656
DEBUG:MNF:MNF  ::: [ 53] fit: 2323665.54309 | delta: 9.8e+04 | secs: 0.37518
DEBUG:MNF:MNF  ::: [ 54] fit: 2231331.60139 | delta: 9.2e+04 | secs: 0.30662
DEBUG:MNF:MNF  ::: [ 55] fit: 2144518.00338 | delta: 8.7e+04 | secs: 0.31812
DEBUG:MNF:MNF  ::: [ 56] fit: 2062772.64627 | delta: 8.2e+04 | secs: 0.31852
DEBUG:MNF:MNF  ::: [ 57] fit: 1985695.15560 | delta: 7.7e+04 | secs: 0.30433
DEBUG:MNF:MNF  ::: [ 58] fit: 1912928.33427 | delta: 7.3e+04 | secs: 0.30755
DEBUG:MNF:MNF  ::: [ 59] fit: 1844150.58172 | delta: 6.9e+04 | secs: 0.32478
DEBUG:MNF:MNF  ::: [ 60] fit: 1779069.70385 | delta: 6.5e+04 | secs: 0.31380
DEBUG:MNF:MNF  ::: [ 61] fit: 1717418.69968 | delta: 6.2e+04 | secs: 0.35516
DEBUG:MNF:MNF  ::: [ 62] fit: 1658953.66902 | delta: 5.8e+04 | secs: 0.30925
DEBUG:MNF:MNF  ::: [ 63] fit: 1603452.67434 | delta: 5.6e+04 | secs: 0.30888
DEBUG:MNF:MNF  ::: [ 64] fit: 1550713.95890 | delta: 5.3e+04 | secs: 0.30555
DEBUG:MNF:MNF  ::: [ 65] fit: 1500553.31967 | delta: 5.0e+04 | secs: 0.31325
DEBUG:MNF:MNF  ::: [ 66] fit: 1452801.85597 | delta: 4.8e+04 | secs: 0.31867
DEBUG:MNF:MNF  ::: [ 67] fit: 1407304.85574 | delta: 4.5e+04 | secs: 0.30605
DEBUG:MNF:MNF  ::: [ 68] fit: 1363921.16528 | delta: 4.3e+04 | secs: 0.33345
DEBUG:MNF:MNF  ::: [ 69] fit: 1322522.05007 | delta: 4.1e+04 | secs: 0.31746
DEBUG:MNF:MNF  ::: [ 70] fit: 1282989.46146 | delta: 4.0e+04 | secs: 0.31953
DEBUG:MNF:MNF  ::: [ 71] fit: 1245214.35647 | delta: 3.8e+04 | secs: 0.30377
DEBUG:MNF:MNF  ::: [ 72] fit: 1209095.45946 | delta: 3.6e+04 | secs: 0.30365
DEBUG:MNF:MNF  ::: [ 73] fit: 1174538.33290 | delta: 3.5e+04 | secs: 0.31283
DEBUG:MNF:MNF  ::: [ 74] fit: 1141454.70160 | delta: 3.3e+04 | secs: 0.30641
DEBUG:MNF:MNF  ::: [ 75] fit: 1109762.22608 | delta: 3.2e+04 | secs: 0.30562
DEBUG:MNF:MNF  ::: [ 76] fit: 1079384.70248 | delta: 3.0e+04 | secs: 0.34363
DEBUG:MNF:MNF  ::: [ 77] fit: 1050252.10625 | delta: 2.9e+04 | secs: 0.33425
DEBUG:MNF:MNF  ::: [ 78] fit: 1022299.78638 | delta: 2.8e+04 | secs: 0.35040
DEBUG:MNF:MNF  ::: [ 79] fit: 995466.99230 | delta: 2.7e+04 | secs: 0.30998
DEBUG:MNF:MNF  ::: [ 80] fit: 969695.80286 | delta: 2.6e+04 | secs: 0.30611
DEBUG:MNF:MNF  ::: [ 81] fit: 944931.04248 | delta: 2.5e+04 | secs: 0.31345
DEBUG:MNF:MNF  ::: [ 82] fit: 921120.63533 | delta: 2.4e+04 | secs: 0.31813
DEBUG:MNF:MNF  ::: [ 83] fit: 898215.67956 | delta: 2.3e+04 | secs: 0.30231
DEBUG:MNF:MNF  ::: [ 84] fit: 876170.13365 | delta: 2.2e+04 | secs: 0.31343
DEBUG:MNF:MNF  ::: [ 85] fit: 854940.32231 | delta: 2.1e+04 | secs: 0.31792
DEBUG:MNF:MNF  ::: [ 86] fit: 834484.46132 | delta: 2.0e+04 | secs: 0.32134
DEBUG:MNF:MNF  ::: [ 87] fit: 814762.44521 | delta: 2.0e+04 | secs: 0.30526
DEBUG:MNF:MNF  ::: [ 88] fit: 795736.06054 | delta: 1.9e+04 | secs: 0.30827
DEBUG:MNF:MNF  ::: [ 89] fit: 777369.46746 | delta: 1.8e+04 | secs: 0.30445
DEBUG:MNF:MNF  ::: [ 90] fit: 759629.60994 | delta: 1.8e+04 | secs: 0.30314
DEBUG:MNF:MNF  ::: [ 91] fit: 742486.36851 | delta: 1.7e+04 | secs: 0.32195
DEBUG:MNF:MNF  ::: [ 92] fit: 725912.45335 | delta: 1.7e+04 | secs: 0.30757
DEBUG:MNF:MNF  ::: [ 93] fit: 709883.04498 | delta: 1.6e+04 | secs: 0.30333
DEBUG:MNF:MNF  ::: [ 94] fit: 694375.17039 | delta: 1.6e+04 | secs: 0.30817
DEBUG:MNF:MNF  ::: [ 95] fit: 679366.89506 | delta: 1.5e+04 | secs: 0.31509
DEBUG:MNF:MNF  ::: [ 96] fit: 664836.60819 | delta: 1.5e+04 | secs: 0.31618
DEBUG:MNF:MNF  ::: [ 97] fit: 650762.81068 | delta: 1.4e+04 | secs: 0.31981
DEBUG:MNF:MNF  ::: [ 98] fit: 637124.58499 | delta: 1.4e+04 | secs: 0.32116
DEBUG:MNF:MNF  ::: [ 99] fit: 623902.34506 | delta: 1.3e+04 | secs: 0.31367
DEBUG:MNF:Initializing U
DEBUG:MNF:Initialization completed
DEBUG:MNF:MNF  ::: [  0] fit: 967427471.95038 | delta: 9.7e+08 | secs: 0.26256
DEBUG:MNF:MNF  ::: [  1] fit: 772763802.79217 | delta: 1.9e+08 | secs: 0.30253
DEBUG:MNF:MNF  ::: [  2] fit: 594399413.56257 | delta: 1.8e+08 | secs: 0.29800
DEBUG:MNF:MNF  ::: [  3] fit: 649258911.62010 | delta: 5.5e+07 | secs: 0.29960
DEBUG:MNF:MNF  ::: [  4] fit: 709161564.31350 | delta: 6.0e+07 | secs: 0.30029
DEBUG:MNF:MNF  ::: [  5] fit: 644088474.43144 | delta: 6.5e+07 | secs: 0.30079
DEBUG:MNF:MNF  ::: [  6] fit: 509834937.89546 | delta: 1.3e+08 | secs: 0.30177
DEBUG:MNF:MNF  ::: [  7] fit: 375878513.67594 | delta: 1.3e+08 | secs: 0.30697
DEBUG:MNF:MNF  ::: [  8] fit: 270627575.40717 | delta: 1.1e+08 | secs: 0.32603
DEBUG:MNF:MNF  ::: [  9] fit: 195835348.02997 | delta: 7.5e+07 | secs: 0.32051
DEBUG:MNF:MNF  ::: [ 10] fit: 144578697.57416 | delta: 5.1e+07 | secs: 0.31343
DEBUG:MNF:MNF  ::: [ 11] fit: 109536237.81897 | delta: 3.5e+07 | secs: 0.31438
DEBUG:MNF:MNF  ::: [ 12] fit: 85212327.08322 | delta: 2.4e+07 | secs: 0.36800
DEBUG:MNF:MNF  ::: [ 13] fit: 67931631.87051 | delta: 1.7e+07 | secs: 0.34716
DEBUG:MNF:MNF  ::: [ 14] fit: 55335196.61220 | delta: 1.3e+07 | secs: 0.30350
DEBUG:MNF:MNF  ::: [ 15] fit: 45919090.62020 | delta: 9.4e+06 | secs: 0.30737
DEBUG:MNF:MNF  ::: [ 16] fit: 38714064.92208 | delta: 7.2e+06 | secs: 0.30845
DEBUG:MNF:MNF  ::: [ 17] fit: 33083446.20477 | delta: 5.6e+06 | secs: 0.32341
DEBUG:MNF:MNF  ::: [ 18] fit: 28599845.64977 | delta: 4.5e+06 | secs: 0.32246
DEBUG:MNF:MNF  ::: [ 19] fit: 24970111.02781 | delta: 3.6e+06 | secs: 0.36485
DEBUG:MNF:MNF  ::: [ 20] fit: 21988955.37557 | delta: 3.0e+06 | secs: 0.46234
DEBUG:MNF:MNF  ::: [ 21] fit: 19509688.87133 | delta: 2.5e+06 | secs: 0.50438
DEBUG:MNF:MNF  ::: [ 22] fit: 17425369.40425 | delta: 2.1e+06 | secs: 0.41318
DEBUG:MNF:MNF  ::: [ 23] fit: 15656473.25347 | delta: 1.8e+06 | secs: 0.39534
DEBUG:MNF:MNF  ::: [ 24] fit: 14142751.46479 | delta: 1.5e+06 | secs: 0.33914
DEBUG:MNF:MNF  ::: [ 25] fit: 12837797.90898 | delta: 1.3e+06 | secs: 0.39804
DEBUG:MNF:MNF  ::: [ 26] fit: 11705337.15605 | delta: 1.1e+06 | secs: 0.38642
DEBUG:MNF:MNF  ::: [ 27] fit: 10716595.76390 | delta: 9.9e+05 | secs: 0.36414
DEBUG:MNF:MNF  ::: [ 28] fit: 9848420.76282 | delta: 8.7e+05 | secs: 0.34743
DEBUG:MNF:MNF  ::: [ 29] fit: 9081966.79090 | delta: 7.7e+05 | secs: 0.32925
DEBUG:MNF:MNF  ::: [ 30] fit: 8401789.90819 | delta: 6.8e+05 | secs: 0.30746
DEBUG:MNF:MNF  ::: [ 31] fit: 7795189.46569 | delta: 6.1e+05 | secs: 0.30076
DEBUG:MNF:MNF  ::: [ 32] fit: 7251692.96779 | delta: 5.4e+05 | secs: 0.30358
DEBUG:MNF:MNF  ::: [ 33] fit: 6762639.37772 | delta: 4.9e+05 | secs: 0.30909
DEBUG:MNF:MNF  ::: [ 34] fit: 6320843.34998 | delta: 4.4e+05 | secs: 0.31464
DEBUG:MNF:MNF  ::: [ 35] fit: 5920322.32402 | delta: 4.0e+05 | secs: 0.54556
DEBUG:MNF:MNF  ::: [ 36] fit: 5556065.68868 | delta: 3.6e+05 | secs: 0.30525
DEBUG:MNF:MNF  ::: [ 37] fit: 5223836.36394 | delta: 3.3e+05 | secs: 0.30045
DEBUG:MNF:MNF  ::: [ 38] fit: 4920009.93992 | delta: 3.0e+05 | secs: 0.31270
DEBUG:MNF:MNF  ::: [ 39] fit: 4641456.57826 | delta: 2.8e+05 | secs: 0.32940
DEBUG:MNF:MNF  ::: [ 40] fit: 4385459.03645 | delta: 2.6e+05 | secs: 0.30157
DEBUG:MNF:MNF  ::: [ 41] fit: 4149653.16486 | delta: 2.4e+05 | secs: 0.30997
DEBUG:MNF:MNF  ::: [ 42] fit: 3931980.67120 | delta: 2.2e+05 | secs: 0.31053
DEBUG:MNF:MNF  ::: [ 43] fit: 3730649.04855 | delta: 2.0e+05 | secs: 0.32198
DEBUG:MNF:MNF  ::: [ 44] fit: 3544094.30074 | delta: 1.9e+05 | secs: 0.29958
DEBUG:MNF:MNF  ::: [ 45] fit: 3370943.09400 | delta: 1.7e+05 | secs: 0.33450
DEBUG:MNF:MNF  ::: [ 46] fit: 3209975.87415 | delta: 1.6e+05 | secs: 0.29757
DEBUG:MNF:MNF  ::: [ 47] fit: 3060096.78117 | delta: 1.5e+05 | secs: 0.30926
DEBUG:MNF:MNF  ::: [ 48] fit: 2920314.90158 | delta: 1.4e+05 | secs: 0.29750
DEBUG:MNF:MNF  ::: [ 49] fit: 2789735.92088 | delta: 1.3e+05 | secs: 0.30552
DEBUG:MNF:MNF  ::: [ 50] fit: 2667558.76917 | delta: 1.2e+05 | secs: 0.29946
DEBUG:MNF:MNF  ::: [ 51] fit: 2553071.55650 | delta: 1.1e+05 | secs: 0.30138
DEBUG:MNF:MNF  ::: [ 52] fit: 2445644.00971 | delta: 1.1e+05 | secs: 0.31613
DEBUG:MNF:MNF  ::: [ 53] fit: 2344716.98711 | delta: 1.0e+05 | secs: 0.30735
DEBUG:MNF:MNF  ::: [ 54] fit: 2249791.11714 | delta: 9.5e+04 | secs: 0.29465
DEBUG:MNF:MNF  ::: [ 55] fit: 2160415.70365 | delta: 8.9e+04 | secs: 0.31033
DEBUG:MNF:MNF  ::: [ 56] fit: 2076178.19894 | delta: 8.4e+04 | secs: 0.29777
DEBUG:MNF:MNF  ::: [ 57] fit: 1996695.82065 | delta: 7.9e+04 | secs: 0.30357
DEBUG:MNF:MNF  ::: [ 58] fit: 1921612.06180 | delta: 7.5e+04 | secs: 0.30214
DEBUG:MNF:MNF  ::: [ 59] fit: 1850598.65074 | delta: 7.1e+04 | secs: 0.30395
DEBUG:MNF:MNF  ::: [ 60] fit: 1783359.21229 | delta: 6.7e+04 | secs: 0.29765
DEBUG:MNF:MNF  ::: [ 61] fit: 1719629.42323 | delta: 6.4e+04 | secs: 0.30610
DEBUG:MNF:MNF  ::: [ 62] fit: 1659172.16614 | delta: 6.0e+04 | secs: 0.30411
DEBUG:MNF:MNF  ::: [ 63] fit: 1601771.14130 | delta: 5.7e+04 | secs: 0.32170
DEBUG:MNF:MNF  ::: [ 64] fit: 1547227.15368 | delta: 5.5e+04 | secs: 0.29769
DEBUG:MNF:MNF  ::: [ 65] fit: 1495357.72472 | delta: 5.2e+04 | secs: 0.34483
DEBUG:MNF:MNF  ::: [ 66] fit: 1445997.29832 | delta: 4.9e+04 | secs: 0.30329
DEBUG:MNF:MNF  ::: [ 67] fit: 1398995.42758 | delta: 4.7e+04 | secs: 0.30787
DEBUG:MNF:MNF  ::: [ 68] fit: 1354213.10482 | delta: 4.5e+04 | secs: 0.31094
DEBUG:MNF:MNF  ::: [ 69] fit: 1311519.52089 | delta: 4.3e+04 | secs: 0.31693
DEBUG:MNF:MNF  ::: [ 70] fit: 1270791.01353 | delta: 4.1e+04 | secs: 0.31754
DEBUG:MNF:MNF  ::: [ 71] fit: 1231911.96711 | delta: 3.9e+04 | secs: 0.31080
DEBUG:MNF:MNF  ::: [ 72] fit: 1194776.18655 | delta: 3.7e+04 | secs: 0.31516
DEBUG:MNF:MNF  ::: [ 73] fit: 1159287.46598 | delta: 3.5e+04 | secs: 0.30705
DEBUG:MNF:MNF  ::: [ 74] fit: 1125358.88212 | delta: 3.4e+04 | secs: 0.32120
DEBUG:MNF:MNF  ::: [ 75] fit: 1092910.95888 | delta: 3.2e+04 | secs: 0.30320
DEBUG:MNF:MNF  ::: [ 76] fit: 1061869.20488 | delta: 3.1e+04 | secs: 0.30570
DEBUG:MNF:MNF  ::: [ 77] fit: 1032161.73966 | delta: 3.0e+04 | secs: 0.29912
DEBUG:MNF:MNF  ::: [ 78] fit: 1003717.70062 | delta: 2.8e+04 | secs: 0.29665
DEBUG:MNF:MNF  ::: [ 79] fit: 976466.84890 | delta: 2.7e+04 | secs: 0.31192
DEBUG:MNF:MNF  ::: [ 80] fit: 950340.32548 | delta: 2.6e+04 | secs: 0.29851
DEBUG:MNF:MNF  ::: [ 81] fit: 925271.98364 | delta: 2.5e+04 | secs: 0.31013
DEBUG:MNF:MNF  ::: [ 82] fit: 901199.54411 | delta: 2.4e+04 | secs: 0.31718
DEBUG:MNF:MNF  ::: [ 83] fit: 878065.22086 | delta: 2.3e+04 | secs: 0.30177
DEBUG:MNF:MNF  ::: [ 84] fit: 855816.06090 | delta: 2.2e+04 | secs: 0.29996
DEBUG:MNF:MNF  ::: [ 85] fit: 834404.31053 | delta: 2.1e+04 | secs: 0.29947
DEBUG:MNF:MNF  ::: [ 86] fit: 813787.57460 | delta: 2.1e+04 | secs: 0.29791
DEBUG:MNF:MNF  ::: [ 87] fit: 793928.29564 | delta: 2.0e+04 | secs: 0.29873
DEBUG:MNF:MNF  ::: [ 88] fit: 774792.62976 | delta: 1.9e+04 | secs: 0.30057
DEBUG:MNF:MNF  ::: [ 89] fit: 756349.28991 | delta: 1.8e+04 | secs: 0.30020
DEBUG:MNF:MNF  ::: [ 90] fit: 738568.73302 | delta: 1.8e+04 | secs: 0.30204
DEBUG:MNF:MNF  ::: [ 91] fit: 721422.69756 | delta: 1.7e+04 | secs: 0.31974
DEBUG:MNF:MNF  ::: [ 92] fit: 704884.01593 | delta: 1.7e+04 | secs: 0.31782
DEBUG:MNF:MNF  ::: [ 93] fit: 688926.59138 | delta: 1.6e+04 | secs: 0.29941
DEBUG:MNF:MNF  ::: [ 94] fit: 673525.30468 | delta: 1.5e+04 | secs: 0.30036
DEBUG:MNF:MNF  ::: [ 95] fit: 658655.65069 | delta: 1.5e+04 | secs: 0.29959
DEBUG:MNF:MNF  ::: [ 96] fit: 644293.18700 | delta: 1.4e+04 | secs: 0.31538
DEBUG:MNF:MNF  ::: [ 97] fit: 630413.21732 | delta: 1.4e+04 | secs: 0.30994
DEBUG:MNF:MNF  ::: [ 98] fit: 616991.18470 | delta: 1.3e+04 | secs: 0.30126
DEBUG:MNF:MNF  ::: [ 99] fit: 604003.71778 | delta: 1.3e+04 | secs: 0.30262
DEBUG:MNF:Initializing U
DEBUG:MNF:Initialization completed
DEBUG:MNF:MNF  ::: [  0] fit: 967072230.58191 | delta: 9.7e+08 | secs: 0.34563
DEBUG:MNF:MNF  ::: [  1] fit: 770876179.07004 | delta: 2.0e+08 | secs: 0.29642
DEBUG:MNF:MNF  ::: [  2] fit: 588759238.59086 | delta: 1.8e+08 | secs: 0.30208
DEBUG:MNF:MNF  ::: [  3] fit: 636848275.32525 | delta: 4.8e+07 | secs: 0.33276
DEBUG:MNF:MNF  ::: [  4] fit: 692214860.02025 | delta: 5.5e+07 | secs: 0.29417
DEBUG:MNF:MNF  ::: [  5] fit: 628428555.58873 | delta: 6.4e+07 | secs: 0.30505
DEBUG:MNF:MNF  ::: [  6] fit: 499042999.23357 | delta: 1.3e+08 | secs: 0.30164
DEBUG:MNF:MNF  ::: [  7] fit: 370159487.52086 | delta: 1.3e+08 | secs: 0.30574
DEBUG:MNF:MNF  ::: [  8] fit: 268593589.89885 | delta: 1.0e+08 | secs: 0.29983
DEBUG:MNF:MNF  ::: [  9] fit: 195995050.10622 | delta: 7.3e+07 | secs: 0.30023
DEBUG:MNF:MNF  ::: [ 10] fit: 145863159.69954 | delta: 5.0e+07 | secs: 0.31556
DEBUG:MNF:MNF  ::: [ 11] fit: 111302889.97963 | delta: 3.5e+07 | secs: 0.30438
DEBUG:MNF:MNF  ::: [ 12] fit: 87111263.66443 | delta: 2.4e+07 | secs: 0.29640
DEBUG:MNF:MNF  ::: [ 13] fit: 69785426.43037 | delta: 1.7e+07 | secs: 0.31458
DEBUG:MNF:MNF  ::: [ 14] fit: 57061171.26062 | delta: 1.3e+07 | secs: 0.30276
DEBUG:MNF:MNF  ::: [ 15] fit: 47485344.10001 | delta: 9.6e+06 | secs: 0.30919
DEBUG:MNF:MNF  ::: [ 16] fit: 40115814.88662 | delta: 7.4e+06 | secs: 0.29928
DEBUG:MNF:MNF  ::: [ 17] fit: 34330002.83452 | delta: 5.8e+06 | secs: 0.31037
DEBUG:MNF:MNF  ::: [ 18] fit: 29706866.61923 | delta: 4.6e+06 | secs: 0.29620
DEBUG:MNF:MNF  ::: [ 19] fit: 25954753.58472 | delta: 3.8e+06 | secs: 0.31091
DEBUG:MNF:MNF  ::: [ 20] fit: 22867051.73288 | delta: 3.1e+06 | secs: 0.29923
DEBUG:MNF:MNF  ::: [ 21] fit: 20294538.33181 | delta: 2.6e+06 | secs: 0.30963
DEBUG:MNF:MNF  ::: [ 22] fit: 18127686.65175 | delta: 2.2e+06 | secs: 0.29697
DEBUG:MNF:MNF  ::: [ 23] fit: 16284912.02206 | delta: 1.8e+06 | secs: 0.32060
DEBUG:MNF:MNF  ::: [ 24] fit: 14704495.46312 | delta: 1.6e+06 | secs: 0.29626
DEBUG:MNF:MNF  ::: [ 25] fit: 13338983.05117 | delta: 1.4e+06 | secs: 0.30835
DEBUG:MNF:MNF  ::: [ 26] fit: 12151339.66785 | delta: 1.2e+06 | secs: 0.30292
DEBUG:MNF:MNF  ::: [ 27] fit: 11112296.71976 | delta: 1.0e+06 | secs: 0.30665
DEBUG:MNF:MNF  ::: [ 28] fit: 10198464.44307 | delta: 9.1e+05 | secs: 0.30705
DEBUG:MNF:MNF  ::: [ 29] fit: 9390938.37685 | delta: 8.1e+05 | secs: 0.29989
DEBUG:MNF:MNF  ::: [ 30] fit: 8674246.99986 | delta: 7.2e+05 | secs: 0.30945
DEBUG:MNF:MNF  ::: [ 31] fit: 8035557.67724 | delta: 6.4e+05 | secs: 0.30495
DEBUG:MNF:MNF  ::: [ 32] fit: 7464098.63249 | delta: 5.7e+05 | secs: 0.29836
DEBUG:MNF:MNF  ::: [ 33] fit: 6950763.38990 | delta: 5.1e+05 | secs: 0.31599
DEBUG:MNF:MNF  ::: [ 34] fit: 6487851.41818 | delta: 4.6e+05 | secs: 0.29686
DEBUG:MNF:MNF  ::: [ 35] fit: 6068884.93193 | delta: 4.2e+05 | secs: 0.29966
DEBUG:MNF:MNF  ::: [ 36] fit: 5688443.61753 | delta: 3.8e+05 | secs: 0.31726
DEBUG:MNF:MNF  ::: [ 37] fit: 5341986.18420 | delta: 3.5e+05 | secs: 0.29815
DEBUG:MNF:MNF  ::: [ 38] fit: 5025667.05978 | delta: 3.2e+05 | secs: 0.29806
DEBUG:MNF:MNF  ::: [ 39] fit: 4736178.61690 | delta: 2.9e+05 | secs: 0.31517
DEBUG:MNF:MNF  ::: [ 40] fit: 4470640.58484 | delta: 2.7e+05 | secs: 0.29882
DEBUG:MNF:MNF  ::: [ 41] fit: 4226533.48429 | delta: 2.4e+05 | secs: 0.30920
DEBUG:MNF:MNF  ::: [ 42] fit: 4001655.61924 | delta: 2.2e+05 | secs: 0.29838
DEBUG:MNF:MNF  ::: [ 43] fit: 3794083.75504 | delta: 2.1e+05 | secs: 0.30242
DEBUG:MNF:MNF  ::: [ 44] fit: 3602130.20295 | delta: 1.9e+05 | secs: 0.29794
DEBUG:MNF:MNF  ::: [ 45] fit: 3424301.00876 | delta: 1.8e+05 | secs: 0.30024
DEBUG:MNF:MNF  ::: [ 46] fit: 3259263.64642 | delta: 1.7e+05 | secs: 0.30914
DEBUG:MNF:MNF  ::: [ 47] fit: 3105828.76902 | delta: 1.5e+05 | secs: 0.29951
DEBUG:MNF:MNF  ::: [ 48] fit: 2962942.69832 | delta: 1.4e+05 | secs: 0.29839
DEBUG:MNF:MNF  ::: [ 49] fit: 2829680.68064 | delta: 1.3e+05 | secs: 0.31472
DEBUG:MNF:MNF  ::: [ 50] fit: 2705231.67028 | delta: 1.2e+05 | secs: 0.29854
DEBUG:MNF:MNF  ::: [ 51] fit: 2588874.29826 | delta: 1.2e+05 | secs: 0.29913
DEBUG:MNF:MNF  ::: [ 52] fit: 2479952.86199 | delta: 1.1e+05 | secs: 0.30029
DEBUG:MNF:MNF  ::: [ 53] fit: 2377862.63114 | delta: 1.0e+05 | secs: 0.29867
DEBUG:MNF:MNF  ::: [ 54] fit: 2282046.35640 | delta: 9.6e+04 | secs: 0.29897
DEBUG:MNF:MNF  ::: [ 55] fit: 2191996.93889 | delta: 9.0e+04 | secs: 0.29997
DEBUG:MNF:MNF  ::: [ 56] fit: 2107259.47395 | delta: 8.5e+04 | secs: 0.31922
DEBUG:MNF:MNF  ::: [ 57] fit: 2027428.24250 | delta: 8.0e+04 | secs: 0.29552
DEBUG:MNF:MNF  ::: [ 58] fit: 1952138.28533 | delta: 7.5e+04 | secs: 0.30136
DEBUG:MNF:MNF  ::: [ 59] fit: 1881054.83033 | delta: 7.1e+04 | secs: 0.32310
DEBUG:MNF:MNF  ::: [ 60] fit: 1813865.37141 | delta: 6.7e+04 | secs: 0.30007
DEBUG:MNF:MNF  ::: [ 61] fit: 1750277.70817 | delta: 6.4e+04 | secs: 0.32600
DEBUG:MNF:MNF  ::: [ 62] fit: 1690023.28347 | delta: 6.0e+04 | secs: 0.29853
DEBUG:MNF:MNF  ::: [ 63] fit: 1632861.34168 | delta: 5.7e+04 | secs: 0.30121
DEBUG:MNF:MNF  ::: [ 64] fit: 1578579.06190 | delta: 5.4e+04 | secs: 0.30088
DEBUG:MNF:MNF  ::: [ 65] fit: 1526986.67814 | delta: 5.2e+04 | secs: 0.30094
DEBUG:MNF:MNF  ::: [ 66] fit: 1477911.06009 | delta: 4.9e+04 | secs: 0.30398
DEBUG:MNF:MNF  ::: [ 67] fit: 1431191.63250 | delta: 4.7e+04 | secs: 0.30128
DEBUG:MNF:MNF  ::: [ 68] fit: 1386679.14667 | delta: 4.5e+04 | secs: 0.29955
DEBUG:MNF:MNF  ::: [ 69] fit: 1344235.26017 | delta: 4.2e+04 | secs: 0.31536
DEBUG:MNF:MNF  ::: [ 70] fit: 1303731.45248 | delta: 4.1e+04 | secs: 0.30494
DEBUG:MNF:MNF  ::: [ 71] fit: 1265047.51211 | delta: 3.9e+04 | secs: 0.29955
DEBUG:MNF:MNF  ::: [ 72] fit: 1228070.48615 | delta: 3.7e+04 | secs: 0.31015
DEBUG:MNF:MNF  ::: [ 73] fit: 1192694.44772 | delta: 3.5e+04 | secs: 0.30398
DEBUG:MNF:MNF  ::: [ 74] fit: 1158820.53956 | delta: 3.4e+04 | secs: 0.30187
DEBUG:MNF:MNF  ::: [ 75] fit: 1126356.68039 | delta: 3.2e+04 | secs: 0.29939
DEBUG:MNF:MNF  ::: [ 76] fit: 1095217.29480 | delta: 3.1e+04 | secs: 0.31892
DEBUG:MNF:MNF  ::: [ 77] fit: 1065323.80535 | delta: 3.0e+04 | secs: 0.30244
DEBUG:MNF:MNF  ::: [ 78] fit: 1036605.59881 | delta: 2.9e+04 | secs: 0.30004
DEBUG:MNF:MNF  ::: [ 79] fit: 1009000.28492 | delta: 2.8e+04 | secs: 0.30695
DEBUG:MNF:MNF  ::: [ 80] fit: 982452.71283 | delta: 2.7e+04 | secs: 0.30201
DEBUG:MNF:MNF  ::: [ 81] fit: 956913.46829 | delta: 2.6e+04 | secs: 0.30021
DEBUG:MNF:MNF  ::: [ 82] fit: 932337.60439 | delta: 2.5e+04 | secs: 0.30413
DEBUG:MNF:MNF  ::: [ 83] fit: 908683.45919 | delta: 2.4e+04 | secs: 0.29951
DEBUG:MNF:MNF  ::: [ 84] fit: 885911.33312 | delta: 2.3e+04 | secs: 0.30029
DEBUG:MNF:MNF  ::: [ 85] fit: 863982.44027 | delta: 2.2e+04 | secs: 0.30023
DEBUG:MNF:MNF  ::: [ 86] fit: 842858.60457 | delta: 2.1e+04 | secs: 0.30063
DEBUG:MNF:MNF  ::: [ 87] fit: 822502.58301 | delta: 2.0e+04 | secs: 0.30499
DEBUG:MNF:MNF  ::: [ 88] fit: 802878.43254 | delta: 2.0e+04 | secs: 0.30083
DEBUG:MNF:MNF  ::: [ 89] fit: 783951.45144 | delta: 1.9e+04 | secs: 0.32103
DEBUG:MNF:MNF  ::: [ 90] fit: 765687.80691 | delta: 1.8e+04 | secs: 0.32138
DEBUG:MNF:MNF  ::: [ 91] fit: 748054.34084 | delta: 1.8e+04 | secs: 0.29953
DEBUG:MNF:MNF  ::: [ 92] fit: 731018.84448 | delta: 1.7e+04 | secs: 0.30440
DEBUG:MNF:MNF  ::: [ 93] fit: 714550.70931 | delta: 1.6e+04 | secs: 0.29847
DEBUG:MNF:MNF  ::: [ 94] fit: 698621.64617 | delta: 1.6e+04 | secs: 0.29997
DEBUG:MNF:MNF  ::: [ 95] fit: 683206.09201 | delta: 1.5e+04 | secs: 0.30395
DEBUG:MNF:MNF  ::: [ 96] fit: 668281.10533 | delta: 1.5e+04 | secs: 0.29828
DEBUG:MNF:MNF  ::: [ 97] fit: 653825.99081 | delta: 1.4e+04 | secs: 0.30110
DEBUG:MNF:MNF  ::: [ 98] fit: 639822.08337 | delta: 1.4e+04 | secs: 0.30172
DEBUG:MNF:MNF  ::: [ 99] fit: 626252.74482 | delta: 1.4e+04 | secs: 0.30035
DEBUG:MNF:Initializing U
DEBUG:MNF:Initialization completed
DEBUG:MNF:MNF  ::: [  0] fit: 967181719.73413 | delta: 9.7e+08 | secs: 0.31316
DEBUG:MNF:MNF  ::: [  1] fit: 770923710.06601 | delta: 2.0e+08 | secs: 0.30342
DEBUG:MNF:MNF  ::: [  2] fit: 587287027.66401 | delta: 1.8e+08 | secs: 0.30292
DEBUG:MNF:MNF  ::: [  3] fit: 632941844.16012 | delta: 4.6e+07 | secs: 0.30548
DEBUG:MNF:MNF  ::: [  4] fit: 686764894.98458 | delta: 5.4e+07 | secs: 0.29518
DEBUG:MNF:MNF  ::: [  5] fit: 623373936.39005 | delta: 6.3e+07 | secs: 0.32613
DEBUG:MNF:MNF  ::: [  6] fit: 495804535.71937 | delta: 1.3e+08 | secs: 0.45125
DEBUG:MNF:MNF  ::: [  7] fit: 368978713.97272 | delta: 1.3e+08 | secs: 0.32220
DEBUG:MNF:MNF  ::: [  8] fit: 268981364.46718 | delta: 1.0e+08 | secs: 0.31194
DEBUG:MNF:MNF  ::: [  9] fit: 197327974.75714 | delta: 7.2e+07 | secs: 0.30724
DEBUG:MNF:MNF  ::: [ 10] fit: 147661639.40522 | delta: 5.0e+07 | secs: 0.33375
DEBUG:MNF:MNF  ::: [ 11] fit: 113266106.56838 | delta: 3.4e+07 | secs: 0.31140
DEBUG:MNF:MNF  ::: [ 12] fit: 89068752.83538 | delta: 2.4e+07 | secs: 0.30628
DEBUG:MNF:MNF  ::: [ 13] fit: 71646100.48681 | delta: 1.7e+07 | secs: 0.30069
DEBUG:MNF:MNF  ::: [ 14] fit: 58779785.00923 | delta: 1.3e+07 | secs: 0.34012
DEBUG:MNF:MNF  ::: [ 15] fit: 49043707.15200 | delta: 9.7e+06 | secs: 0.30444
DEBUG:MNF:MNF  ::: [ 16] fit: 41512377.31104 | delta: 7.5e+06 | secs: 0.30321
DEBUG:MNF:MNF  ::: [ 17] fit: 35573388.78834 | delta: 5.9e+06 | secs: 0.30558
DEBUG:MNF:MNF  ::: [ 18] fit: 30811324.82249 | delta: 4.8e+06 | secs: 0.30655
DEBUG:MNF:MNF  ::: [ 19] fit: 26936918.82530 | delta: 3.9e+06 | secs: 0.30095
DEBUG:MNF:MNF  ::: [ 20] fit: 23743836.08409 | delta: 3.2e+06 | secs: 0.34019
DEBUG:MNF:MNF  ::: [ 21] fit: 21081895.63096 | delta: 2.7e+06 | secs: 0.29875
DEBUG:MNF:MNF  ::: [ 22] fit: 18839925.67794 | delta: 2.2e+06 | secs: 0.31311
DEBUG:MNF:MNF  ::: [ 23] fit: 16934345.85952 | delta: 1.9e+06 | secs: 0.30432
DEBUG:MNF:MNF  ::: [ 24] fit: 15301346.72328 | delta: 1.6e+06 | secs: 0.32302
DEBUG:MNF:MNF  ::: [ 25] fit: 13891477.01830 | delta: 1.4e+06 | secs: 0.30253
DEBUG:MNF:MNF  ::: [ 26] fit: 12665901.91484 | delta: 1.2e+06 | secs: 0.33300
DEBUG:MNF:MNF  ::: [ 27] fit: 11593804.42278 | delta: 1.1e+06 | secs: 0.31026
DEBUG:MNF:MNF  ::: [ 28] fit: 10650522.45822 | delta: 9.4e+05 | secs: 0.31728
DEBUG:MNF:MNF  ::: [ 29] fit: 9816155.51214 | delta: 8.3e+05 | secs: 0.30285
DEBUG:MNF:MNF  ::: [ 30] fit: 9074510.29315 | delta: 7.4e+05 | secs: 0.31870
DEBUG:MNF:MNF  ::: [ 31] fit: 8412309.05378 | delta: 6.6e+05 | secs: 0.30695
DEBUG:MNF:MNF  ::: [ 32] fit: 7818586.67445 | delta: 5.9e+05 | secs: 0.31081
DEBUG:MNF:MNF  ::: [ 33] fit: 7284218.05188 | delta: 5.3e+05 | secs: 0.31952
DEBUG:MNF:MNF  ::: [ 34] fit: 6801548.85676 | delta: 4.8e+05 | secs: 0.31251
DEBUG:MNF:MNF  ::: [ 35] fit: 6364118.11313 | delta: 4.4e+05 | secs: 0.30835
DEBUG:MNF:MNF  ::: [ 36] fit: 5966451.56744 | delta: 4.0e+05 | secs: 0.31796
DEBUG:MNF:MNF  ::: [ 37] fit: 5603895.98070 | delta: 3.6e+05 | secs: 0.32176
DEBUG:MNF:MNF  ::: [ 38] fit: 5272476.24284 | delta: 3.3e+05 | secs: 0.70138
DEBUG:MNF:MNF  ::: [ 39] fit: 4968774.49132 | delta: 3.0e+05 | secs: 0.68577
DEBUG:MNF:MNF  ::: [ 40] fit: 4689832.66276 | delta: 2.8e+05 | secs: 0.61443
DEBUG:MNF:MNF  ::: [ 41] fit: 4433075.14466 | delta: 2.6e+05 | secs: 0.62225
DEBUG:MNF:MNF  ::: [ 42] fit: 4196249.78556 | delta: 2.4e+05 | secs: 0.65105
DEBUG:MNF:MNF  ::: [ 43] fit: 3977385.81161 | delta: 2.2e+05 | secs: 0.64164
DEBUG:MNF:MNF  ::: [ 44] fit: 3774761.00835 | delta: 2.0e+05 | secs: 0.70802
DEBUG:MNF:MNF  ::: [ 45] fit: 3586869.24358 | delta: 1.9e+05 | secs: 0.64126
DEBUG:MNF:MNF  ::: [ 46] fit: 3412387.04158 | delta: 1.7e+05 | secs: 0.62664
DEBUG:MNF:MNF  ::: [ 47] fit: 3250143.98779 | delta: 1.6e+05 | secs: 0.69035
DEBUG:MNF:MNF  ::: [ 48] fit: 3099099.25152 | delta: 1.5e+05 | secs: 0.65415
DEBUG:MNF:MNF  ::: [ 49] fit: 2958320.73735 | delta: 1.4e+05 | secs: 0.68911
DEBUG:MNF:MNF  ::: [ 50] fit: 2826963.07898 | delta: 1.3e+05 | secs: 0.65991
DEBUG:MNF:MNF  ::: [ 51] fit: 2704246.45773 | delta: 1.2e+05 | secs: 0.64352
DEBUG:MNF:MNF  ::: [ 52] fit: 2589442.79438 | delta: 1.1e+05 | secs: 0.64689
DEBUG:MNF:MNF  ::: [ 53] fit: 2481873.37075 | delta: 1.1e+05 | secs: 0.66591
DEBUG:MNF:MNF  ::: [ 54] fit: 2380914.42659 | delta: 1.0e+05 | secs: 0.68354
DEBUG:MNF:MNF  ::: [ 55] fit: 2286002.98211 | delta: 9.5e+04 | secs: 0.64060
DEBUG:MNF:MNF  ::: [ 56] fit: 2196637.84696 | delta: 8.9e+04 | secs: 0.71456
DEBUG:MNF:MNF  ::: [ 57] fit: 2112375.15887 | delta: 8.4e+04 | secs: 0.67139
DEBUG:MNF:MNF  ::: [ 58] fit: 2032819.81095 | delta: 8.0e+04 | secs: 0.72153
DEBUG:MNF:MNF  ::: [ 59] fit: 1957615.51875 | delta: 7.5e+04 | secs: 0.68863
DEBUG:MNF:MNF  ::: [ 60] fit: 1886437.07351 | delta: 7.1e+04 | secs: 0.69224
DEBUG:MNF:MNF  ::: [ 61] fit: 1818986.70854 | delta: 6.7e+04 | secs: 0.65436
DEBUG:MNF:MNF  ::: [ 62] fit: 1754993.84607 | delta: 6.4e+04 | secs: 0.69412
DEBUG:MNF:MNF  ::: [ 63] fit: 1694215.99305 | delta: 6.1e+04 | secs: 0.65243
DEBUG:MNF:MNF  ::: [ 64] fit: 1636438.31946 | delta: 5.8e+04 | secs: 0.63567
DEBUG:MNF:MNF  ::: [ 65] fit: 1581470.41243 | delta: 5.5e+04 | secs: 0.63329
DEBUG:MNF:MNF  ::: [ 66] fit: 1529140.84130 | delta: 5.2e+04 | secs: 0.62335
DEBUG:MNF:MNF  ::: [ 67] fit: 1479291.92796 | delta: 5.0e+04 | secs: 0.65040
DEBUG:MNF:MNF  ::: [ 68] fit: 1431776.74342 | delta: 4.8e+04 | secs: 0.62938
DEBUG:MNF:MNF  ::: [ 69] fit: 1386458.41796 | delta: 4.5e+04 | secs: 0.57633
DEBUG:MNF:MNF  ::: [ 70] fit: 1343210.47832 | delta: 4.3e+04 | secs: 0.61740
DEBUG:MNF:MNF  ::: [ 71] fit: 1301916.97928 | delta: 4.1e+04 | secs: 0.59666
DEBUG:MNF:MNF  ::: [ 72] fit: 1262471.86095 | delta: 3.9e+04 | secs: 0.61568
DEBUG:MNF:MNF  ::: [ 73] fit: 1224777.49034 | delta: 3.8e+04 | secs: 0.68494
DEBUG:MNF:MNF  ::: [ 74] fit: 1188742.73191 | delta: 3.6e+04 | secs: 0.70511
DEBUG:MNF:MNF  ::: [ 75] fit: 1154281.05112 | delta: 3.4e+04 | secs: 0.68685
DEBUG:MNF:MNF  ::: [ 76] fit: 1121308.96146 | delta: 3.3e+04 | secs: 0.68354
DEBUG:MNF:MNF  ::: [ 77] fit: 1089745.08032 | delta: 3.2e+04 | secs: 0.64833
DEBUG:MNF:MNF  ::: [ 78] fit: 1059510.25677 | delta: 3.0e+04 | secs: 0.67594
DEBUG:MNF:MNF  ::: [ 79] fit: 1030528.82810 | delta: 2.9e+04 | secs: 0.70960
DEBUG:MNF:MNF  ::: [ 80] fit: 1002730.19039 | delta: 2.8e+04 | secs: 0.69526
DEBUG:MNF:MNF  ::: [ 81] fit: 976049.72419 | delta: 2.7e+04 | secs: 0.64301
DEBUG:MNF:MNF  ::: [ 82] fit: 950428.73992 | delta: 2.6e+04 | secs: 0.67053
DEBUG:MNF:MNF  ::: [ 83] fit: 925813.64507 | delta: 2.5e+04 | secs: 0.64418
DEBUG:MNF:MNF  ::: [ 84] fit: 902154.78535 | delta: 2.4e+04 | secs: 0.58529
DEBUG:MNF:MNF  ::: [ 85] fit: 879405.47697 | delta: 2.3e+04 | secs: 0.60191
DEBUG:MNF:MNF  ::: [ 86] fit: 857521.50133 | delta: 2.2e+04 | secs: 0.86315
DEBUG:MNF:MNF  ::: [ 87] fit: 836460.94307 | delta: 2.1e+04 | secs: 0.84305
DEBUG:MNF:MNF  ::: [ 88] fit: 816184.11166 | delta: 2.0e+04 | secs: 0.87446
DEBUG:MNF:MNF  ::: [ 89] fit: 796653.36843 | delta: 2.0e+04 | secs: 0.88738
DEBUG:MNF:MNF  ::: [ 90] fit: 777832.71357 | delta: 1.9e+04 | secs: 0.84785
DEBUG:MNF:MNF  ::: [ 91] fit: 759687.14954 | delta: 1.8e+04 | secs: 0.87538
DEBUG:MNF:MNF  ::: [ 92] fit: 742182.22899 | delta: 1.8e+04 | secs: 0.83138
DEBUG:MNF:MNF  ::: [ 93] fit: 725284.20936 | delta: 1.7e+04 | secs: 0.84576
DEBUG:MNF:MNF  ::: [ 94] fit: 708960.64818 | delta: 1.6e+04 | secs: 0.86837
DEBUG:MNF:MNF  ::: [ 95] fit: 693180.89699 | delta: 1.6e+04 | secs: 0.85857
DEBUG:MNF:MNF  ::: [ 96] fit: 677916.28672 | delta: 1.5e+04 | secs: 0.85999
DEBUG:MNF:MNF  ::: [ 97] fit: 663140.24403 | delta: 1.5e+04 | secs: 0.86076
DEBUG:MNF:MNF  ::: [ 98] fit: 648828.47206 | delta: 1.4e+04 | secs: 0.87654
DEBUG:MNF:MNF  ::: [ 99] fit: 634958.98188 | delta: 1.4e+04 | secs: 0.84343
DEBUG:MNF:Initializing U
DEBUG:MNF:Initialization completed
DEBUG:MNF:MNF  ::: [  0] fit: 967338528.59837 | delta: 9.7e+08 | secs: 0.80145
DEBUG:MNF:MNF  ::: [  1] fit: 772009732.02795 | delta: 2.0e+08 | secs: 0.77727
DEBUG:MNF:MNF  ::: [  2] fit: 591553777.76025 | delta: 1.8e+08 | secs: 0.85063
DEBUG:MNF:MNF  ::: [  3] fit: 642425052.82937 | delta: 5.1e+07 | secs: 0.87999
DEBUG:MNF:MNF  ::: [  4] fit: 698729629.04978 | delta: 5.6e+07 | secs: 0.85455
DEBUG:MNF:MNF  ::: [  5] fit: 632881812.64080 | delta: 6.6e+07 | secs: 0.89358
DEBUG:MNF:MNF  ::: [  6] fit: 500335339.92658 | delta: 1.3e+08 | secs: 0.84923
DEBUG:MNF:MNF  ::: [  7] fit: 368934513.09268 | delta: 1.3e+08 | secs: 0.84169
DEBUG:MNF:MNF  ::: [  8] fit: 265961390.29002 | delta: 1.0e+08 | secs: 0.87874
DEBUG:MNF:MNF  ::: [  9] fit: 192825436.04976 | delta: 7.3e+07 | secs: 0.87053
DEBUG:MNF:MNF  ::: [ 10] fit: 142665707.47685 | delta: 5.0e+07 | secs: 0.90181
DEBUG:MNF:MNF  ::: [ 11] fit: 108323199.56414 | delta: 3.4e+07 | secs: 0.82940
DEBUG:MNF:MNF  ::: [ 12] fit: 84442041.25296 | delta: 2.4e+07 | secs: 0.87861
DEBUG:MNF:MNF  ::: [ 13] fit: 67441017.57391 | delta: 1.7e+07 | secs: 0.86584
DEBUG:MNF:MNF  ::: [ 14] fit: 55019254.74718 | delta: 1.2e+07 | secs: 0.86099
DEBUG:MNF:MNF  ::: [ 15] fit: 45708832.20389 | delta: 9.3e+06 | secs: 0.85567
DEBUG:MNF:MNF  ::: [ 16] fit: 38564474.84863 | delta: 7.1e+06 | secs: 0.89732
DEBUG:MNF:MNF  ::: [ 17] fit: 32966692.82030 | delta: 5.6e+06 | secs: 0.85010
DEBUG:MNF:MNF  ::: [ 18] fit: 28500510.67368 | delta: 4.5e+06 | secs: 0.87582
DEBUG:MNF:MNF  ::: [ 19] fit: 24881124.26777 | delta: 3.6e+06 | secs: 0.78507
DEBUG:MNF:MNF  ::: [ 20] fit: 21908152.01199 | delta: 3.0e+06 | secs: 0.86955
DEBUG:MNF:MNF  ::: [ 21] fit: 19437274.48577 | delta: 2.5e+06 | secs: 0.84637
DEBUG:MNF:MNF  ::: [ 22] fit: 17362390.18415 | delta: 2.1e+06 | secs: 0.96012
DEBUG:MNF:MNF  ::: [ 23] fit: 15604063.89647 | delta: 1.8e+06 | secs: 0.73964
DEBUG:MNF:MNF  ::: [ 24] fit: 14101794.36857 | delta: 1.5e+06 | secs: 0.64364
DEBUG:MNF:MNF  ::: [ 25] fit: 12808734.87034 | delta: 1.3e+06 | secs: 0.66300
DEBUG:MNF:MNF  ::: [ 26] fit: 11688065.44993 | delta: 1.1e+06 | secs: 0.82239
DEBUG:MNF:MNF  ::: [ 27] fit: 10710482.93626 | delta: 9.8e+05 | secs: 0.77295
DEBUG:MNF:MNF  ::: [ 28] fit: 9852447.66468 | delta: 8.6e+05 | secs: 0.84495
DEBUG:MNF:MNF  ::: [ 29] fit: 9094939.94335 | delta: 7.6e+05 | secs: 0.86455
DEBUG:MNF:MNF  ::: [ 30] fit: 8422539.94661 | delta: 6.7e+05 | secs: 0.90101
DEBUG:MNF:MNF  ::: [ 31] fit: 7822699.02622 | delta: 6.0e+05 | secs: 1.03203
DEBUG:MNF:MNF  ::: [ 32] fit: 7285139.24717 | delta: 5.4e+05 | secs: 0.65637
DEBUG:MNF:MNF  ::: [ 33] fit: 6801369.30427 | delta: 4.8e+05 | secs: 0.62901
DEBUG:MNF:MNF  ::: [ 34] fit: 6364312.45462 | delta: 4.4e+05 | secs: 0.69100
DEBUG:MNF:MNF  ::: [ 35] fit: 5968027.24715 | delta: 4.0e+05 | secs: 0.66219
DEBUG:MNF:MNF  ::: [ 36] fit: 5607495.65338 | delta: 3.6e+05 | secs: 0.72415
DEBUG:MNF:MNF  ::: [ 37] fit: 5278457.40441 | delta: 3.3e+05 | secs: 0.69972
DEBUG:MNF:MNF  ::: [ 38] fit: 4977276.92535 | delta: 3.0e+05 | secs: 0.70439
DEBUG:MNF:MNF  ::: [ 39] fit: 4700837.51215 | delta: 2.8e+05 | secs: 0.71647
DEBUG:MNF:MNF  ::: [ 40] fit: 4446459.48896 | delta: 2.5e+05 | secs: 0.78731
DEBUG:MNF:MNF  ::: [ 41] fit: 4211835.17045 | delta: 2.3e+05 | secs: 0.69720
DEBUG:MNF:MNF  ::: [ 42] fit: 3994973.23947 | delta: 2.2e+05 | secs: 0.96433
DEBUG:MNF:MNF  ::: [ 43] fit: 3794149.68266 | delta: 2.0e+05 | secs: 1.12920
DEBUG:MNF:MNF  ::: [ 44] fit: 3607864.73682 | delta: 1.9e+05 | secs: 0.86868
DEBUG:MNF:MNF  ::: [ 45] fit: 3434804.42401 | delta: 1.7e+05 | secs: 1.02748
DEBUG:MNF:MNF  ::: [ 46] fit: 3273805.59409 | delta: 1.6e+05 | secs: 1.02830
DEBUG:MNF:MNF  ::: [ 47] fit: 3123825.88635 | delta: 1.5e+05 | secs: 0.84210
DEBUG:MNF:MNF  ::: [ 48] fit: 2983921.04584 | delta: 1.4e+05 | secs: 0.72724
DEBUG:MNF:MNF  ::: [ 49] fit: 2853229.77376 | delta: 1.3e+05 | secs: 0.75638
DEBUG:MNF:MNF  ::: [ 50] fit: 2730963.87410 | delta: 1.2e+05 | secs: 0.64136
DEBUG:MNF:MNF  ::: [ 51] fit: 2616402.04146 | delta: 1.1e+05 | secs: 0.67254
DEBUG:MNF:MNF  ::: [ 52] fit: 2508887.65242 | delta: 1.1e+05 | secs: 0.66376
DEBUG:MNF:MNF  ::: [ 53] fit: 2407830.42608 | delta: 1.0e+05 | secs: 0.69560
DEBUG:MNF:MNF  ::: [ 54] fit: 2312708.44904 | delta: 9.5e+04 | secs: 0.70474
DEBUG:MNF:MNF  ::: [ 55] fit: 2223065.20874 | delta: 9.0e+04 | secs: 0.63159
DEBUG:MNF:MNF  ::: [ 56] fit: 2138499.56766 | delta: 8.5e+04 | secs: 0.80521
DEBUG:MNF:MNF  ::: [ 57] fit: 2058652.37860 | delta: 8.0e+04 | secs: 0.72093
DEBUG:MNF:MNF  ::: [ 58] fit: 1983195.46190 | delta: 7.5e+04 | secs: 0.68865
DEBUG:MNF:MNF  ::: [ 59] fit: 1911825.60599 | delta: 7.1e+04 | secs: 0.77434
DEBUG:MNF:MNF  ::: [ 60] fit: 1844262.45489 | delta: 6.8e+04 | secs: 0.71768
DEBUG:MNF:MNF  ::: [ 61] fit: 1780247.72814 | delta: 6.4e+04 | secs: 0.72186
DEBUG:MNF:MNF  ::: [ 62] fit: 1719543.73964 | delta: 6.1e+04 | secs: 0.68896
DEBUG:MNF:MNF  ::: [ 63] fit: 1661930.36181 | delta: 5.8e+04 | secs: 0.65681
DEBUG:MNF:MNF  ::: [ 64] fit: 1607200.87340 | delta: 5.5e+04 | secs: 0.70246
DEBUG:MNF:MNF  ::: [ 65] fit: 1555158.33392 | delta: 5.2e+04 | secs: 0.70992
DEBUG:MNF:MNF  ::: [ 66] fit: 1505614.51811 | delta: 5.0e+04 | secs: 0.74525
DEBUG:MNF:MNF  ::: [ 67] fit: 1458392.06312 | delta: 4.7e+04 | secs: 0.67161
DEBUG:MNF:MNF  ::: [ 68] fit: 1413328.09237 | delta: 4.5e+04 | secs: 0.59181
DEBUG:MNF:MNF  ::: [ 69] fit: 1370276.67011 | delta: 4.3e+04 | secs: 0.71901
DEBUG:MNF:MNF  ::: [ 70] fit: 1329108.89899 | delta: 4.1e+04 | secs: 0.66425
DEBUG:MNF:MNF  ::: [ 71] fit: 1289711.28297 | delta: 3.9e+04 | secs: 0.62529
DEBUG:MNF:MNF  ::: [ 72] fit: 1251983.30821 | delta: 3.8e+04 | secs: 0.60904
DEBUG:MNF:MNF  ::: [ 73] fit: 1215834.78191 | delta: 3.6e+04 | secs: 0.69428
DEBUG:MNF:MNF  ::: [ 74] fit: 1181183.48813 | delta: 3.5e+04 | secs: 0.64696
DEBUG:MNF:MNF  ::: [ 75] fit: 1147953.63317 | delta: 3.3e+04 | secs: 0.71269
DEBUG:MNF:MNF  ::: [ 76] fit: 1116074.94473 | delta: 3.2e+04 | secs: 0.53926
DEBUG:MNF:MNF  ::: [ 77] fit: 1085481.92707 | delta: 3.1e+04 | secs: 0.57515
DEBUG:MNF:MNF  ::: [ 78] fit: 1056112.96373 | delta: 2.9e+04 | secs: 0.74716
DEBUG:MNF:MNF  ::: [ 79] fit: 1027909.27802 | delta: 2.8e+04 | secs: 0.72362
DEBUG:MNF:MNF  ::: [ 80] fit: 1000813.95452 | delta: 2.7e+04 | secs: 0.71278
DEBUG:MNF:MNF  ::: [ 81] fit: 974771.22708 | delta: 2.6e+04 | secs: 0.93097
DEBUG:MNF:MNF  ::: [ 82] fit: 949726.18026 | delta: 2.5e+04 | secs: 0.90695
DEBUG:MNF:MNF  ::: [ 83] fit: 925625.06206 | delta: 2.4e+04 | secs: 0.65968
DEBUG:MNF:MNF  ::: [ 84] fit: 902416.32674 | delta: 2.3e+04 | secs: 0.76425
DEBUG:MNF:MNF  ::: [ 85] fit: 880052.05245 | delta: 2.2e+04 | secs: 0.84817
DEBUG:MNF:MNF  ::: [ 86] fit: 858488.96543 | delta: 2.2e+04 | secs: 0.71535
DEBUG:MNF:MNF  ::: [ 87] fit: 837688.56475 | delta: 2.1e+04 | secs: 0.68071
DEBUG:MNF:MNF  ::: [ 88] fit: 817616.46103 | delta: 2.0e+04 | secs: 0.79432
DEBUG:MNF:MNF  ::: [ 89] fit: 798241.35922 | delta: 1.9e+04 | secs: 0.80063
DEBUG:MNF:MNF  ::: [ 90] fit: 779534.10861 | delta: 1.9e+04 | secs: 0.80419
DEBUG:MNF:MNF  ::: [ 91] fit: 761467.09445 | delta: 1.8e+04 | secs: 0.72515
DEBUG:MNF:MNF  ::: [ 92] fit: 744013.90501 | delta: 1.7e+04 | secs: 0.67866
DEBUG:MNF:MNF  ::: [ 93] fit: 727148.89287 | delta: 1.7e+04 | secs: 0.68395
DEBUG:MNF:MNF  ::: [ 94] fit: 710846.47315 | delta: 1.6e+04 | secs: 0.87356
DEBUG:MNF:MNF  ::: [ 95] fit: 695080.60939 | delta: 1.6e+04 | secs: 1.04418
DEBUG:MNF:MNF  ::: [ 96] fit: 679825.04359 | delta: 1.5e+04 | secs: 0.95553
DEBUG:MNF:MNF  ::: [ 97] fit: 665054.23553 | delta: 1.5e+04 | secs: 0.82919
DEBUG:MNF:MNF  ::: [ 98] fit: 650744.41473 | delta: 1.4e+04 | secs: 0.80960
DEBUG:MNF:MNF  ::: [ 99] fit: 636874.12749 | delta: 1.4e+04 | secs: 0.77339
DEBUG:MNF:Initializing U
DEBUG:MNF:Initialization completed
DEBUG:MNF:MNF  ::: [  0] fit: 967116392.31910 | delta: 9.7e+08 | secs: 0.48768
DEBUG:MNF:MNF  ::: [  1] fit: 771027591.54482 | delta: 2.0e+08 | secs: 0.66173
DEBUG:MNF:MNF  ::: [  2] fit: 588650883.51702 | delta: 1.8e+08 | secs: 0.65851
DEBUG:MNF:MNF  ::: [  3] fit: 636104688.08179 | delta: 4.7e+07 | secs: 0.64229
DEBUG:MNF:MNF  ::: [  4] fit: 690612767.88847 | delta: 5.5e+07 | secs: 0.69425
DEBUG:MNF:MNF  ::: [  5] fit: 625851444.05783 | delta: 6.5e+07 | secs: 0.77786
DEBUG:MNF:MNF  ::: [  6] fit: 495761870.90098 | delta: 1.3e+08 | secs: 0.74502
DEBUG:MNF:MNF  ::: [  7] fit: 366686781.07728 | delta: 1.3e+08 | secs: 0.65182
DEBUG:MNF:MNF  ::: [  8] fit: 265358010.41644 | delta: 1.0e+08 | secs: 0.69412
DEBUG:MNF:MNF  ::: [  9] fit: 193213815.66702 | delta: 7.2e+07 | secs: 1.23444
DEBUG:MNF:MNF  ::: [ 10] fit: 143582775.66387 | delta: 5.0e+07 | secs: 0.92624
DEBUG:MNF:MNF  ::: [ 11] fit: 109479536.16898 | delta: 3.4e+07 | secs: 0.73564
DEBUG:MNF:MNF  ::: [ 12] fit: 85669887.62308 | delta: 2.4e+07 | secs: 0.55434
DEBUG:MNF:MNF  ::: [ 13] fit: 68650161.58783 | delta: 1.7e+07 | secs: 0.89528
DEBUG:MNF:MNF  ::: [ 14] fit: 56166734.41055 | delta: 1.2e+07 | secs: 0.71923
DEBUG:MNF:MNF  ::: [ 15] fit: 46779276.47442 | delta: 9.4e+06 | secs: 0.64577
DEBUG:MNF:MNF  ::: [ 16] fit: 39557449.26303 | delta: 7.2e+06 | secs: 0.58565
DEBUG:MNF:MNF  ::: [ 17] fit: 33888630.84228 | delta: 5.7e+06 | secs: 0.57848
DEBUG:MNF:MNF  ::: [ 18] fit: 29359815.51364 | delta: 4.5e+06 | secs: 0.63426
DEBUG:MNF:MNF  ::: [ 19] fit: 25685514.03571 | delta: 3.7e+06 | secs: 0.58837
DEBUG:MNF:MNF  ::: [ 20] fit: 22663519.01454 | delta: 3.0e+06 | secs: 0.61245
DEBUG:MNF:MNF  ::: [ 21] fit: 20147468.22572 | delta: 2.5e+06 | secs: 0.57586
DEBUG:MNF:MNF  ::: [ 22] fit: 18029497.54170 | delta: 2.1e+06 | secs: 0.70077
DEBUG:MNF:MNF  ::: [ 23] fit: 16228915.12286 | delta: 1.8e+06 | secs: 0.66521
DEBUG:MNF:MNF  ::: [ 24] fit: 14684518.44036 | delta: 1.5e+06 | secs: 0.67952
DEBUG:MNF:MNF  ::: [ 25] fit: 13349258.35101 | delta: 1.3e+06 | secs: 0.65233
DEBUG:MNF:MNF  ::: [ 26] fit: 12186520.79105 | delta: 1.2e+06 | secs: 0.64206
DEBUG:MNF:MNF  ::: [ 27] fit: 11167514.42258 | delta: 1.0e+06 | secs: 0.65145
DEBUG:MNF:MNF  ::: [ 28] fit: 10269375.29652 | delta: 9.0e+05 | secs: 0.68764
DEBUG:MNF:MNF  ::: [ 29] fit: 9473743.43885 | delta: 8.0e+05 | secs: 0.68013
DEBUG:MNF:MNF  ::: [ 30] fit: 8765686.28821 | delta: 7.1e+05 | secs: 0.60960
DEBUG:MNF:MNF  ::: [ 31] fit: 8132896.91277 | delta: 6.3e+05 | secs: 0.64475
DEBUG:MNF:MNF  ::: [ 32] fit: 7565109.42174 | delta: 5.7e+05 | secs: 0.65912
DEBUG:MNF:MNF  ::: [ 33] fit: 7053684.66723 | delta: 5.1e+05 | secs: 0.68373
DEBUG:MNF:MNF  ::: [ 34] fit: 6591324.87258 | delta: 4.6e+05 | secs: 0.61372
DEBUG:MNF:MNF  ::: [ 35] fit: 6171869.82257 | delta: 4.2e+05 | secs: 0.64097
DEBUG:MNF:MNF  ::: [ 36] fit: 5790124.73617 | delta: 3.8e+05 | secs: 0.60422
DEBUG:MNF:MNF  ::: [ 37] fit: 5441691.53581 | delta: 3.5e+05 | secs: 0.73726
DEBUG:MNF:MNF  ::: [ 38] fit: 5122812.67659 | delta: 3.2e+05 | secs: 0.63468
DEBUG:MNF:MNF  ::: [ 39] fit: 4830252.38484 | delta: 2.9e+05 | secs: 0.65266
DEBUG:MNF:MNF  ::: [ 40] fit: 4561218.97978 | delta: 2.7e+05 | secs: 0.69620
DEBUG:MNF:MNF  ::: [ 41] fit: 4313306.83236 | delta: 2.5e+05 | secs: 0.66453
DEBUG:MNF:MNF  ::: [ 42] fit: 4084438.49805 | delta: 2.3e+05 | secs: 0.73265
DEBUG:MNF:MNF  ::: [ 43] fit: 3872805.58721 | delta: 2.1e+05 | secs: 0.68415
DEBUG:MNF:MNF  ::: [ 44] fit: 3676816.37147 | delta: 2.0e+05 | secs: 0.67355
DEBUG:MNF:MNF  ::: [ 45] fit: 3495055.83112 | delta: 1.8e+05 | secs: 0.74013
DEBUG:MNF:MNF  ::: [ 46] fit: 3326258.57162 | delta: 1.7e+05 | secs: 0.73085
DEBUG:MNF:MNF  ::: [ 47] fit: 3169290.43162 | delta: 1.6e+05 | secs: 0.67549
DEBUG:MNF:MNF  ::: [ 48] fit: 3023132.82455 | delta: 1.5e+05 | secs: 0.89394
DEBUG:MNF:MNF  ::: [ 49] fit: 2886866.50794 | delta: 1.4e+05 | secs: 0.63507
DEBUG:MNF:MNF  ::: [ 50] fit: 2759655.78462 | delta: 1.3e+05 | secs: 0.57288
DEBUG:MNF:MNF  ::: [ 51] fit: 2640736.10550 | delta: 1.2e+05 | secs: 0.57634
DEBUG:MNF:MNF  ::: [ 52] fit: 2529406.27480 | delta: 1.1e+05 | secs: 0.57856
DEBUG:MNF:MNF  ::: [ 53] fit: 2425023.56688 | delta: 1.0e+05 | secs: 0.60517
DEBUG:MNF:MNF  ::: [ 54] fit: 2326999.99023 | delta: 9.8e+04 | secs: 0.59869
DEBUG:MNF:MNF  ::: [ 55] fit: 2234800.05493 | delta: 9.2e+04 | secs: 0.61864
DEBUG:MNF:MNF  ::: [ 56] fit: 2147940.68548 | delta: 8.7e+04 | secs: 0.63181
DEBUG:MNF:MNF  ::: [ 57] fit: 2065991.63450 | delta: 8.2e+04 | secs: 0.61928
DEBUG:MNF:MNF  ::: [ 58] fit: 1988573.51762 | delta: 7.7e+04 | secs: 0.59498
DEBUG:MNF:MNF  ::: [ 59] fit: 1915352.45634 | delta: 7.3e+04 | secs: 0.63963
DEBUG:MNF:MNF  ::: [ 60] fit: 1846032.72789 | delta: 6.9e+04 | secs: 0.58461
DEBUG:MNF:MNF  ::: [ 61] fit: 1780349.33436 | delta: 6.6e+04 | secs: 0.63702
DEBUG:MNF:MNF  ::: [ 62] fit: 1718061.76288 | delta: 6.2e+04 | secs: 0.59882
DEBUG:MNF:MNF  ::: [ 63] fit: 1658949.55293 | delta: 5.9e+04 | secs: 0.66933
DEBUG:MNF:MNF  ::: [ 64] fit: 1602809.46195 | delta: 5.6e+04 | secs: 0.61877
DEBUG:MNF:MNF  ::: [ 65] fit: 1549453.19838 | delta: 5.3e+04 | secs: 0.57957
DEBUG:MNF:MNF  ::: [ 66] fit: 1498704.92731 | delta: 5.1e+04 | secs: 0.68645
DEBUG:MNF:MNF  ::: [ 67] fit: 1450399.08367 | delta: 4.8e+04 | secs: 0.63985
DEBUG:MNF:MNF  ::: [ 68] fit: 1404379.64064 | delta: 4.6e+04 | secs: 0.57245
DEBUG:MNF:MNF  ::: [ 69] fit: 1360500.80379 | delta: 4.4e+04 | secs: 0.59010
DEBUG:MNF:MNF  ::: [ 70] fit: 1318627.74368 | delta: 4.2e+04 | secs: 0.58673
DEBUG:MNF:MNF  ::: [ 71] fit: 1278636.33014 | delta: 4.0e+04 | secs: 0.62981
DEBUG:MNF:MNF  ::: [ 72] fit: 1240412.13569 | delta: 3.8e+04 | secs: 0.61743
DEBUG:MNF:MNF  ::: [ 73] fit: 1203849.37058 | delta: 3.7e+04 | secs: 0.57592
DEBUG:MNF:MNF  ::: [ 74] fit: 1168849.97442 | delta: 3.5e+04 | secs: 0.60398
DEBUG:MNF:MNF  ::: [ 75] fit: 1135322.85679 | delta: 3.4e+04 | secs: 0.58779
DEBUG:MNF:MNF  ::: [ 76] fit: 1103183.27010 | delta: 3.2e+04 | secs: 0.58967
DEBUG:MNF:MNF  ::: [ 77] fit: 1072352.31365 | delta: 3.1e+04 | secs: 0.63108
DEBUG:MNF:MNF  ::: [ 78] fit: 1042756.68886 | delta: 3.0e+04 | secs: 0.69299
DEBUG:MNF:MNF  ::: [ 79] fit: 1014328.67840 | delta: 2.8e+04 | secs: 0.65688
DEBUG:MNF:MNF  ::: [ 80] fit: 987005.85330 | delta: 2.7e+04 | secs: 0.71124
DEBUG:MNF:MNF  ::: [ 81] fit: 960730.03864 | delta: 2.6e+04 | secs: 0.65887
DEBUG:MNF:MNF  ::: [ 82] fit: 935445.89361 | delta: 2.5e+04 | secs: 0.63525
DEBUG:MNF:MNF  ::: [ 83] fit: 911100.17110 | delta: 2.4e+04 | secs: 0.65639
DEBUG:MNF:MNF  ::: [ 84] fit: 887642.27737 | delta: 2.3e+04 | secs: 0.62667
DEBUG:MNF:MNF  ::: [ 85] fit: 865025.55467 | delta: 2.3e+04 | secs: 0.66338
DEBUG:MNF:MNF  ::: [ 86] fit: 843208.24308 | delta: 2.2e+04 | secs: 0.76589
DEBUG:MNF:MNF  ::: [ 87] fit: 822153.70133 | delta: 2.1e+04 | secs: 0.67659
DEBUG:MNF:MNF  ::: [ 88] fit: 801830.07967 | delta: 2.0e+04 | secs: 0.67586
DEBUG:MNF:MNF  ::: [ 89] fit: 782209.63195 | delta: 2.0e+04 | secs: 0.74364
DEBUG:MNF:MNF  ::: [ 90] fit: 763267.70690 | delta: 1.9e+04 | secs: 0.63145
DEBUG:MNF:MNF  ::: [ 91] fit: 744981.48313 | delta: 1.8e+04 | secs: 0.64428
DEBUG:MNF:MNF  ::: [ 92] fit: 727328.60100 | delta: 1.8e+04 | secs: 0.61202
DEBUG:MNF:MNF  ::: [ 93] fit: 710286.04877 | delta: 1.7e+04 | secs: 0.65541
DEBUG:MNF:MNF  ::: [ 94] fit: 693829.83681 | delta: 1.6e+04 | secs: 0.64339
DEBUG:MNF:MNF  ::: [ 95] fit: 677935.70600 | delta: 1.6e+04 | secs: 0.67534
DEBUG:MNF:MNF  ::: [ 96] fit: 662580.42256 | delta: 1.5e+04 | secs: 0.68241
DEBUG:MNF:MNF  ::: [ 97] fit: 647742.76993 | delta: 1.5e+04 | secs: 0.66891
DEBUG:MNF:MNF  ::: [ 98] fit: 633403.59668 | delta: 1.4e+04 | secs: 0.74149
DEBUG:MNF:MNF  ::: [ 99] fit: 619544.95898 | delta: 1.4e+04 | secs: 0.67154
DEBUG:MNF:Initializing U
DEBUG:MNF:Initialization completed
DEBUG:MNF:MNF  ::: [  0] fit: 966934571.21144 | delta: 9.7e+08 | secs: 0.54652
DEBUG:MNF:MNF  ::: [  1] fit: 770276946.34625 | delta: 2.0e+08 | secs: 0.57490
DEBUG:MNF:MNF  ::: [  2] fit: 587377075.84059 | delta: 1.8e+08 | secs: 0.59752
DEBUG:MNF:MNF  ::: [  3] fit: 632727776.71805 | delta: 4.5e+07 | secs: 0.61980
DEBUG:MNF:MNF  ::: [  4] fit: 683380262.79403 | delta: 5.1e+07 | secs: 0.63737
DEBUG:MNF:MNF  ::: [  5] fit: 615805693.90595 | delta: 6.8e+07 | secs: 0.65931
DEBUG:MNF:MNF  ::: [  6] fit: 485420416.95813 | delta: 1.3e+08 | secs: 0.69397
DEBUG:MNF:MNF  ::: [  7] fit: 357834122.34179 | delta: 1.3e+08 | secs: 0.58619
DEBUG:MNF:MNF  ::: [  8] fit: 258542564.70139 | delta: 9.9e+07 | secs: 0.57959
DEBUG:MNF:MNF  ::: [  9] fit: 188248597.35570 | delta: 7.0e+07 | secs: 0.58091
DEBUG:MNF:MNF  ::: [ 10] fit: 140053836.99917 | delta: 4.8e+07 | secs: 0.60175
DEBUG:MNF:MNF  ::: [ 11] fit: 106993873.30509 | delta: 3.3e+07 | secs: 0.58906
DEBUG:MNF:MNF  ::: [ 12] fit: 83923916.10904 | delta: 2.3e+07 | secs: 0.58741
DEBUG:MNF:MNF  ::: [ 13] fit: 67425324.71436 | delta: 1.6e+07 | secs: 0.56875
DEBUG:MNF:MNF  ::: [ 14] fit: 55308257.91896 | delta: 1.2e+07 | secs: 0.55422
DEBUG:MNF:MNF  ::: [ 15] fit: 46177325.44686 | delta: 9.1e+06 | secs: 0.68495
DEBUG:MNF:MNF  ::: [ 16] fit: 39133885.75108 | delta: 7.0e+06 | secs: 0.81010
DEBUG:MNF:MNF  ::: [ 17] fit: 33587966.26985 | delta: 5.5e+06 | secs: 0.78755
DEBUG:MNF:MNF  ::: [ 18] fit: 29142799.22762 | delta: 4.4e+06 | secs: 0.76228
DEBUG:MNF:MNF  ::: [ 19] fit: 25524552.14141 | delta: 3.6e+06 | secs: 0.93276
DEBUG:MNF:MNF  ::: [ 20] fit: 22539476.76480 | delta: 3.0e+06 | secs: 0.81212
DEBUG:MNF:MNF  ::: [ 21] fit: 20047391.20872 | delta: 2.5e+06 | secs: 0.81720
DEBUG:MNF:MNF  ::: [ 22] fit: 17944853.86218 | delta: 2.1e+06 | secs: 0.62723
DEBUG:MNF:MNF  ::: [ 23] fit: 16154224.47548 | delta: 1.8e+06 | secs: 0.79439
DEBUG:MNF:MNF  ::: [ 24] fit: 14616386.51571 | delta: 1.5e+06 | secs: 0.91787
DEBUG:MNF:MNF  ::: [ 25] fit: 13285749.86498 | delta: 1.3e+06 | secs: 0.85425
DEBUG:MNF:MNF  ::: [ 26] fit: 12126712.60823 | delta: 1.2e+06 | secs: 0.82212
DEBUG:MNF:MNF  ::: [ 27] fit: 11111125.01588 | delta: 1.0e+06 | secs: 0.92511
DEBUG:MNF:MNF  ::: [ 28] fit: 10216463.32997 | delta: 8.9e+05 | secs: 0.90427
DEBUG:MNF:MNF  ::: [ 29] fit: 9424498.20832 | delta: 7.9e+05 | secs: 0.89350
DEBUG:MNF:MNF  ::: [ 30] fit: 8720314.45347 | delta: 7.0e+05 | secs: 0.82844
DEBUG:MNF:MNF  ::: [ 31] fit: 8091585.01713 | delta: 6.3e+05 | secs: 1.62221
DEBUG:MNF:MNF  ::: [ 32] fit: 7528024.46495 | delta: 5.6e+05 | secs: 2.42044
DEBUG:MNF:MNF  ::: [ 33] fit: 7020976.06457 | delta: 5.1e+05 | secs: 2.36878
DEBUG:MNF:MNF  ::: [ 34] fit: 6563111.97191 | delta: 4.6e+05 | secs: 2.32926
DEBUG:MNF:MNF  ::: [ 35] fit: 6148222.82640 | delta: 4.1e+05 | secs: 2.34211
DEBUG:MNF:MNF  ::: [ 36] fit: 5771056.00440 | delta: 3.8e+05 | secs: 2.35771
DEBUG:MNF:MNF  ::: [ 37] fit: 5427165.98818 | delta: 3.4e+05 | secs: 2.30759
DEBUG:MNF:MNF  ::: [ 38] fit: 5112768.92218 | delta: 3.1e+05 | secs: 2.42794
DEBUG:MNF:MNF  ::: [ 39] fit: 4824616.50242 | delta: 2.9e+05 | secs: 2.33771
DEBUG:MNF:MNF  ::: [ 40] fit: 4559901.83726 | delta: 2.6e+05 | secs: 2.29471
DEBUG:MNF:MNF  ::: [ 41] fit: 4316191.27628 | delta: 2.4e+05 | secs: 2.30778
DEBUG:MNF:MNF  ::: [ 42] fit: 4091365.89026 | delta: 2.2e+05 | secs: 2.31330
DEBUG:MNF:MNF  ::: [ 43] fit: 3883565.58350 | delta: 2.1e+05 | secs: 2.41405
DEBUG:MNF:MNF  ::: [ 44] fit: 3691141.85319 | delta: 1.9e+05 | secs: 2.44340
DEBUG:MNF:MNF  ::: [ 45] fit: 3512624.17567 | delta: 1.8e+05 | secs: 1.87601
DEBUG:MNF:MNF  ::: [ 46] fit: 3346696.76407 | delta: 1.7e+05 | secs: 1.69150
DEBUG:MNF:MNF  ::: [ 47] fit: 3192181.47983 | delta: 1.5e+05 | secs: 2.37946
DEBUG:MNF:MNF  ::: [ 48] fit: 3048026.23867 | delta: 1.4e+05 | secs: 2.43029
DEBUG:MNF:MNF  ::: [ 49] fit: 2913297.14448 | delta: 1.3e+05 | secs: 2.29176
DEBUG:MNF:MNF  ::: [ 50] fit: 2787169.58898 | delta: 1.3e+05 | secs: 2.59541
DEBUG:MNF:MNF  ::: [ 51] fit: 2668915.89598 | delta: 1.2e+05 | secs: 2.48908
DEBUG:MNF:MNF  ::: [ 52] fit: 2557891.74670 | delta: 1.1e+05 | secs: 2.47272
DEBUG:MNF:MNF  ::: [ 53] fit: 2453523.19918 | delta: 1.0e+05 | secs: 2.47697
DEBUG:MNF:MNF  ::: [ 54] fit: 2355293.46620 | delta: 9.8e+04 | secs: 1.89180
DEBUG:MNF:MNF  ::: [ 55] fit: 2262730.54766 | delta: 9.3e+04 | secs: 1.35427
DEBUG:MNF:MNF  ::: [ 56] fit: 2175399.82306 | delta: 8.7e+04 | secs: 2.16019
DEBUG:MNF:MNF  ::: [ 57] fit: 2092903.44529 | delta: 8.2e+04 | secs: 1.82474
DEBUG:MNF:MNF  ::: [ 58] fit: 2014883.12594 | delta: 7.8e+04 | secs: 1.33596
DEBUG:MNF:MNF  ::: [ 59] fit: 1941020.67948 | delta: 7.4e+04 | secs: 2.18227
DEBUG:MNF:MNF  ::: [ 60] fit: 1871033.66402 | delta: 7.0e+04 | secs: 2.47560
DEBUG:MNF:MNF  ::: [ 61] fit: 1804668.27547 | delta: 6.6e+04 | secs: 2.38706
DEBUG:MNF:MNF  ::: [ 62] fit: 1741693.20840 | delta: 6.3e+04 | secs: 1.80613
DEBUG:MNF:MNF  ::: [ 63] fit: 1681895.93902 | delta: 6.0e+04 | secs: 1.80031
DEBUG:MNF:MNF  ::: [ 64] fit: 1625080.49915 | delta: 5.7e+04 | secs: 2.23434
DEBUG:MNF:MNF  ::: [ 65] fit: 1571065.47401 | delta: 5.4e+04 | secs: 2.40997
DEBUG:MNF:MNF  ::: [ 66] fit: 1519681.86457 | delta: 5.1e+04 | secs: 2.19035
DEBUG:MNF:MNF  ::: [ 67] fit: 1470771.28520 | delta: 4.9e+04 | secs: 2.44489
DEBUG:MNF:MNF  ::: [ 68] fit: 1424184.98415 | delta: 4.7e+04 | secs: 2.39801
DEBUG:MNF:MNF  ::: [ 69] fit: 1379783.40914 | delta: 4.4e+04 | secs: 2.41947
DEBUG:MNF:MNF  ::: [ 70] fit: 1337435.58307 | delta: 4.2e+04 | secs: 2.35998
DEBUG:MNF:MNF  ::: [ 71] fit: 1297018.14798 | delta: 4.0e+04 | secs: 2.27703
DEBUG:MNF:MNF  ::: [ 72] fit: 1258414.62422 | delta: 3.9e+04 | secs: 2.30874
DEBUG:MNF:MNF  ::: [ 73] fit: 1221515.10454 | delta: 3.7e+04 | secs: 2.27763
DEBUG:MNF:MNF  ::: [ 74] fit: 1186215.95353 | delta: 3.5e+04 | secs: 2.40492
DEBUG:MNF:MNF  ::: [ 75] fit: 1152419.38960 | delta: 3.4e+04 | secs: 2.48134
DEBUG:MNF:MNF  ::: [ 76] fit: 1120033.51996 | delta: 3.2e+04 | secs: 2.46981
