DEBUG:M-NMF:Initializing U
DEBUG:M-NMF:Initialization completed
DEBUG:M-NMF:
***************************************************
DEBUG:M-NMF:Train Fit at step {  0}: {0.00000 }
DEBUG:M-NMF:Train accuracy: {0.66667 } , Train Loss: {1.53506 }
DEBUG:M-NMF:Validation accuracy: {0.20000 } , Validation Loss: {3.68414 }
DEBUG:M-NMF:***************************************************

DEBUG:M-NMF:M-NMF ::: [  0] fit: 0.00000 | delta: 0.0e+00 | secs: 0.20091
DEBUG:M-NMF:***************************************************

DEBUG:M-NMF:Initializing U
DEBUG:M-NMF:Initialization completed
DEBUG:M-NMF:
***************************************************
DEBUG:M-NMF:Train Fit at step {  0}: {0.00000 }
DEBUG:M-NMF:Train accuracy: {0.71429 } , Train Loss: {1.31576 }
DEBUG:M-NMF:Validation accuracy: {0.40000 } , Validation Loss: {2.76310 }
DEBUG:M-NMF:***************************************************

DEBUG:M-NMF:M-NMF ::: [  0] fit: 0.00000 | delta: 0.0e+00 | secs: 0.02110
DEBUG:M-NMF:***************************************************

DEBUG:M-NMF:Initializing U
DEBUG:M-NMF:Initialization completed
DEBUG:M-NMF:
***************************************************
DEBUG:M-NMF:Train Fit at step {  0}: {0.00000 }
DEBUG:M-NMF:Train accuracy: {0.61905 } , Train Loss: {1.75435 }
DEBUG:M-NMF:Validation accuracy: {0.60000 } , Validation Loss: {1.84207 }
DEBUG:M-NMF:***************************************************

DEBUG:M-NMF:M-NMF ::: [  0] fit: 0.00000 | delta: 0.0e+00 | secs: 0.02399
DEBUG:M-NMF:***************************************************

DEBUG:M-NMF:Initializing U
DEBUG:M-NMF:Initialization completed
DEBUG:M-NMF:
***************************************************
DEBUG:M-NMF:Train Fit at step {  0}: {0.00000 }
DEBUG:M-NMF:Train accuracy: {0.57143 } , Train Loss: {1.97364 }
DEBUG:M-NMF:Validation accuracy: {0.60000 } , Validation Loss: {1.84207 }
DEBUG:M-NMF:***************************************************

DEBUG:M-NMF:M-NMF ::: [  0] fit: 0.00000 | delta: 0.0e+00 | secs: 0.40294
DEBUG:M-NMF:***************************************************

DEBUG:M-NMF:Initializing U
DEBUG:M-NMF:Initialization completed
DEBUG:M-NMF:
***************************************************
DEBUG:M-NMF:Train Fit at step {  0}: {0.00000 }
DEBUG:M-NMF:Train accuracy: {0.76190 } , Train Loss: {1.09647 }
DEBUG:M-NMF:Validation accuracy: {0.00000 } , Validation Loss: {4.60517 }
DEBUG:M-NMF:***************************************************

DEBUG:M-NMF:M-NMF ::: [  0] fit: 0.00000 | delta: 0.0e+00 | secs: 0.02928
DEBUG:M-NMF:***************************************************

DEBUG:M-NMF:Initializing U
DEBUG:M-NMF:Initialization completed
DEBUG:M-NMF:
***************************************************
DEBUG:M-NMF:Train Fit at step {  0}: {0.00000 }
DEBUG:M-NMF:Train accuracy: {0.76190 } , Train Loss: {1.09647 }
DEBUG:M-NMF:Validation accuracy: {0.40000 } , Validation Loss: {2.76310 }
DEBUG:M-NMF:***************************************************

DEBUG:M-NMF:M-NMF ::: [  0] fit: 0.00000 | delta: 0.0e+00 | secs: 0.02508
DEBUG:M-NMF:***************************************************

DEBUG:M-NMF:Initializing U
DEBUG:M-NMF:Initialization completed
DEBUG:M-NMF:
***************************************************
DEBUG:M-NMF:Train Fit at step {  0}: {0.00000 }
DEBUG:M-NMF:Train accuracy: {0.60317 } , Train Loss: {1.82745 }
DEBUG:M-NMF:Validation accuracy: {0.66667 } , Validation Loss: {1.53506 }
DEBUG:M-NMF:***************************************************

DEBUG:M-NMF:M-NMF ::: [  0] fit: 0.00000 | delta: 0.0e+00 | secs: 0.02438
DEBUG:M-NMF:***************************************************

DEBUG:M-NMF:Initializing U
DEBUG:M-NMF:Initialization completed
DEBUG:M-NMF:
***************************************************
DEBUG:M-NMF:Train Fit at step {  0}: {0.00000 }
DEBUG:M-NMF:Train accuracy: {0.68254 } , Train Loss: {1.46196 }
DEBUG:M-NMF:Validation accuracy: {0.53333 } , Validation Loss: {2.14908 }
DEBUG:M-NMF:***************************************************

DEBUG:M-NMF:M-NMF ::: [  0] fit: 0.00000 | delta: 0.0e+00 | secs: 0.12816
DEBUG:M-NMF:***************************************************

DEBUG:M-NMF:Initializing U
DEBUG:M-NMF:Initialization completed
DEBUG:M-NMF:
***************************************************
DEBUG:M-NMF:Train Fit at step {  0}: {0.00000 }
DEBUG:M-NMF:Train accuracy: {0.66667 } , Train Loss: {1.53506 }
DEBUG:M-NMF:Validation accuracy: {0.53333 } , Validation Loss: {2.14908 }
DEBUG:M-NMF:***************************************************

DEBUG:M-NMF:M-NMF ::: [  0] fit: 0.00000 | delta: 0.0e+00 | secs: 0.16805
DEBUG:M-NMF:***************************************************

DEBUG:M-NMF:Initializing U
DEBUG:M-NMF:Initialization completed
DEBUG:M-NMF:
***************************************************
DEBUG:M-NMF:Train Fit at step {  0}: {0.00000 }
DEBUG:M-NMF:Train accuracy: {0.55556 } , Train Loss: {2.04674 }
DEBUG:M-NMF:Validation accuracy: {0.46667 } , Validation Loss: {2.45609 }
DEBUG:M-NMF:***************************************************

DEBUG:M-NMF:M-NMF ::: [  0] fit: 0.00000 | delta: 0.0e+00 | secs: 0.09368
DEBUG:M-NMF:***************************************************

DEBUG:M-NMF:Initializing U
DEBUG:M-NMF:Initialization completed
DEBUG:M-NMF:
***************************************************
DEBUG:M-NMF:Train Fit at step {  0}: {0.00000 }
DEBUG:M-NMF:Train accuracy: {0.67925 } , Train Loss: {1.47713 }
DEBUG:M-NMF:Validation accuracy: {0.50000 } , Validation Loss: {2.30259 }
DEBUG:M-NMF:***************************************************

DEBUG:M-NMF:M-NMF ::: [  0] fit: 0.00000 | delta: 0.0e+00 | secs: 0.32480
DEBUG:M-NMF:***************************************************

DEBUG:M-NMF:Initializing U
DEBUG:M-NMF:Initialization completed
DEBUG:M-NMF:
***************************************************
DEBUG:M-NMF:Train Fit at step {  0}: {0.00000 }
DEBUG:M-NMF:Train accuracy: {0.70755 } , Train Loss: {1.34680 }
DEBUG:M-NMF:Validation accuracy: {0.30769 } , Validation Loss: {3.18819 }
DEBUG:M-NMF:***************************************************

DEBUG:M-NMF:M-NMF ::: [  0] fit: 0.00000 | delta: 0.0e+00 | secs: 0.33090
DEBUG:M-NMF:***************************************************

DEBUG:M-NMF:Initializing U
DEBUG:M-NMF:Initialization completed
DEBUG:M-NMF:
***************************************************
DEBUG:M-NMF:Train Fit at step {  0}: {0.00000 }
DEBUG:M-NMF:Train accuracy: {0.66038 } , Train Loss: {1.56402 }
DEBUG:M-NMF:Validation accuracy: {0.50000 } , Validation Loss: {2.30259 }
DEBUG:M-NMF:***************************************************

DEBUG:M-NMF:M-NMF ::: [  0] fit: 0.00000 | delta: 0.0e+00 | secs: 0.32926
DEBUG:M-NMF:***************************************************

DEBUG:M-NMF:Initializing U
DEBUG:M-NMF:Initialization completed
DEBUG:M-NMF:
***************************************************
DEBUG:M-NMF:Train Fit at step {  0}: {0.00000 }
DEBUG:M-NMF:Train accuracy: {0.68868 } , Train Loss: {1.43369 }
DEBUG:M-NMF:Validation accuracy: {0.53846 } , Validation Loss: {2.12546 }
DEBUG:M-NMF:***************************************************

DEBUG:M-NMF:M-NMF ::: [  0] fit: 0.00000 | delta: 0.0e+00 | secs: 0.19882
DEBUG:M-NMF:***************************************************

DEBUG:M-NMF:Initializing U
DEBUG:M-NMF:Initialization completed
DEBUG:M-NMF:
***************************************************
DEBUG:M-NMF:Train Fit at step {  0}: {0.00000 }
DEBUG:M-NMF:Train accuracy: {0.66038 } , Train Loss: {1.56402 }
DEBUG:M-NMF:Validation accuracy: {0.53846 } , Validation Loss: {2.12546 }
DEBUG:M-NMF:***************************************************

DEBUG:M-NMF:M-NMF ::: [  0] fit: 0.00000 | delta: 0.0e+00 | secs: 0.02692
DEBUG:M-NMF:***************************************************

