DEBUG:MNF:Initializing U
DEBUG:MNF:Initialization completed
DEBUG:MNF:MNF  ::: [  0] fit: 987878594.45049 | delta: 9.9e+08 | secs: 1.99862
DEBUG:MNF:MNF  ::: [  1] fit: 953270119.33442 | delta: 3.5e+07 | secs: 2.02272
DEBUG:MNF:MNF  ::: [  2] fit: 1920624197.32204 | delta: 9.7e+08 | secs: 2.01584
DEBUG:MNF:MNF  ::: [  3] fit: 4683221591.63014 | delta: 2.8e+09 | secs: 1.90686
DEBUG:MNF:MNF  ::: [  4] fit: 7048923730.26481 | delta: 2.4e+09 | secs: 2.26705
DEBUG:MNF:MNF  ::: [  5] fit: 7538784753.02664 | delta: 4.9e+08 | secs: 2.51908
DEBUG:MNF:MNF  ::: [  6] fit: 6601666352.36704 | delta: 9.4e+08 | secs: 2.19785
DEBUG:MNF:MNF  ::: [  7] fit: 5127421966.26720 | delta: 1.5e+09 | secs: 2.75323
DEBUG:MNF:MNF  ::: [  8] fit: 3696205137.30278 | delta: 1.4e+09 | secs: 2.30168
DEBUG:MNF:MNF  ::: [  9] fit: 2549501536.10704 | delta: 1.1e+09 | secs: 1.98291
DEBUG:MNF:MNF  ::: [ 10] fit: 1725279985.02318 | delta: 8.2e+08 | secs: 2.01491
DEBUG:MNF:MNF  ::: [ 11] fit: 1170756010.78251 | delta: 5.5e+08 | secs: 2.46798
DEBUG:MNF:MNF  ::: [ 12] fit: 810619545.68933 | delta: 3.6e+08 | secs: 2.04027
DEBUG:MNF:MNF  ::: [ 13] fit: 579134701.28571 | delta: 2.3e+08 | secs: 2.46078
DEBUG:MNF:MNF  ::: [ 14] fit: 429024684.01543 | delta: 1.5e+08 | secs: 1.95273
DEBUG:MNF:MNF  ::: [ 15] fit: 329525744.78164 | delta: 9.9e+07 | secs: 2.29051
DEBUG:MNF:MNF  ::: [ 16] fit: 261600616.93705 | delta: 6.8e+07 | secs: 2.03153
DEBUG:MNF:MNF  ::: [ 17] fit: 213694816.85272 | delta: 4.8e+07 | secs: 2.00003
DEBUG:MNF:MNF  ::: [ 18] fit: 178792553.13921 | delta: 3.5e+07 | secs: 2.01853
DEBUG:MNF:MNF  ::: [ 19] fit: 152577774.21565 | delta: 2.6e+07 | secs: 2.16054
DEBUG:MNF:MNF  ::: [ 20] fit: 132339504.22716 | delta: 2.0e+07 | secs: 2.36752
DEBUG:MNF:MNF  ::: [ 21] fit: 116332237.15287 | delta: 1.6e+07 | secs: 2.17198
DEBUG:MNF:MNF  ::: [ 22] fit: 103402362.90642 | delta: 1.3e+07 | secs: 2.17083
DEBUG:MNF:MNF  ::: [ 23] fit: 92767380.39506 | delta: 1.1e+07 | secs: 2.68168
DEBUG:MNF:MNF  ::: [ 24] fit: 83882902.10570 | delta: 8.9e+06 | secs: 2.36731
DEBUG:MNF:MNF  ::: [ 25] fit: 76360803.08009 | delta: 7.5e+06 | secs: 2.12183
DEBUG:MNF:MNF  ::: [ 26] fit: 69917853.80890 | delta: 6.4e+06 | secs: 2.14902
DEBUG:MNF:MNF  ::: [ 27] fit: 64342965.98219 | delta: 5.6e+06 | secs: 1.81162
DEBUG:MNF:MNF  ::: [ 28] fit: 59475941.96621 | delta: 4.9e+06 | secs: 2.42308
DEBUG:MNF:MNF  ::: [ 29] fit: 55193311.27751 | delta: 4.3e+06 | secs: 2.55389
DEBUG:MNF:MNF  ::: [ 30] fit: 51398557.50901 | delta: 3.8e+06 | secs: 2.31595
DEBUG:MNF:MNF  ::: [ 31] fit: 48015203.60019 | delta: 3.4e+06 | secs: 2.44567
DEBUG:MNF:MNF  ::: [ 32] fit: 44981890.79544 | delta: 3.0e+06 | secs: 2.17641
DEBUG:MNF:MNF  ::: [ 33] fit: 42248855.79443 | delta: 2.7e+06 | secs: 2.18908
DEBUG:MNF:MNF  ::: [ 34] fit: 39775330.51609 | delta: 2.5e+06 | secs: 1.88505
DEBUG:MNF:MNF  ::: [ 35] fit: 37527552.16169 | delta: 2.2e+06 | secs: 2.55646
DEBUG:MNF:MNF  ::: [ 36] fit: 35477253.67132 | delta: 2.1e+06 | secs: 2.25958
DEBUG:MNF:MNF  ::: [ 37] fit: 33600578.52369 | delta: 1.9e+06 | secs: 2.59248
DEBUG:MNF:MNF  ::: [ 38] fit: 31877315.13304 | delta: 1.7e+06 | secs: 2.12953
DEBUG:MNF:MNF  ::: [ 39] fit: 30290302.79949 | delta: 1.6e+06 | secs: 1.96692
DEBUG:MNF:MNF  ::: [ 40] fit: 28824905.22243 | delta: 1.5e+06 | secs: 2.28705
DEBUG:MNF:MNF  ::: [ 41] fit: 27468532.67390 | delta: 1.4e+06 | secs: 2.25519
DEBUG:MNF:MNF  ::: [ 42] fit: 26210238.60881 | delta: 1.3e+06 | secs: 1.86841
DEBUG:MNF:MNF  ::: [ 43] fit: 25040411.33788 | delta: 1.2e+06 | secs: 2.55398
DEBUG:MNF:MNF  ::: [ 44] fit: 23950562.67604 | delta: 1.1e+06 | secs: 2.23327
DEBUG:MNF:MNF  ::: [ 45] fit: 22933191.37555 | delta: 1.0e+06 | secs: 1.70812
DEBUG:MNF:MNF  ::: [ 46] fit: 21981679.19430 | delta: 9.5e+05 | secs: 1.82355
DEBUG:MNF:MNF  ::: [ 47] fit: 21090188.52046 | delta: 8.9e+05 | secs: 1.81211
DEBUG:MNF:MNF  ::: [ 48] fit: 20253559.80490 | delta: 8.4e+05 | secs: 2.05219
DEBUG:MNF:MNF  ::: [ 49] fit: 19467218.08334 | delta: 7.9e+05 | secs: 2.18047
DEBUG:MNF:MNF  ::: [ 50] fit: 18727088.67784 | delta: 7.4e+05 | secs: 1.91711
DEBUG:MNF:MNF  ::: [ 51] fit: 18029515.84274 | delta: 7.0e+05 | secs: 2.34735
DEBUG:MNF:MNF  ::: [ 52] fit: 17371185.68500 | delta: 6.6e+05 | secs: 2.29230
DEBUG:MNF:MNF  ::: [ 53] fit: 16749066.29062 | delta: 6.2e+05 | secs: 1.89948
DEBUG:MNF:MNF  ::: [ 54] fit: 16160375.98784 | delta: 5.9e+05 | secs: 2.07866
DEBUG:MNF:MNF  ::: [ 55] fit: 15602574.67185 | delta: 5.6e+05 | secs: 1.94758
DEBUG:MNF:MNF  ::: [ 56] fit: 15073362.00453 | delta: 5.3e+05 | secs: 2.09036
DEBUG:MNF:MNF  ::: [ 57] fit: 14570670.60955 | delta: 5.0e+05 | secs: 2.06497
DEBUG:MNF:MNF  ::: [ 58] fit: 14092651.67272 | delta: 4.8e+05 | secs: 2.55534
DEBUG:MNF:MNF  ::: [ 59] fit: 13637653.51431 | delta: 4.5e+05 | secs: 2.24819
DEBUG:MNF:MNF  ::: [ 60] fit: 13204193.20365 | delta: 4.3e+05 | secs: 2.34975
DEBUG:MNF:MNF  ::: [ 61] fit: 12790924.55552 | delta: 4.1e+05 | secs: 2.07789
DEBUG:MNF:MNF  ::: [ 62] fit: 12396609.24502 | delta: 3.9e+05 | secs: 2.45139
DEBUG:MNF:MNF  ::: [ 63] fit: 12020096.12086 | delta: 3.8e+05 | secs: 1.79521
DEBUG:MNF:MNF  ::: [ 64] fit: 11660309.91789 | delta: 3.6e+05 | secs: 2.38379
DEBUG:MNF:MNF  ::: [ 65] fit: 11316248.93074 | delta: 3.4e+05 | secs: 1.93956
DEBUG:MNF:MNF  ::: [ 66] fit: 10986988.82985 | delta: 3.3e+05 | secs: 2.57495
DEBUG:MNF:MNF  ::: [ 67] fit: 10671686.08319 | delta: 3.2e+05 | secs: 2.03166
DEBUG:MNF:MNF  ::: [ 68] fit: 10369574.79117 | delta: 3.0e+05 | secs: 2.44003
DEBUG:MNF:MNF  ::: [ 69] fit: 10079956.06850 | delta: 2.9e+05 | secs: 2.08896
DEBUG:MNF:MNF  ::: [ 70] fit: 9802183.72397 | delta: 2.8e+05 | secs: 2.01448
DEBUG:MNF:MNF  ::: [ 71] fit: 9535651.37430 | delta: 2.7e+05 | secs: 2.19741
DEBUG:MNF:MNF  ::: [ 72] fit: 9279784.68629 | delta: 2.6e+05 | secs: 2.53815
DEBUG:MNF:MNF  ::: [ 73] fit: 9034038.80607 | delta: 2.5e+05 | secs: 2.37349
DEBUG:MNF:MNF  ::: [ 74] fit: 8797897.90658 | delta: 2.4e+05 | secs: 2.00590
DEBUG:MNF:MNF  ::: [ 75] fit: 8570873.79199 | delta: 2.3e+05 | secs: 2.18478
DEBUG:MNF:MNF  ::: [ 76] fit: 8352503.55595 | delta: 2.2e+05 | secs: 2.06052
DEBUG:MNF:MNF  ::: [ 77] fit: 8142348.23026 | delta: 2.1e+05 | secs: 1.96905
DEBUG:MNF:MNF  ::: [ 78] fit: 7939992.98897 | delta: 2.0e+05 | secs: 1.93181
DEBUG:MNF:MNF  ::: [ 79] fit: 7745047.80713 | delta: 1.9e+05 | secs: 2.15401
DEBUG:MNF:MNF  ::: [ 80] fit: 7557147.88943 | delta: 1.9e+05 | secs: 2.30954
DEBUG:MNF:MNF  ::: [ 81] fit: 7375953.85953 | delta: 1.8e+05 | secs: 2.21668
DEBUG:MNF:MNF  ::: [ 82] fit: 7201151.08387 | delta: 1.7e+05 | secs: 2.37015
DEBUG:MNF:MNF  ::: [ 83] fit: 7032447.37822 | delta: 1.7e+05 | secs: 1.90054
DEBUG:MNF:MNF  ::: [ 84] fit: 6869569.27148 | delta: 1.6e+05 | secs: 2.01978
DEBUG:MNF:MNF  ::: [ 85] fit: 6712257.94099 | delta: 1.6e+05 | secs: 1.88304
DEBUG:MNF:MNF  ::: [ 86] fit: 6560266.65614 | delta: 1.5e+05 | secs: 1.91338
DEBUG:MNF:MNF  ::: [ 87] fit: 6413360.34693 | delta: 1.5e+05 | secs: 2.05067
DEBUG:MNF:MNF  ::: [ 88] fit: 6271316.10727 | delta: 1.4e+05 | secs: 1.91574
DEBUG:MNF:MNF  ::: [ 89] fit: 6133923.05557 | delta: 1.4e+05 | secs: 2.13932
DEBUG:MNF:MNF  ::: [ 90] fit: 6000981.48756 | delta: 1.3e+05 | secs: 2.23193
DEBUG:MNF:MNF  ::: [ 91] fit: 5872301.64627 | delta: 1.3e+05 | secs: 2.23719
DEBUG:MNF:MNF  ::: [ 92] fit: 5747702.11019 | delta: 1.2e+05 | secs: 2.31462
DEBUG:MNF:MNF  ::: [ 93] fit: 5627007.98896 | delta: 1.2e+05 | secs: 2.33990
DEBUG:MNF:MNF  ::: [ 94] fit: 5510049.99432 | delta: 1.2e+05 | secs: 2.36977
DEBUG:MNF:MNF  ::: [ 95] fit: 5396665.54533 | delta: 1.1e+05 | secs: 2.28388
DEBUG:MNF:MNF  ::: [ 96] fit: 5286701.70950 | delta: 1.1e+05 | secs: 1.67433
DEBUG:MNF:MNF  ::: [ 97] fit: 5180018.36028 | delta: 1.1e+05 | secs: 1.90638
DEBUG:MNF:MNF  ::: [ 98] fit: 5076489.37747 | delta: 1.0e+05 | secs: 1.90937
DEBUG:MNF:MNF  ::: [ 99] fit: 4976000.55095 | delta: 1.0e+05 | secs: 1.91333
DEBUG:MNF:MNF  ::: [100] fit: 4878445.22179 | delta: 9.8e+04 | secs: 1.96375
DEBUG:MNF:MNF  ::: [101] fit: 4783719.55359 | delta: 9.5e+04 | secs: 2.02493
DEBUG:MNF:MNF  ::: [102] fit: 4691719.46919 | delta: 9.2e+04 | secs: 1.87005
DEBUG:MNF:MNF  ::: [103] fit: 4602340.14244 | delta: 8.9e+04 | secs: 2.34085
DEBUG:MNF:MNF  ::: [104] fit: 4515477.49011 | delta: 8.7e+04 | secs: 1.69227
DEBUG:MNF:MNF  ::: [105] fit: 4431029.93202 | delta: 8.4e+04 | secs: 2.19355
DEBUG:MNF:MNF  ::: [106] fit: 4348899.17673 | delta: 8.2e+04 | secs: 2.09295
DEBUG:MNF:MNF  ::: [107] fit: 4268990.40832 | delta: 8.0e+04 | secs: 2.23288
DEBUG:MNF:MNF  ::: [108] fit: 4191213.11694 | delta: 7.8e+04 | secs: 2.00009
DEBUG:MNF:MNF  ::: [109] fit: 4115482.88273 | delta: 7.6e+04 | secs: 1.88272
DEBUG:MNF:MNF  ::: [110] fit: 4041723.08562 | delta: 7.4e+04 | secs: 2.39837
DEBUG:MNF:MNF  ::: [111] fit: 3969865.19128 | delta: 7.2e+04 | secs: 2.18988
DEBUG:MNF:MNF  ::: [112] fit: 3899847.02400 | delta: 7.0e+04 | secs: 2.27931
DEBUG:MNF:MNF  ::: [113] fit: 3831609.67695 | delta: 6.8e+04 | secs: 2.11895
DEBUG:MNF:MNF  ::: [114] fit: 3765094.73779 | delta: 6.7e+04 | secs: 1.98809
DEBUG:MNF:MNF  ::: [115] fit: 3700243.36821 | delta: 6.5e+04 | secs: 2.02297
DEBUG:MNF:MNF  ::: [116] fit: 3636997.43340 | delta: 6.3e+04 | secs: 1.85733
DEBUG:MNF:MNF  ::: [117] fit: 3575301.41163 | delta: 6.2e+04 | secs: 2.22539
DEBUG:MNF:MNF  ::: [118] fit: 3515103.45677 | delta: 6.0e+04 | secs: 1.99423
DEBUG:MNF:MNF  ::: [119] fit: 3456354.89028 | delta: 5.9e+04 | secs: 2.09309
DEBUG:MNF:MNF  ::: [120] fit: 3399008.79978 | delta: 5.7e+04 | secs: 2.24966
DEBUG:MNF:MNF  ::: [121] fit: 3343019.08447 | delta: 5.6e+04 | secs: 2.08246
DEBUG:MNF:MNF  ::: [122] fit: 3288340.48829 | delta: 5.5e+04 | secs: 2.18498
DEBUG:MNF:MNF  ::: [123] fit: 3234929.16008 | delta: 5.3e+04 | secs: 1.89638
DEBUG:MNF:MNF  ::: [124] fit: 3182743.29789 | delta: 5.2e+04 | secs: 1.90856
DEBUG:MNF:MNF  ::: [125] fit: 3131743.72718 | delta: 5.1e+04 | secs: 2.03358
DEBUG:MNF:MNF  ::: [126] fit: 3081894.20932 | delta: 5.0e+04 | secs: 2.04326
DEBUG:MNF:MNF  ::: [127] fit: 3033161.15991 | delta: 4.9e+04 | secs: 1.81879
DEBUG:MNF:MNF  ::: [128] fit: 2985512.82849 | delta: 4.8e+04 | secs: 2.12143
DEBUG:MNF:MNF  ::: [129] fit: 2938918.36804 | delta: 4.7e+04 | secs: 1.89056
DEBUG:MNF:MNF  ::: [130] fit: 2893347.20521 | delta: 4.6e+04 | secs: 2.04552
DEBUG:MNF:MNF  ::: [131] fit: 2848768.99114 | delta: 4.5e+04 | secs: 1.77521
DEBUG:MNF:MNF  ::: [132] fit: 2805154.24138 | delta: 4.4e+04 | secs: 2.11621
DEBUG:MNF:MNF  ::: [133] fit: 2762475.23480 | delta: 4.3e+04 | secs: 1.94340
DEBUG:MNF:MNF  ::: [134] fit: 2720706.36244 | delta: 4.2e+04 | secs: 2.01750
DEBUG:MNF:MNF  ::: [135] fit: 2679823.62307 | delta: 4.1e+04 | secs: 1.96766
DEBUG:MNF:MNF  ::: [136] fit: 2639803.86937 | delta: 4.0e+04 | secs: 2.33818
DEBUG:MNF:MNF  ::: [137] fit: 2600624.70437 | delta: 3.9e+04 | secs: 2.32771
DEBUG:MNF:MNF  ::: [138] fit: 2562265.13710 | delta: 3.8e+04 | secs: 1.98718
DEBUG:MNF:MNF  ::: [139] fit: 2524706.10534 | delta: 3.8e+04 | secs: 2.41222
DEBUG:MNF:MNF  ::: [140] fit: 2487930.03729 | delta: 3.7e+04 | secs: 2.12561
DEBUG:MNF:MNF  ::: [141] fit: 2451919.61198 | delta: 3.6e+04 | secs: 2.35107
DEBUG:MNF:MNF  ::: [142] fit: 2416656.53494 | delta: 3.5e+04 | secs: 2.28519
DEBUG:MNF:MNF  ::: [143] fit: 2382120.99131 | delta: 3.5e+04 | secs: 2.01549
DEBUG:MNF:MNF  ::: [144] fit: 2348292.01024 | delta: 3.4e+04 | secs: 2.41871
DEBUG:MNF:MNF  ::: [145] fit: 2315148.53889 | delta: 3.3e+04 | secs: 2.09725
DEBUG:MNF:MNF  ::: [146] fit: 2282670.63513 | delta: 3.2e+04 | secs: 2.24091
DEBUG:MNF:MNF  ::: [147] fit: 2250840.13061 | delta: 3.2e+04 | secs: 1.99802
DEBUG:MNF:MNF  ::: [148] fit: 2219640.49356 | delta: 3.1e+04 | secs: 2.03485
DEBUG:MNF:MNF  ::: [149] fit: 2189056.12766 | delta: 3.1e+04 | secs: 1.98089
DEBUG:MNF:MNF  ::: [150] fit: 2159071.61965 | delta: 3.0e+04 | secs: 2.01494
DEBUG:MNF:MNF  ::: [151] fit: 2129671.35778 | delta: 2.9e+04 | secs: 2.14166
DEBUG:MNF:MNF  ::: [152] fit: 2100839.58056 | delta: 2.9e+04 | secs: 2.14889
DEBUG:MNF:MNF  ::: [153] fit: 2072560.65576 | delta: 2.8e+04 | secs: 2.02589
DEBUG:MNF:MNF  ::: [154] fit: 2044819.42263 | delta: 2.8e+04 | secs: 2.20859
DEBUG:MNF:MNF  ::: [155] fit: 2017601.54280 | delta: 2.7e+04 | secs: 2.29857
DEBUG:MNF:MNF  ::: [156] fit: 1990893.76560 | delta: 2.7e+04 | secs: 1.63638
DEBUG:MNF:MNF  ::: [157] fit: 1964683.90374 | delta: 2.6e+04 | secs: 1.95146
DEBUG:MNF:MNF  ::: [158] fit: 1938960.44027 | delta: 2.6e+04 | secs: 1.56696
DEBUG:MNF:MNF  ::: [159] fit: 1913712.04874 | delta: 2.5e+04 | secs: 2.09822
DEBUG:MNF:MNF  ::: [160] fit: 1888927.37000 | delta: 2.5e+04 | secs: 2.01105
DEBUG:MNF:MNF  ::: [161] fit: 1864595.07042 | delta: 2.4e+04 | secs: 2.12977
DEBUG:MNF:MNF  ::: [162] fit: 1840703.95036 | delta: 2.4e+04 | secs: 1.99597
DEBUG:MNF:MNF  ::: [163] fit: 1817242.97625 | delta: 2.3e+04 | secs: 2.15760
DEBUG:MNF:MNF  ::: [164] fit: 1794201.34010 | delta: 2.3e+04 | secs: 2.26467
DEBUG:MNF:MNF  ::: [165] fit: 1771568.69670 | delta: 2.3e+04 | secs: 1.88988
DEBUG:MNF:MNF  ::: [166] fit: 1749335.50433 | delta: 2.2e+04 | secs: 2.48820
DEBUG:MNF:MNF  ::: [167] fit: 1727493.22213 | delta: 2.2e+04 | secs: 1.96470
DEBUG:MNF:MNF  ::: [168] fit: 1706034.18614 | delta: 2.1e+04 | secs: 1.96388
DEBUG:MNF:MNF  ::: [169] fit: 1684951.22807 | delta: 2.1e+04 | secs: 2.23591
DEBUG:MNF:MNF  ::: [170] fit: 1664237.33733 | delta: 2.1e+04 | secs: 2.24195
DEBUG:MNF:MNF  ::: [171] fit: 1643885.45340 | delta: 2.0e+04 | secs: 2.41056
DEBUG:MNF:MNF  ::: [172] fit: 1623888.30426 | delta: 2.0e+04 | secs: 2.17056
DEBUG:MNF:MNF  ::: [173] fit: 1604238.28384 | delta: 2.0e+04 | secs: 2.34048
DEBUG:MNF:MNF  ::: [174] fit: 1584927.41863 | delta: 1.9e+04 | secs: 2.39065
DEBUG:MNF:MNF  ::: [175] fit: 1565947.43228 | delta: 1.9e+04 | secs: 1.89793
DEBUG:MNF:MNF  ::: [176] fit: 1547289.94326 | delta: 1.9e+04 | secs: 2.08694
DEBUG:MNF:MNF  ::: [177] fit: 1528946.77369 | delta: 1.8e+04 | secs: 2.16323
DEBUG:MNF:MNF  ::: [178] fit: 1510910.27343 | delta: 1.8e+04 | secs: 2.14837
DEBUG:MNF:MNF  ::: [179] fit: 1493173.54577 | delta: 1.8e+04 | secs: 1.94380
DEBUG:MNF:MNF  ::: [180] fit: 1475730.54212 | delta: 1.7e+04 | secs: 1.82937
DEBUG:MNF:MNF  ::: [181] fit: 1458576.02834 | delta: 1.7e+04 | secs: 2.02503
DEBUG:MNF:MNF  ::: [182] fit: 1441705.39335 | delta: 1.7e+04 | secs: 2.44871
DEBUG:MNF:MNF  ::: [183] fit: 1425114.31580 | delta: 1.7e+04 | secs: 1.87597
DEBUG:MNF:MNF  ::: [184] fit: 1408798.43609 | delta: 1.6e+04 | secs: 2.11803
DEBUG:MNF:MNF  ::: [185] fit: 1392753.17789 | delta: 1.6e+04 | secs: 2.14603
DEBUG:MNF:MNF  ::: [186] fit: 1376973.71537 | delta: 1.6e+04 | secs: 1.88705
DEBUG:MNF:MNF  ::: [187] fit: 1361454.99703 | delta: 1.6e+04 | secs: 2.04392
DEBUG:MNF:MNF  ::: [188] fit: 1346191.77158 | delta: 1.5e+04 | secs: 2.06132
DEBUG:MNF:MNF  ::: [189] fit: 1331178.62561 | delta: 1.5e+04 | secs: 1.88213
DEBUG:MNF:MNF  ::: [190] fit: 1316410.07364 | delta: 1.5e+04 | secs: 1.94453
DEBUG:MNF:MNF  ::: [191] fit: 1301880.70230 | delta: 1.5e+04 | secs: 2.08512
DEBUG:MNF:MNF  ::: [192] fit: 1287585.30622 | delta: 1.4e+04 | secs: 2.36486
DEBUG:MNF:MNF  ::: [193] fit: 1273518.91778 | delta: 1.4e+04 | secs: 2.04104
DEBUG:MNF:MNF  ::: [194] fit: 1259676.67814 | delta: 1.4e+04 | secs: 2.17345
DEBUG:MNF:MNF  ::: [195] fit: 1246053.61665 | delta: 1.4e+04 | secs: 2.07517
DEBUG:MNF:MNF  ::: [196] fit: 1232644.51203 | delta: 1.3e+04 | secs: 1.80385
DEBUG:MNF:MNF  ::: [197] fit: 1219443.94463 | delta: 1.3e+04 | secs: 2.08888
DEBUG:MNF:MNF  ::: [198] fit: 1206446.48846 | delta: 1.3e+04 | secs: 2.39086
DEBUG:MNF:MNF  ::: [199] fit: 1193646.93844 | delta: 1.3e+04 | secs: 1.90505
DEBUG:MNF:MNF  ::: [200] fit: 1181040.51169 | delta: 1.3e+04 | secs: 2.16258
DEBUG:MNF:MNF  ::: [201] fit: 1168622.97223 | delta: 1.2e+04 | secs: 2.29344
DEBUG:MNF:MNF  ::: [202] fit: 1156390.61701 | delta: 1.2e+04 | secs: 2.15442
DEBUG:MNF:MNF  ::: [203] fit: 1144340.13978 | delta: 1.2e+04 | secs: 2.22510
DEBUG:MNF:MNF  ::: [204] fit: 1132468.45833 | delta: 1.2e+04 | secs: 2.65006
DEBUG:MNF:MNF  ::: [205] fit: 1120772.55680 | delta: 1.2e+04 | secs: 2.25812
DEBUG:MNF:MNF  ::: [206] fit: 1109249.35985 | delta: 1.2e+04 | secs: 2.14284
DEBUG:MNF:MNF  ::: [207] fit: 1097895.66566 | delta: 1.1e+04 | secs: 2.01236
DEBUG:MNF:MNF  ::: [208] fit: 1086708.14102 | delta: 1.1e+04 | secs: 1.96824
DEBUG:MNF:MNF  ::: [209] fit: 1075683.35227 | delta: 1.1e+04 | secs: 2.52361
DEBUG:MNF:MNF  ::: [210] fit: 1064817.82673 | delta: 1.1e+04 | secs: 1.93050
DEBUG:MNF:MNF  ::: [211] fit: 1054108.16249 | delta: 1.1e+04 | secs: 2.34560
DEBUG:MNF:MNF  ::: [212] fit: 1043551.15915 | delta: 1.1e+04 | secs: 2.23510
DEBUG:MNF:MNF  ::: [213] fit: 1033143.90856 | delta: 1.0e+04 | secs: 2.38349
DEBUG:MNF:MNF  ::: [214] fit: 1022883.82666 | delta: 1.0e+04 | secs: 1.99180
DEBUG:MNF:MNF  ::: [215] fit: 1012768.63388 | delta: 1.0e+04 | secs: 2.05996
DEBUG:MNF:MNF  ::: [216] fit: 1002796.28003 | delta: 1.0e+04 | secs: 2.08626
DEBUG:MNF:MNF  ::: [217] fit: 992964.83282 | delta: 9.8e+03 | secs: 2.14700
DEBUG:MNF:MNF  ::: [218] fit: 983272.38991 | delta: 9.7e+03 | secs: 2.26164
DEBUG:MNF:MNF  ::: [219] fit: 973717.03958 | delta: 9.6e+03 | secs: 2.00242
DEBUG:MNF:MNF  ::: [220] fit: 964296.84063 | delta: 9.4e+03 | secs: 2.71125
DEBUG:MNF:MNF  ::: [221] fit: 955009.80666 | delta: 9.3e+03 | secs: 1.87047
DEBUG:MNF:MNF  ::: [222] fit: 945853.91073 | delta: 9.2e+03 | secs: 1.95990
DEBUG:MNF:MNF  ::: [223] fit: 936827.10908 | delta: 9.0e+03 | secs: 2.18295
DEBUG:MNF:MNF  ::: [224] fit: 927927.35153 | delta: 8.9e+03 | secs: 1.97690
DEBUG:MNF:MNF  ::: [225] fit: 919152.55498 | delta: 8.8e+03 | secs: 1.99011
DEBUG:MNF:MNF  ::: [226] fit: 910500.54415 | delta: 8.7e+03 | secs: 2.19866
DEBUG:MNF:MNF  ::: [227] fit: 901968.98472 | delta: 8.5e+03 | secs: 2.47961
DEBUG:MNF:MNF  ::: [228] fit: 893555.35305 | delta: 8.4e+03 | secs: 2.01101
DEBUG:MNF:MNF  ::: [229] fit: 885256.98275 | delta: 8.3e+03 | secs: 2.32926
DEBUG:MNF:MNF  ::: [230] fit: 877071.18888 | delta: 8.2e+03 | secs: 2.19240
DEBUG:MNF:MNF  ::: [231] fit: 868995.42942 | delta: 8.1e+03 | secs: 2.47308
DEBUG:MNF:MNF  ::: [232] fit: 861027.43694 | delta: 8.0e+03 | secs: 2.13244
DEBUG:MNF:MNF  ::: [233] fit: 853165.24855 | delta: 7.9e+03 | secs: 2.48462
DEBUG:MNF:MNF  ::: [234] fit: 845407.11717 | delta: 7.8e+03 | secs: 2.24367
DEBUG:MNF:MNF  ::: [235] fit: 837751.38025 | delta: 7.7e+03 | secs: 2.09849
DEBUG:MNF:MNF  ::: [236] fit: 830196.37808 | delta: 7.6e+03 | secs: 2.25685
DEBUG:MNF:MNF  ::: [237] fit: 822740.43575 | delta: 7.5e+03 | secs: 2.45997
DEBUG:MNF:MNF  ::: [238] fit: 815381.86954 | delta: 7.4e+03 | secs: 2.35510
DEBUG:MNF:MNF  ::: [239] fit: 808119.00191 | delta: 7.3e+03 | secs: 1.90602
DEBUG:MNF:MNF  ::: [240] fit: 800950.19922 | delta: 7.2e+03 | secs: 2.20851
DEBUG:MNF:MNF  ::: [241] fit: 793873.91716 | delta: 7.1e+03 | secs: 2.22485
DEBUG:MNF:MNF  ::: [242] fit: 786888.70547 | delta: 7.0e+03 | secs: 2.17488
DEBUG:MNF:MNF  ::: [243] fit: 779993.16695 | delta: 6.9e+03 | secs: 2.14405
DEBUG:MNF:MNF  ::: [244] fit: 773185.93389 | delta: 6.8e+03 | secs: 2.07081
DEBUG:MNF:MNF  ::: [245] fit: 766465.69603 | delta: 6.7e+03 | secs: 2.16143
DEBUG:MNF:MNF  ::: [246] fit: 759831.22259 | delta: 6.6e+03 | secs: 1.80442
DEBUG:MNF:MNF  ::: [247] fit: 753281.30970 | delta: 6.5e+03 | secs: 2.09654
DEBUG:MNF:MNF  ::: [248] fit: 746814.66722 | delta: 6.5e+03 | secs: 2.22760
DEBUG:MNF:MNF  ::: [249] fit: 740429.82559 | delta: 6.4e+03 | secs: 2.00053
DEBUG:MNF:MNF  ::: [250] fit: 734125.13753 | delta: 6.3e+03 | secs: 2.77102
DEBUG:MNF:MNF  ::: [251] fit: 727898.89432 | delta: 6.2e+03 | secs: 2.65599
DEBUG:MNF:MNF  ::: [252] fit: 721749.50220 | delta: 6.1e+03 | secs: 1.94475
DEBUG:MNF:MNF  ::: [253] fit: 715675.61000 | delta: 6.1e+03 | secs: 2.21058
DEBUG:MNF:MNF  ::: [254] fit: 709676.10065 | delta: 6.0e+03 | secs: 2.19790
DEBUG:MNF:MNF  ::: [255] fit: 703749.96042 | delta: 5.9e+03 | secs: 2.17122
DEBUG:MNF:MNF  ::: [256] fit: 697896.12405 | delta: 5.9e+03 | secs: 2.07882
DEBUG:MNF:MNF  ::: [257] fit: 692113.39143 | delta: 5.8e+03 | secs: 2.10603
DEBUG:MNF:MNF  ::: [258] fit: 686400.45237 | delta: 5.7e+03 | secs: 2.21480
DEBUG:MNF:MNF  ::: [259] fit: 680755.99478 | delta: 5.6e+03 | secs: 2.45731
DEBUG:MNF:MNF  ::: [260] fit: 675178.81975 | delta: 5.6e+03 | secs: 2.25913
DEBUG:MNF:MNF  ::: [261] fit: 669667.89737 | delta: 5.5e+03 | secs: 1.80070
DEBUG:MNF:MNF  ::: [262] fit: 664222.36241 | delta: 5.4e+03 | secs: 1.91026
DEBUG:MNF:MNF  ::: [263] fit: 658841.47980 | delta: 5.4e+03 | secs: 2.29726
DEBUG:MNF:MNF  ::: [264] fit: 653524.58462 | delta: 5.3e+03 | secs: 2.10854
DEBUG:MNF:MNF  ::: [265] fit: 648271.00104 | delta: 5.3e+03 | secs: 2.18146
DEBUG:MNF:MNF  ::: [266] fit: 643079.97911 | delta: 5.2e+03 | secs: 2.01689
DEBUG:MNF:MNF  ::: [267] fit: 637950.68389 | delta: 5.1e+03 | secs: 2.05917
DEBUG:MNF:MNF  ::: [268] fit: 632882.22861 | delta: 5.1e+03 | secs: 1.98184
DEBUG:MNF:MNF  ::: [269] fit: 627873.71056 | delta: 5.0e+03 | secs: 2.15169
DEBUG:MNF:MNF  ::: [270] fit: 622924.22217 | delta: 4.9e+03 | secs: 2.10222
DEBUG:MNF:MNF  ::: [271] fit: 618032.83920 | delta: 4.9e+03 | secs: 2.11185
DEBUG:MNF:MNF  ::: [272] fit: 613198.60262 | delta: 4.8e+03 | secs: 1.95349
DEBUG:MNF:MNF  ::: [273] fit: 608420.50381 | delta: 4.8e+03 | secs: 2.32290
DEBUG:MNF:MNF  ::: [274] fit: 603697.47771 | delta: 4.7e+03 | secs: 2.12570
DEBUG:MNF:MNF  ::: [275] fit: 599028.40586 | delta: 4.7e+03 | secs: 1.71074
DEBUG:MNF:MNF  ::: [276] fit: 594412.12599 | delta: 4.6e+03 | secs: 2.04728
DEBUG:MNF:MNF  ::: [277] fit: 589847.44123 | delta: 4.6e+03 | secs: 2.00010
DEBUG:MNF:MNF  ::: [278] fit: 585333.13449 | delta: 4.5e+03 | secs: 2.23882
DEBUG:MNF:MNF  ::: [279] fit: 580868.00038 | delta: 4.5e+03 | secs: 2.43911
DEBUG:MNF:MNF  ::: [280] fit: 576450.89289 | delta: 4.4e+03 | secs: 2.60216
DEBUG:MNF:MNF  ::: [281] fit: 572080.77207 | delta: 4.4e+03 | secs: 2.03746
DEBUG:MNF:MNF  ::: [282] fit: 567756.73722 | delta: 4.3e+03 | secs: 2.58653
DEBUG:MNF:MNF  ::: [283] fit: 563478.04378 | delta: 4.3e+03 | secs: 2.28961
DEBUG:MNF:MNF  ::: [284] fit: 559244.09936 | delta: 4.2e+03 | secs: 2.30558
DEBUG:MNF:MNF  ::: [285] fit: 555054.43866 | delta: 4.2e+03 | secs: 2.03555
DEBUG:MNF:MNF  ::: [286] fit: 550908.68759 | delta: 4.1e+03 | secs: 2.15112
DEBUG:MNF:MNF  ::: [287] fit: 546806.52970 | delta: 4.1e+03 | secs: 2.28593
DEBUG:MNF:MNF  ::: [288] fit: 542747.67762 | delta: 4.1e+03 | secs: 2.53753
DEBUG:MNF:MNF  ::: [289] fit: 538731.85009 | delta: 4.0e+03 | secs: 2.27713
DEBUG:MNF:MNF  ::: [290] fit: 534758.75966 | delta: 4.0e+03 | secs: 2.35513
DEBUG:MNF:MNF  ::: [291] fit: 530828.11040 | delta: 3.9e+03 | secs: 1.62799
DEBUG:MNF:MNF  ::: [292] fit: 526939.59100 | delta: 3.9e+03 | secs: 2.40646
DEBUG:MNF:MNF  ::: [293] fit: 523092.85884 | delta: 3.8e+03 | secs: 2.16426
DEBUG:MNF:MNF  ::: [294] fit: 519287.52758 | delta: 3.8e+03 | secs: 1.90049
DEBUG:MNF:MNF  ::: [295] fit: 515523.17453 | delta: 3.8e+03 | secs: 2.20371
DEBUG:MNF:MNF  ::: [296] fit: 511799.36392 | delta: 3.7e+03 | secs: 2.79041
DEBUG:MNF:MNF  ::: [297] fit: 508115.66058 | delta: 3.7e+03 | secs: 2.50286
DEBUG:MNF:MNF  ::: [298] fit: 504471.61261 | delta: 3.6e+03 | secs: 2.13346
DEBUG:MNF:MNF  ::: [299] fit: 500866.71777 | delta: 3.6e+03 | secs: 2.12095
DEBUG:MNF:MNF  ::: [300] fit: 497300.39865 | delta: 3.6e+03 | secs: 2.26252
DEBUG:MNF:MNF  ::: [301] fit: 493771.99680 | delta: 3.5e+03 | secs: 2.21649
DEBUG:MNF:MNF  ::: [302] fit: 490280.78405 | delta: 3.5e+03 | secs: 2.10664
DEBUG:MNF:MNF  ::: [303] fit: 486825.99182 | delta: 3.5e+03 | secs: 1.89658
DEBUG:MNF:MNF  ::: [304] fit: 483406.84479 | delta: 3.4e+03 | secs: 2.46405
DEBUG:MNF:MNF  ::: [305] fit: 480022.59522 | delta: 3.4e+03 | secs: 2.60162
DEBUG:MNF:MNF  ::: [306] fit: 476672.53956 | delta: 3.4e+03 | secs: 1.95419
DEBUG:MNF:MNF  ::: [307] fit: 473356.00739 | delta: 3.3e+03 | secs: 1.87374
DEBUG:MNF:MNF  ::: [308] fit: 470072.34764 | delta: 3.3e+03 | secs: 2.07382
DEBUG:MNF:MNF  ::: [309] fit: 466820.93822 | delta: 3.3e+03 | secs: 2.23408
DEBUG:MNF:MNF  ::: [310] fit: 463601.20937 | delta: 3.2e+03 | secs: 2.15377
DEBUG:MNF:MNF  ::: [311] fit: 460412.64625 | delta: 3.2e+03 | secs: 1.66821
DEBUG:MNF:MNF  ::: [312] fit: 457254.76941 | delta: 3.2e+03 | secs: 2.03930
DEBUG:MNF:MNF  ::: [313] fit: 454127.12237 | delta: 3.1e+03 | secs: 2.07742
DEBUG:MNF:MNF  ::: [314] fit: 451029.27863 | delta: 3.1e+03 | secs: 2.61312
DEBUG:MNF:MNF  ::: [315] fit: 447960.84203 | delta: 3.1e+03 | secs: 2.34944
DEBUG:MNF:MNF  ::: [316] fit: 444921.42661 | delta: 3.0e+03 | secs: 2.13317
DEBUG:MNF:MNF  ::: [317] fit: 441910.63215 | delta: 3.0e+03 | secs: 2.25711
DEBUG:MNF:MNF  ::: [318] fit: 438928.03966 | delta: 3.0e+03 | secs: 2.23959
DEBUG:MNF:MNF  ::: [319] fit: 435973.22568 | delta: 3.0e+03 | secs: 1.93123
DEBUG:MNF:MNF  ::: [320] fit: 433045.77446 | delta: 2.9e+03 | secs: 2.30938
DEBUG:MNF:MNF  ::: [321] fit: 430145.28302 | delta: 2.9e+03 | secs: 2.59973
DEBUG:MNF:MNF  ::: [322] fit: 427271.36944 | delta: 2.9e+03 | secs: 2.25439
DEBUG:MNF:MNF  ::: [323] fit: 424423.68657 | delta: 2.8e+03 | secs: 2.22724
DEBUG:MNF:MNF  ::: [324] fit: 421601.92379 | delta: 2.8e+03 | secs: 2.39545
DEBUG:MNF:MNF  ::: [325] fit: 418805.78880 | delta: 2.8e+03 | secs: 2.75928
DEBUG:MNF:MNF  ::: [326] fit: 416034.98851 | delta: 2.8e+03 | secs: 2.09648
DEBUG:MNF:MNF  ::: [327] fit: 413289.23036 | delta: 2.7e+03 | secs: 2.43065
DEBUG:MNF:MNF  ::: [328] fit: 410568.23924 | delta: 2.7e+03 | secs: 2.09673
DEBUG:MNF:MNF  ::: [329] fit: 407871.77052 | delta: 2.7e+03 | secs: 2.20519
DEBUG:MNF:MNF  ::: [330] fit: 405199.61190 | delta: 2.7e+03 | secs: 2.10066
DEBUG:MNF:MNF  ::: [331] fit: 402551.57609 | delta: 2.6e+03 | secs: 2.25665
DEBUG:MNF:MNF  ::: [332] fit: 399927.48635 | delta: 2.6e+03 | secs: 2.10902
DEBUG:MNF:MNF  ::: [333] fit: 397327.15596 | delta: 2.6e+03 | secs: 1.91858
DEBUG:MNF:MNF  ::: [334] fit: 394750.37254 | delta: 2.6e+03 | secs: 2.20960
DEBUG:MNF:MNF  ::: [335] fit: 392196.89867 | delta: 2.6e+03 | secs: 2.14431
DEBUG:MNF:MNF  ::: [336] fit: 389666.48524 | delta: 2.5e+03 | secs: 2.14073
DEBUG:MNF:MNF  ::: [337] fit: 387158.88775 | delta: 2.5e+03 | secs: 2.01398
DEBUG:MNF:MNF  ::: [338] fit: 384673.87626 | delta: 2.5e+03 | secs: 2.15667
DEBUG:MNF:MNF  ::: [339] fit: 382211.23559 | delta: 2.5e+03 | secs: 2.19723
DEBUG:MNF:MNF  ::: [340] fit: 379770.75952 | delta: 2.4e+03 | secs: 2.17865
DEBUG:MNF:MNF  ::: [341] fit: 377352.24406 | delta: 2.4e+03 | secs: 2.46542
DEBUG:MNF:MNF  ::: [342] fit: 374955.48358 | delta: 2.4e+03 | secs: 2.59590
DEBUG:MNF:MNF  ::: [343] fit: 372580.27143 | delta: 2.4e+03 | secs: 1.99185
DEBUG:MNF:MNF  ::: [344] fit: 370226.40510 | delta: 2.4e+03 | secs: 2.35240
DEBUG:MNF:MNF  ::: [345] fit: 367893.69051 | delta: 2.3e+03 | secs: 2.32001
DEBUG:MNF:MNF  ::: [346] fit: 365581.93824 | delta: 2.3e+03 | secs: 2.18729
DEBUG:MNF:MNF  ::: [347] fit: 363290.95214 | delta: 2.3e+03 | secs: 2.21904
DEBUG:MNF:MNF  ::: [348] fit: 361020.52018 | delta: 2.3e+03 | secs: 2.10868
DEBUG:MNF:MNF  ::: [349] fit: 358770.41390 | delta: 2.3e+03 | secs: 2.68663
DEBUG:MNF:MNF  ::: [350] fit: 356540.39072 | delta: 2.2e+03 | secs: 2.68826
DEBUG:MNF:MNF  ::: [351] fit: 354330.19065 | delta: 2.2e+03 | secs: 2.22908
DEBUG:MNF:MNF  ::: [352] fit: 352139.53300 | delta: 2.2e+03 | secs: 2.23081
DEBUG:MNF:MNF  ::: [353] fit: 349968.12651 | delta: 2.2e+03 | secs: 2.16466
DEBUG:MNF:MNF  ::: [354] fit: 347815.69430 | delta: 2.2e+03 | secs: 2.00101
DEBUG:MNF:MNF  ::: [355] fit: 345681.99580 | delta: 2.1e+03 | secs: 2.20240
DEBUG:MNF:MNF  ::: [356] fit: 343566.82911 | delta: 2.1e+03 | secs: 2.28060
DEBUG:MNF:MNF  ::: [357] fit: 341470.01394 | delta: 2.1e+03 | secs: 1.97821
DEBUG:MNF:MNF  ::: [358] fit: 339391.37007 | delta: 2.1e+03 | secs: 2.25643
DEBUG:MNF:MNF  ::: [359] fit: 337330.70798 | delta: 2.1e+03 | secs: 2.15244
DEBUG:MNF:MNF  ::: [360] fit: 335287.83343 | delta: 2.0e+03 | secs: 2.28166
DEBUG:MNF:MNF  ::: [361] fit: 333262.55851 | delta: 2.0e+03 | secs: 1.90289
DEBUG:MNF:MNF  ::: [362] fit: 331254.70668 | delta: 2.0e+03 | secs: 2.00076
DEBUG:MNF:MNF  ::: [363] fit: 329264.10421 | delta: 2.0e+03 | secs: 2.24252
DEBUG:MNF:MNF  ::: [364] fit: 327290.56344 | delta: 2.0e+03 | secs: 2.41455
DEBUG:MNF:MNF  ::: [365] fit: 325333.86908 | delta: 2.0e+03 | secs: 2.01304
DEBUG:MNF:MNF  ::: [366] fit: 323393.77759 | delta: 1.9e+03 | secs: 1.77719
DEBUG:MNF:MNF  ::: [367] fit: 321470.03286 | delta: 1.9e+03 | secs: 2.07366
DEBUG:MNF:MNF  ::: [368] fit: 319562.38827 | delta: 1.9e+03 | secs: 1.91835
DEBUG:MNF:MNF  ::: [369] fit: 317670.62382 | delta: 1.9e+03 | secs: 1.82271
DEBUG:MNF:MNF  ::: [370] fit: 315794.55962 | delta: 1.9e+03 | secs: 1.82656
DEBUG:MNF:MNF  ::: [371] fit: 313934.06584 | delta: 1.9e+03 | secs: 2.24290
DEBUG:MNF:MNF  ::: [372] fit: 312089.06511 | delta: 1.8e+03 | secs: 2.12919
DEBUG:MNF:MNF  ::: [373] fit: 310259.51725 | delta: 1.8e+03 | secs: 2.12091
DEBUG:MNF:MNF  ::: [374] fit: 308445.38766 | delta: 1.8e+03 | secs: 2.53939
DEBUG:MNF:MNF  ::: [375] fit: 306646.61307 | delta: 1.8e+03 | secs: 1.81759
DEBUG:MNF:MNF  ::: [376] fit: 304863.07783 | delta: 1.8e+03 | secs: 1.70557
DEBUG:MNF:MNF  ::: [377] fit: 303094.60989 | delta: 1.8e+03 | secs: 2.44353
DEBUG:MNF:MNF  ::: [378] fit: 301340.99757 | delta: 1.8e+03 | secs: 2.28419
DEBUG:MNF:MNF  ::: [379] fit: 299602.01862 | delta: 1.7e+03 | secs: 2.14565
DEBUG:MNF:MNF  ::: [380] fit: 297877.46790 | delta: 1.7e+03 | secs: 2.23297
DEBUG:MNF:MNF  ::: [381] fit: 296167.16880 | delta: 1.7e+03 | secs: 2.03658
DEBUG:MNF:MNF  ::: [382] fit: 294470.96350 | delta: 1.7e+03 | secs: 2.02813
DEBUG:MNF:MNF  ::: [383] fit: 292788.69551 | delta: 1.7e+03 | secs: 1.97900
DEBUG:MNF:MNF  ::: [384] fit: 291120.20110 | delta: 1.7e+03 | secs: 1.68882
DEBUG:MNF:MNF  ::: [385] fit: 289465.31266 | delta: 1.7e+03 | secs: 2.46259
DEBUG:MNF:MNF  ::: [386] fit: 287823.86589 | delta: 1.6e+03 | secs: 1.99271
DEBUG:MNF:MNF  ::: [387] fit: 286195.70255 | delta: 1.6e+03 | secs: 2.35013
DEBUG:MNF:MNF  ::: [388] fit: 284580.66794 | delta: 1.6e+03 | secs: 2.41328
DEBUG:MNF:MNF  ::: [389] fit: 282978.60904 | delta: 1.6e+03 | secs: 2.05609
DEBUG:MNF:MNF  ::: [390] fit: 281389.38026 | delta: 1.6e+03 | secs: 2.08384
DEBUG:MNF:MNF  ::: [391] fit: 279812.85653 | delta: 1.6e+03 | secs: 2.02733
DEBUG:MNF:MNF  ::: [392] fit: 278248.94567 | delta: 1.6e+03 | secs: 2.36277
DEBUG:MNF:MNF  ::: [393] fit: 276697.59120 | delta: 1.6e+03 | secs: 2.34637
DEBUG:MNF:MNF  ::: [394] fit: 275158.76266 | delta: 1.5e+03 | secs: 2.61193
DEBUG:MNF:MNF  ::: [395] fit: 273632.43792 | delta: 1.5e+03 | secs: 2.51110
DEBUG:MNF:MNF  ::: [396] fit: 272118.58447 | delta: 1.5e+03 | secs: 2.34624
DEBUG:MNF:MNF  ::: [397] fit: 270617.14514 | delta: 1.5e+03 | secs: 2.16992
DEBUG:MNF:MNF  ::: [398] fit: 269128.03112 | delta: 1.5e+03 | secs: 2.22338
DEBUG:MNF:MNF  ::: [399] fit: 267651.12589 | delta: 1.5e+03 | secs: 2.32631
DEBUG:MNF:MNF  ::: [400] fit: 266186.29878 | delta: 1.5e+03 | secs: 2.19170
DEBUG:MNF:MNF  ::: [401] fit: 264733.42042 | delta: 1.5e+03 | secs: 2.15747
DEBUG:MNF:MNF  ::: [402] fit: 263292.36964 | delta: 1.4e+03 | secs: 2.33587
DEBUG:MNF:MNF  ::: [403] fit: 261863.02887 | delta: 1.4e+03 | secs: 2.17494
DEBUG:MNF:MNF  ::: [404] fit: 260445.27272 | delta: 1.4e+03 | secs: 2.09537
DEBUG:MNF:MNF  ::: [405] fit: 259038.95531 | delta: 1.4e+03 | secs: 2.02746
DEBUG:MNF:MNF  ::: [406] fit: 257643.90471 | delta: 1.4e+03 | secs: 2.02815
DEBUG:MNF:MNF  ::: [407] fit: 256259.93100 | delta: 1.4e+03 | secs: 2.28113
DEBUG:MNF:MNF  ::: [408] fit: 254886.84845 | delta: 1.4e+03 | secs: 1.85884
DEBUG:MNF:MNF  ::: [409] fit: 253524.50232 | delta: 1.4e+03 | secs: 1.98817
DEBUG:MNF:MNF  ::: [410] fit: 252172.78340 | delta: 1.4e+03 | secs: 2.35963
DEBUG:MNF:MNF  ::: [411] fit: 250831.62443 | delta: 1.3e+03 | secs: 1.98626
DEBUG:MNF:MNF  ::: [412] fit: 249500.98476 | delta: 1.3e+03 | secs: 1.81018
DEBUG:MNF:MNF  ::: [413] fit: 248180.83279 | delta: 1.3e+03 | secs: 1.66021
DEBUG:MNF:MNF  ::: [414] fit: 246871.12966 | delta: 1.3e+03 | secs: 1.77905
DEBUG:MNF:MNF  ::: [415] fit: 245571.81524 | delta: 1.3e+03 | secs: 1.66301
DEBUG:MNF:MNF  ::: [416] fit: 244282.79416 | delta: 1.3e+03 | secs: 1.82447
DEBUG:MNF:MNF  ::: [417] fit: 243003.92781 | delta: 1.3e+03 | secs: 2.27187
DEBUG:MNF:MNF  ::: [418] fit: 241735.04343 | delta: 1.3e+03 | secs: 2.40220
DEBUG:MNF:MNF  ::: [419] fit: 240475.96051 | delta: 1.3e+03 | secs: 2.07254
DEBUG:MNF:MNF  ::: [420] fit: 239226.52187 | delta: 1.2e+03 | secs: 1.91562
DEBUG:MNF:MNF  ::: [421] fit: 237986.60874 | delta: 1.2e+03 | secs: 2.54024
DEBUG:MNF:MNF  ::: [422] fit: 236756.13442 | delta: 1.2e+03 | secs: 2.13909
DEBUG:MNF:MNF  ::: [423] fit: 235535.02646 | delta: 1.2e+03 | secs: 2.15696
DEBUG:MNF:MNF  ::: [424] fit: 234323.21105 | delta: 1.2e+03 | secs: 2.30396
DEBUG:MNF:MNF  ::: [425] fit: 233120.60306 | delta: 1.2e+03 | secs: 2.40820
DEBUG:MNF:MNF  ::: [426] fit: 231927.10062 | delta: 1.2e+03 | secs: 1.84131
DEBUG:MNF:MNF  ::: [427] fit: 230742.58439 | delta: 1.2e+03 | secs: 2.42861
DEBUG:MNF:MNF  ::: [428] fit: 229566.92336 | delta: 1.2e+03 | secs: 2.58581
DEBUG:MNF:MNF  ::: [429] fit: 228399.98617 | delta: 1.2e+03 | secs: 1.96302
DEBUG:MNF:MNF  ::: [430] fit: 227241.65487 | delta: 1.2e+03 | secs: 2.35612
DEBUG:MNF:MNF  ::: [431] fit: 226091.83702 | delta: 1.1e+03 | secs: 2.21905
DEBUG:MNF:MNF  ::: [432] fit: 224950.47049 | delta: 1.1e+03 | secs: 2.16815
DEBUG:MNF:MNF  ::: [433] fit: 223817.51966 | delta: 1.1e+03 | secs: 2.08028
DEBUG:MNF:MNF  ::: [434] fit: 222692.96438 | delta: 1.1e+03 | secs: 2.42858
DEBUG:MNF:MNF  ::: [435] fit: 221576.78599 | delta: 1.1e+03 | secs: 2.17666
DEBUG:MNF:MNF  ::: [436] fit: 220468.95203 | delta: 1.1e+03 | secs: 1.76442
DEBUG:MNF:MNF  ::: [437] fit: 219369.40310 | delta: 1.1e+03 | secs: 1.98884
DEBUG:MNF:MNF  ::: [438] fit: 218278.04667 | delta: 1.1e+03 | secs: 2.62129
DEBUG:MNF:MNF  ::: [439] fit: 217194.76151 | delta: 1.1e+03 | secs: 1.97227
DEBUG:MNF:MNF  ::: [440] fit: 216119.41128 | delta: 1.1e+03 | secs: 1.87017
DEBUG:MNF:MNF  ::: [441] fit: 215051.86107 | delta: 1.1e+03 | secs: 2.18966
DEBUG:MNF:MNF  ::: [442] fit: 213991.98843 | delta: 1.1e+03 | secs: 2.09983
DEBUG:MNF:MNF  ::: [443] fit: 212939.68566 | delta: 1.1e+03 | secs: 1.96371
DEBUG:MNF:MNF  ::: [444] fit: 211894.85646 | delta: 1.0e+03 | secs: 2.69800
DEBUG:MNF:MNF  ::: [445] fit: 210857.41331 | delta: 1.0e+03 | secs: 1.96608
DEBUG:MNF:MNF  ::: [446] fit: 209827.27700 | delta: 1.0e+03 | secs: 2.28558
DEBUG:MNF:MNF  ::: [447] fit: 208804.37411 | delta: 1.0e+03 | secs: 2.64464
DEBUG:MNF:MNF  ::: [448] fit: 207788.62761 | delta: 1.0e+03 | secs: 2.30628
DEBUG:MNF:MNF  ::: [449] fit: 206779.94456 | delta: 1.0e+03 | secs: 2.45244
DEBUG:MNF:MNF  ::: [450] fit: 205778.21143 | delta: 1.0e+03 | secs: 2.41453
DEBUG:MNF:MNF  ::: [451] fit: 204783.30255 | delta: 9.9e+02 | secs: 2.01436
DEBUG:MNF:MNF  ::: [452] fit: 203795.09659 | delta: 9.9e+02 | secs: 1.79471
DEBUG:MNF:MNF  ::: [453] fit: 202813.49004 | delta: 9.8e+02 | secs: 1.97963
DEBUG:MNF:MNF  ::: [454] fit: 201838.40201 | delta: 9.8e+02 | secs: 2.16766
DEBUG:MNF:MNF  ::: [455] fit: 200869.77101 | delta: 9.7e+02 | secs: 1.94156
DEBUG:MNF:MNF  ::: [456] fit: 199907.54962 | delta: 9.6e+02 | secs: 2.01594
DEBUG:MNF:MNF  ::: [457] fit: 198951.70006 | delta: 9.6e+02 | secs: 2.14531
DEBUG:MNF:MNF  ::: [458] fit: 198002.19025 | delta: 9.5e+02 | secs: 2.32250
DEBUG:MNF:MNF  ::: [459] fit: 197058.98860 | delta: 9.4e+02 | secs: 2.34075
DEBUG:MNF:MNF  ::: [460] fit: 196122.05844 | delta: 9.4e+02 | secs: 2.30443
DEBUG:MNF:MNF  ::: [461] fit: 195191.35455 | delta: 9.3e+02 | secs: 2.02092
DEBUG:MNF:MNF  ::: [462] fit: 194266.82487 | delta: 9.2e+02 | secs: 2.16483
DEBUG:MNF:MNF  ::: [463] fit: 193348.41654 | delta: 9.2e+02 | secs: 2.19233
DEBUG:MNF:MNF  ::: [464] fit: 192436.08152 | delta: 9.1e+02 | secs: 1.73893
DEBUG:MNF:MNF  ::: [465] fit: 191529.77689 | delta: 9.1e+02 | secs: 1.99662
DEBUG:MNF:MNF  ::: [466] fit: 190629.46073 | delta: 9.0e+02 | secs: 2.38632
DEBUG:MNF:MNF  ::: [467] fit: 189735.08803 | delta: 8.9e+02 | secs: 2.43243
DEBUG:MNF:MNF  ::: [468] fit: 188846.61083 | delta: 8.9e+02 | secs: 2.42770
DEBUG:MNF:MNF  ::: [469] fit: 187963.98283 | delta: 8.8e+02 | secs: 1.91720
DEBUG:MNF:MNF  ::: [470] fit: 187087.16366 | delta: 8.8e+02 | secs: 1.90542
DEBUG:MNF:MNF  ::: [471] fit: 186216.11985 | delta: 8.7e+02 | secs: 1.97151
DEBUG:MNF:MNF  ::: [472] fit: 185350.82306 | delta: 8.7e+02 | secs: 2.09709
DEBUG:MNF:MNF  ::: [473] fit: 184491.24811 | delta: 8.6e+02 | secs: 2.40013
DEBUG:MNF:MNF  ::: [474] fit: 183637.37069 | delta: 8.5e+02 | secs: 2.48428
DEBUG:MNF:MNF  ::: [475] fit: 182789.16408 | delta: 8.5e+02 | secs: 2.41458
DEBUG:MNF:MNF  ::: [476] fit: 181946.59442 | delta: 8.4e+02 | secs: 2.50236
DEBUG:MNF:MNF  ::: [477] fit: 181109.61669 | delta: 8.4e+02 | secs: 2.22246
DEBUG:MNF:MNF  ::: [478] fit: 180278.17334 | delta: 8.3e+02 | secs: 2.14313
DEBUG:MNF:MNF  ::: [479] fit: 179452.19763 | delta: 8.3e+02 | secs: 1.86680
DEBUG:MNF:MNF  ::: [480] fit: 178631.62143 | delta: 8.2e+02 | secs: 1.95111
DEBUG:MNF:MNF  ::: [481] fit: 177816.38416 | delta: 8.2e+02 | secs: 2.12619
DEBUG:MNF:MNF  ::: [482] fit: 177006.43788 | delta: 8.1e+02 | secs: 1.86745
DEBUG:MNF:MNF  ::: [483] fit: 176201.74668 | delta: 8.0e+02 | secs: 2.27614
DEBUG:MNF:MNF  ::: [484] fit: 175402.28200 | delta: 8.0e+02 | secs: 2.11373
DEBUG:MNF:MNF  ::: [485] fit: 174608.01624 | delta: 7.9e+02 | secs: 1.96549
DEBUG:MNF:MNF  ::: [486] fit: 173818.91571 | delta: 7.9e+02 | secs: 2.47264
DEBUG:MNF:MNF  ::: [487] fit: 173034.93529 | delta: 7.8e+02 | secs: 1.91222
DEBUG:MNF:MNF  ::: [488] fit: 172256.01830 | delta: 7.8e+02 | secs: 1.92482
DEBUG:MNF:MNF  ::: [489] fit: 171482.10279 | delta: 7.7e+02 | secs: 2.39031
DEBUG:MNF:MNF  ::: [490] fit: 170713.12935 | delta: 7.7e+02 | secs: 2.38418
DEBUG:MNF:MNF  ::: [491] fit: 169949.04584 | delta: 7.6e+02 | secs: 1.81671
DEBUG:MNF:MNF  ::: [492] fit: 169189.80762 | delta: 7.6e+02 | secs: 1.65485
DEBUG:MNF:MNF  ::: [493] fit: 168435.37556 | delta: 7.5e+02 | secs: 2.23194
DEBUG:MNF:MNF  ::: [494] fit: 167685.71612 | delta: 7.5e+02 | secs: 2.32251
DEBUG:MNF:MNF  ::: [495] fit: 166940.80343 | delta: 7.4e+02 | secs: 1.96256
DEBUG:MNF:MNF  ::: [496] fit: 166200.62083 | delta: 7.4e+02 | secs: 2.06835
DEBUG:MNF:MNF  ::: [497] fit: 165465.15762 | delta: 7.4e+02 | secs: 2.18539
DEBUG:MNF:MNF  ::: [498] fit: 164734.40224 | delta: 7.3e+02 | secs: 2.26617
DEBUG:MNF:MNF  ::: [499] fit: 164008.33606 | delta: 7.3e+02 | secs: 2.07389
