DEBUG:MNF:Initializing U
DEBUG:MNF:Initialization completed
DEBUG:MNF:MNF  ::: [  0] fit: 987878596.48163 | delta: 9.9e+08 | secs: 2.20594
DEBUG:MNF:MNF  ::: [  1] fit: 953270121.53248 | delta: 3.5e+07 | secs: 2.06964
DEBUG:MNF:MNF  ::: [  2] fit: 1920624200.91991 | delta: 9.7e+08 | secs: 1.86757
DEBUG:MNF:MNF  ::: [  3] fit: 4683221594.97979 | delta: 2.8e+09 | secs: 2.12843
DEBUG:MNF:MNF  ::: [  4] fit: 7048923737.10587 | delta: 2.4e+09 | secs: 2.17623
DEBUG:MNF:MNF  ::: [  5] fit: 7538784773.56858 | delta: 4.9e+08 | secs: 2.37563
DEBUG:MNF:MNF  ::: [  6] fit: 6601666392.23897 | delta: 9.4e+08 | secs: 2.25376
DEBUG:MNF:MNF  ::: [  7] fit: 5127422010.49925 | delta: 1.5e+09 | secs: 2.06562
DEBUG:MNF:MNF  ::: [  8] fit: 3696205179.53011 | delta: 1.4e+09 | secs: 2.23398
DEBUG:MNF:MNF  ::: [  9] fit: 2549501578.94365 | delta: 1.1e+09 | secs: 1.89454
DEBUG:MNF:MNF  ::: [ 10] fit: 1725280029.21732 | delta: 8.2e+08 | secs: 2.58886
DEBUG:MNF:MNF  ::: [ 11] fit: 1170756057.49997 | delta: 5.5e+08 | secs: 2.30778
DEBUG:MNF:MNF  ::: [ 12] fit: 810619593.49864 | delta: 3.6e+08 | secs: 2.04662
DEBUG:MNF:MNF  ::: [ 13] fit: 579134749.37778 | delta: 2.3e+08 | secs: 2.29168
DEBUG:MNF:MNF  ::: [ 14] fit: 429024730.98321 | delta: 1.5e+08 | secs: 2.46698
DEBUG:MNF:MNF  ::: [ 15] fit: 329525789.34193 | delta: 9.9e+07 | secs: 1.97764
DEBUG:MNF:MNF  ::: [ 16] fit: 261600660.35295 | delta: 6.8e+07 | secs: 2.38888
DEBUG:MNF:MNF  ::: [ 17] fit: 213694859.88766 | delta: 4.8e+07 | secs: 2.03027
DEBUG:MNF:MNF  ::: [ 18] fit: 178792595.25442 | delta: 3.5e+07 | secs: 2.03908
DEBUG:MNF:MNF  ::: [ 19] fit: 152577815.32690 | delta: 2.6e+07 | secs: 2.39501
DEBUG:MNF:MNF  ::: [ 20] fit: 132339544.15224 | delta: 2.0e+07 | secs: 1.85933
DEBUG:MNF:MNF  ::: [ 21] fit: 116332276.64999 | delta: 1.6e+07 | secs: 1.73866
DEBUG:MNF:MNF  ::: [ 22] fit: 103402402.82555 | delta: 1.3e+07 | secs: 1.91937
DEBUG:MNF:MNF  ::: [ 23] fit: 92767420.52335 | delta: 1.1e+07 | secs: 1.62222
DEBUG:MNF:MNF  ::: [ 24] fit: 83882942.17852 | delta: 8.9e+06 | secs: 2.11087
DEBUG:MNF:MNF  ::: [ 25] fit: 76360843.04916 | delta: 7.5e+06 | secs: 2.31609
DEBUG:MNF:MNF  ::: [ 26] fit: 69917893.73119 | delta: 6.4e+06 | secs: 2.28019
DEBUG:MNF:MNF  ::: [ 27] fit: 64343005.97195 | delta: 5.6e+06 | secs: 2.49566
DEBUG:MNF:MNF  ::: [ 28] fit: 59475982.12371 | delta: 4.9e+06 | secs: 2.24483
DEBUG:MNF:MNF  ::: [ 29] fit: 55193351.73634 | delta: 4.3e+06 | secs: 2.46710
DEBUG:MNF:MNF  ::: [ 30] fit: 51398598.20589 | delta: 3.8e+06 | secs: 2.13551
DEBUG:MNF:MNF  ::: [ 31] fit: 48015244.47216 | delta: 3.4e+06 | secs: 2.45115
DEBUG:MNF:MNF  ::: [ 32] fit: 44981931.76363 | delta: 3.0e+06 | secs: 2.14675
DEBUG:MNF:MNF  ::: [ 33] fit: 42248896.81169 | delta: 2.7e+06 | secs: 2.30744
DEBUG:MNF:MNF  ::: [ 34] fit: 39775371.49075 | delta: 2.5e+06 | secs: 2.25730
DEBUG:MNF:MNF  ::: [ 35] fit: 37527592.92846 | delta: 2.2e+06 | secs: 2.28930
DEBUG:MNF:MNF  ::: [ 36] fit: 35477294.26418 | delta: 2.1e+06 | secs: 2.36144
DEBUG:MNF:MNF  ::: [ 37] fit: 33600619.07698 | delta: 1.9e+06 | secs: 2.06783
DEBUG:MNF:MNF  ::: [ 38] fit: 31877355.65667 | delta: 1.7e+06 | secs: 2.20704
DEBUG:MNF:MNF  ::: [ 39] fit: 30290343.27826 | delta: 1.6e+06 | secs: 2.36798
DEBUG:MNF:MNF  ::: [ 40] fit: 28824945.67245 | delta: 1.5e+06 | secs: 2.38798
DEBUG:MNF:MNF  ::: [ 41] fit: 27468573.11353 | delta: 1.4e+06 | secs: 2.46219
DEBUG:MNF:MNF  ::: [ 42] fit: 26210279.00421 | delta: 1.3e+06 | secs: 2.13994
DEBUG:MNF:MNF  ::: [ 43] fit: 25040451.67352 | delta: 1.2e+06 | secs: 2.40664
DEBUG:MNF:MNF  ::: [ 44] fit: 23950602.97701 | delta: 1.1e+06 | secs: 2.21666
DEBUG:MNF:MNF  ::: [ 45] fit: 22933231.70838 | delta: 1.0e+06 | secs: 2.63119
DEBUG:MNF:MNF  ::: [ 46] fit: 21981719.63237 | delta: 9.5e+05 | secs: 2.33098
DEBUG:MNF:MNF  ::: [ 47] fit: 21090229.09449 | delta: 8.9e+05 | secs: 2.04896
DEBUG:MNF:MNF  ::: [ 48] fit: 20253600.45217 | delta: 8.4e+05 | secs: 2.14235
DEBUG:MNF:MNF  ::: [ 49] fit: 19467258.72711 | delta: 7.9e+05 | secs: 2.19002
DEBUG:MNF:MNF  ::: [ 50] fit: 18727129.27881 | delta: 7.4e+05 | secs: 2.30087
DEBUG:MNF:MNF  ::: [ 51] fit: 18029556.37625 | delta: 7.0e+05 | secs: 2.43915
DEBUG:MNF:MNF  ::: [ 52] fit: 17371226.13698 | delta: 6.6e+05 | secs: 2.13002
DEBUG:MNF:MNF  ::: [ 53] fit: 16749106.64975 | delta: 6.2e+05 | secs: 2.26844
DEBUG:MNF:MNF  ::: [ 54] fit: 16160416.24675 | delta: 5.9e+05 | secs: 2.31196
DEBUG:MNF:MNF  ::: [ 55] fit: 15602614.82149 | delta: 5.6e+05 | secs: 2.03612
DEBUG:MNF:MNF  ::: [ 56] fit: 15073402.03392 | delta: 5.3e+05 | secs: 2.10281
DEBUG:MNF:MNF  ::: [ 57] fit: 14570710.49561 | delta: 5.0e+05 | secs: 2.30157
DEBUG:MNF:MNF  ::: [ 58] fit: 14092691.39498 | delta: 4.8e+05 | secs: 2.79151
DEBUG:MNF:MNF  ::: [ 59] fit: 13637693.05995 | delta: 4.5e+05 | secs: 2.31342
DEBUG:MNF:MNF  ::: [ 60] fit: 13204232.57838 | delta: 4.3e+05 | secs: 2.27216
DEBUG:MNF:MNF  ::: [ 61] fit: 12790963.77047 | delta: 4.1e+05 | secs: 2.61632
DEBUG:MNF:MNF  ::: [ 62] fit: 12396648.31222 | delta: 3.9e+05 | secs: 2.00032
DEBUG:MNF:MNF  ::: [ 63] fit: 12020135.04470 | delta: 3.8e+05 | secs: 2.34465
DEBUG:MNF:MNF  ::: [ 64] fit: 11660348.69337 | delta: 3.6e+05 | secs: 1.94120
DEBUG:MNF:MNF  ::: [ 65] fit: 11316287.54971 | delta: 3.4e+05 | secs: 2.21790
DEBUG:MNF:MNF  ::: [ 66] fit: 10987027.29595 | delta: 3.3e+05 | secs: 2.36030
DEBUG:MNF:MNF  ::: [ 67] fit: 10671724.42038 | delta: 3.2e+05 | secs: 2.49034
DEBUG:MNF:MNF  ::: [ 68] fit: 10369613.04741 | delta: 3.0e+05 | secs: 2.01104
DEBUG:MNF:MNF  ::: [ 69] fit: 10079994.28223 | delta: 2.9e+05 | secs: 2.47520
DEBUG:MNF:MNF  ::: [ 70] fit: 9802221.89955 | delta: 2.8e+05 | secs: 2.19087
DEBUG:MNF:MNF  ::: [ 71] fit: 9535689.51168 | delta: 2.7e+05 | secs: 1.94996
DEBUG:MNF:MNF  ::: [ 72] fit: 9279822.79070 | delta: 2.6e+05 | secs: 2.50730
DEBUG:MNF:MNF  ::: [ 73] fit: 9034076.88824 | delta: 2.5e+05 | secs: 2.31925
DEBUG:MNF:MNF  ::: [ 74] fit: 8797935.96987 | delta: 2.4e+05 | secs: 2.34434
DEBUG:MNF:MNF  ::: [ 75] fit: 8570911.83904 | delta: 2.3e+05 | secs: 2.39262
DEBUG:MNF:MNF  ::: [ 76] fit: 8352541.59707 | delta: 2.2e+05 | secs: 2.60570
DEBUG:MNF:MNF  ::: [ 77] fit: 8142386.27456 | delta: 2.1e+05 | secs: 2.05185
DEBUG:MNF:MNF  ::: [ 78] fit: 7940031.04422 | delta: 2.0e+05 | secs: 2.10524
DEBUG:MNF:MNF  ::: [ 79] fit: 7745085.87857 | delta: 1.9e+05 | secs: 2.28071
DEBUG:MNF:MNF  ::: [ 80] fit: 7557185.98014 | delta: 1.9e+05 | secs: 2.40541
DEBUG:MNF:MNF  ::: [ 81] fit: 7375991.96218 | delta: 1.8e+05 | secs: 2.50344
DEBUG:MNF:MNF  ::: [ 82] fit: 7201189.18880 | delta: 1.7e+05 | secs: 2.35636
DEBUG:MNF:MNF  ::: [ 83] fit: 7032485.49000 | delta: 1.7e+05 | secs: 2.23014
DEBUG:MNF:MNF  ::: [ 84] fit: 6869607.38535 | delta: 1.6e+05 | secs: 2.04880
DEBUG:MNF:MNF  ::: [ 85] fit: 6712296.05333 | delta: 1.6e+05 | secs: 2.19700
DEBUG:MNF:MNF  ::: [ 86] fit: 6560304.75941 | delta: 1.5e+05 | secs: 2.48769
DEBUG:MNF:MNF  ::: [ 87] fit: 6413398.43550 | delta: 1.5e+05 | secs: 2.20066
DEBUG:MNF:MNF  ::: [ 88] fit: 6271354.16784 | delta: 1.4e+05 | secs: 2.43246
DEBUG:MNF:MNF  ::: [ 89] fit: 6133961.08622 | delta: 1.4e+05 | secs: 2.15412
DEBUG:MNF:MNF  ::: [ 90] fit: 6001019.49539 | delta: 1.3e+05 | secs: 2.21950
DEBUG:MNF:MNF  ::: [ 91] fit: 5872339.63535 | delta: 1.3e+05 | secs: 1.88558
DEBUG:MNF:MNF  ::: [ 92] fit: 5747740.07308 | delta: 1.2e+05 | secs: 2.45718
DEBUG:MNF:MNF  ::: [ 93] fit: 5627045.92594 | delta: 1.2e+05 | secs: 2.13035
DEBUG:MNF:MNF  ::: [ 94] fit: 5510087.91294 | delta: 1.2e+05 | secs: 2.64292
DEBUG:MNF:MNF  ::: [ 95] fit: 5396703.40604 | delta: 1.1e+05 | secs: 2.02945
DEBUG:MNF:MNF  ::: [ 96] fit: 5286739.45604 | delta: 1.1e+05 | secs: 2.18097
DEBUG:MNF:MNF  ::: [ 97] fit: 5180055.99304 | delta: 1.1e+05 | secs: 2.14905
DEBUG:MNF:MNF  ::: [ 98] fit: 5076526.90265 | delta: 1.0e+05 | secs: 1.72291
DEBUG:MNF:MNF  ::: [ 99] fit: 4976037.98760 | delta: 1.0e+05 | secs: 2.21454
DEBUG:MNF:MNF  ::: [100] fit: 4878482.59146 | delta: 9.8e+04 | secs: 2.24227
DEBUG:MNF:MNF  ::: [101] fit: 4783756.88372 | delta: 9.5e+04 | secs: 2.39038
DEBUG:MNF:MNF  ::: [102] fit: 4691756.77472 | delta: 9.2e+04 | secs: 2.08320
DEBUG:MNF:MNF  ::: [103] fit: 4602377.43469 | delta: 8.9e+04 | secs: 1.83960
DEBUG:MNF:MNF  ::: [104] fit: 4515514.77410 | delta: 8.7e+04 | secs: 2.53467
DEBUG:MNF:MNF  ::: [105] fit: 4431067.21007 | delta: 8.4e+04 | secs: 2.08923
DEBUG:MNF:MNF  ::: [106] fit: 4348936.45178 | delta: 8.2e+04 | secs: 2.70970
DEBUG:MNF:MNF  ::: [107] fit: 4269027.67741 | delta: 8.0e+04 | secs: 2.18579
DEBUG:MNF:MNF  ::: [108] fit: 4191250.37860 | delta: 7.8e+04 | secs: 2.45155
DEBUG:MNF:MNF  ::: [109] fit: 4115520.14578 | delta: 7.6e+04 | secs: 2.06483
DEBUG:MNF:MNF  ::: [110] fit: 4041760.34933 | delta: 7.4e+04 | secs: 2.00860
DEBUG:MNF:MNF  ::: [111] fit: 3969902.45339 | delta: 7.2e+04 | secs: 2.20439
DEBUG:MNF:MNF  ::: [112] fit: 3899884.28383 | delta: 7.0e+04 | secs: 2.12801
DEBUG:MNF:MNF  ::: [113] fit: 3831646.93515 | delta: 6.8e+04 | secs: 2.22765
DEBUG:MNF:MNF  ::: [114] fit: 3765131.99306 | delta: 6.7e+04 | secs: 1.97785
DEBUG:MNF:MNF  ::: [115] fit: 3700280.62218 | delta: 6.5e+04 | secs: 2.10336
DEBUG:MNF:MNF  ::: [116] fit: 3637034.68960 | delta: 6.3e+04 | secs: 2.15861
DEBUG:MNF:MNF  ::: [117] fit: 3575338.67178 | delta: 6.2e+04 | secs: 2.42670
DEBUG:MNF:MNF  ::: [118] fit: 3515140.72295 | delta: 6.0e+04 | secs: 2.21486
DEBUG:MNF:MNF  ::: [119] fit: 3456392.16234 | delta: 5.9e+04 | secs: 2.81125
DEBUG:MNF:MNF  ::: [120] fit: 3399046.07719 | delta: 5.7e+04 | secs: 2.28874
DEBUG:MNF:MNF  ::: [121] fit: 3343056.36620 | delta: 5.6e+04 | secs: 2.12622
DEBUG:MNF:MNF  ::: [122] fit: 3288377.77205 | delta: 5.5e+04 | secs: 2.15159
DEBUG:MNF:MNF  ::: [123] fit: 3234966.44375 | delta: 5.3e+04 | secs: 2.03064
DEBUG:MNF:MNF  ::: [124] fit: 3182780.58228 | delta: 5.2e+04 | secs: 2.02053
DEBUG:MNF:MNF  ::: [125] fit: 3131781.01152 | delta: 5.1e+04 | secs: 2.12955
DEBUG:MNF:MNF  ::: [126] fit: 3081931.49201 | delta: 5.0e+04 | secs: 2.23890
DEBUG:MNF:MNF  ::: [127] fit: 3033198.44189 | delta: 4.9e+04 | secs: 2.51227
DEBUG:MNF:MNF  ::: [128] fit: 2985550.10882 | delta: 4.8e+04 | secs: 2.60269
DEBUG:MNF:MNF  ::: [129] fit: 2938955.64666 | delta: 4.7e+04 | secs: 2.41119
DEBUG:MNF:MNF  ::: [130] fit: 2893384.48568 | delta: 4.6e+04 | secs: 2.36793
DEBUG:MNF:MNF  ::: [131] fit: 2848806.27360 | delta: 4.5e+04 | secs: 2.31227
DEBUG:MNF:MNF  ::: [132] fit: 2805191.52415 | delta: 4.4e+04 | secs: 1.81814
DEBUG:MNF:MNF  ::: [133] fit: 2762512.51762 | delta: 4.3e+04 | secs: 1.99647
DEBUG:MNF:MNF  ::: [134] fit: 2720743.64593 | delta: 4.2e+04 | secs: 2.08496
DEBUG:MNF:MNF  ::: [135] fit: 2679860.90357 | delta: 4.1e+04 | secs: 2.52633
DEBUG:MNF:MNF  ::: [136] fit: 2639841.14468 | delta: 4.0e+04 | secs: 1.95386
DEBUG:MNF:MNF  ::: [137] fit: 2600661.97428 | delta: 3.9e+04 | secs: 2.11666
DEBUG:MNF:MNF  ::: [138] fit: 2562302.40158 | delta: 3.8e+04 | secs: 1.92131
DEBUG:MNF:MNF  ::: [139] fit: 2524743.36471 | delta: 3.8e+04 | secs: 2.03067
DEBUG:MNF:MNF  ::: [140] fit: 2487967.29056 | delta: 3.7e+04 | secs: 2.22109
DEBUG:MNF:MNF  ::: [141] fit: 2451956.85811 | delta: 3.6e+04 | secs: 2.13001
DEBUG:MNF:MNF  ::: [142] fit: 2416693.77261 | delta: 3.5e+04 | secs: 2.32977
DEBUG:MNF:MNF  ::: [143] fit: 2382158.21874 | delta: 3.5e+04 | secs: 1.88045
DEBUG:MNF:MNF  ::: [144] fit: 2348329.22567 | delta: 3.4e+04 | secs: 2.27348
DEBUG:MNF:MNF  ::: [145] fit: 2315185.74434 | delta: 3.3e+04 | secs: 1.68696
DEBUG:MNF:MNF  ::: [146] fit: 2282707.83184 | delta: 3.2e+04 | secs: 2.00866
DEBUG:MNF:MNF  ::: [147] fit: 2250877.31502 | delta: 3.2e+04 | secs: 2.29834
DEBUG:MNF:MNF  ::: [148] fit: 2219677.66048 | delta: 3.1e+04 | secs: 2.14269
DEBUG:MNF:MNF  ::: [149] fit: 2189093.27326 | delta: 3.1e+04 | secs: 1.83791
DEBUG:MNF:MNF  ::: [150] fit: 2159108.73490 | delta: 3.0e+04 | secs: 2.40452
DEBUG:MNF:MNF  ::: [151] fit: 2129708.43465 | delta: 2.9e+04 | secs: 2.32131
DEBUG:MNF:MNF  ::: [152] fit: 2100876.61266 | delta: 2.9e+04 | secs: 2.35113
DEBUG:MNF:MNF  ::: [153] fit: 2072597.63967 | delta: 2.8e+04 | secs: 2.37980
DEBUG:MNF:MNF  ::: [154] fit: 2044856.35887 | delta: 2.8e+04 | secs: 1.93192
DEBUG:MNF:MNF  ::: [155] fit: 2017638.43241 | delta: 2.7e+04 | secs: 2.65841
DEBUG:MNF:MNF  ::: [156] fit: 1990930.60918 | delta: 2.7e+04 | secs: 2.09853
DEBUG:MNF:MNF  ::: [157] fit: 1964720.70151 | delta: 2.6e+04 | secs: 1.95607
DEBUG:MNF:MNF  ::: [158] fit: 1938997.19469 | delta: 2.6e+04 | secs: 2.45991
DEBUG:MNF:MNF  ::: [159] fit: 1913748.76368 | delta: 2.5e+04 | secs: 2.38742
DEBUG:MNF:MNF  ::: [160] fit: 1888964.04920 | delta: 2.5e+04 | secs: 1.91923
DEBUG:MNF:MNF  ::: [161] fit: 1864631.71277 | delta: 2.4e+04 | secs: 1.96647
DEBUG:MNF:MNF  ::: [162] fit: 1840740.55078 | delta: 2.4e+04 | secs: 1.90803
DEBUG:MNF:MNF  ::: [163] fit: 1817279.52230 | delta: 2.3e+04 | secs: 2.38596
DEBUG:MNF:MNF  ::: [164] fit: 1794237.80340 | delta: 2.3e+04 | secs: 2.54376
DEBUG:MNF:MNF  ::: [165] fit: 1771605.04201 | delta: 2.3e+04 | secs: 1.96068
DEBUG:MNF:MNF  ::: [166] fit: 1749371.72841 | delta: 2.2e+04 | secs: 2.36084
DEBUG:MNF:MNF  ::: [167] fit: 1727529.36920 | delta: 2.2e+04 | secs: 2.15847
DEBUG:MNF:MNF  ::: [168] fit: 1706070.30794 | delta: 2.1e+04 | secs: 2.13931
DEBUG:MNF:MNF  ::: [169] fit: 1684987.35789 | delta: 2.1e+04 | secs: 2.46070
DEBUG:MNF:MNF  ::: [170] fit: 1664273.48983 | delta: 2.1e+04 | secs: 2.67590
DEBUG:MNF:MNF  ::: [171] fit: 1643921.63555 | delta: 2.0e+04 | secs: 2.03249
DEBUG:MNF:MNF  ::: [172] fit: 1623924.52228 | delta: 2.0e+04 | secs: 2.11344
DEBUG:MNF:MNF  ::: [173] fit: 1604274.54759 | delta: 2.0e+04 | secs: 2.19045
DEBUG:MNF:MNF  ::: [174] fit: 1584963.73873 | delta: 1.9e+04 | secs: 2.27920
DEBUG:MNF:MNF  ::: [175] fit: 1565983.81520 | delta: 1.9e+04 | secs: 2.32746
DEBUG:MNF:MNF  ::: [176] fit: 1547326.38385 | delta: 1.9e+04 | secs: 2.28932
DEBUG:MNF:MNF  ::: [177] fit: 1528983.25811 | delta: 1.8e+04 | secs: 2.16264
DEBUG:MNF:MNF  ::: [178] fit: 1510946.78959 | delta: 1.8e+04 | secs: 2.33058
DEBUG:MNF:MNF  ::: [179] fit: 1493210.08614 | delta: 1.8e+04 | secs: 1.97529
DEBUG:MNF:MNF  ::: [180] fit: 1475767.09559 | delta: 1.7e+04 | secs: 2.32933
DEBUG:MNF:MNF  ::: [181] fit: 1458612.59077 | delta: 1.7e+04 | secs: 2.15053
DEBUG:MNF:MNF  ::: [182] fit: 1441741.96045 | delta: 1.7e+04 | secs: 2.72966
DEBUG:MNF:MNF  ::: [183] fit: 1425150.88358 | delta: 1.7e+04 | secs: 2.38964
DEBUG:MNF:MNF  ::: [184] fit: 1408835.00229 | delta: 1.6e+04 | secs: 2.39752
DEBUG:MNF:MNF  ::: [185] fit: 1392789.73935 | delta: 1.6e+04 | secs: 2.68374
DEBUG:MNF:MNF  ::: [186] fit: 1377010.26832 | delta: 1.6e+04 | secs: 2.35989
DEBUG:MNF:MNF  ::: [187] fit: 1361491.53967 | delta: 1.6e+04 | secs: 2.31607
DEBUG:MNF:MNF  ::: [188] fit: 1346228.30376 | delta: 1.5e+04 | secs: 2.03289
DEBUG:MNF:MNF  ::: [189] fit: 1331215.14676 | delta: 1.5e+04 | secs: 2.37719
DEBUG:MNF:MNF  ::: [190] fit: 1316446.58370 | delta: 1.5e+04 | secs: 2.26204
DEBUG:MNF:MNF  ::: [191] fit: 1301917.20015 | delta: 1.5e+04 | secs: 2.16964
DEBUG:MNF:MNF  ::: [192] fit: 1287621.79140 | delta: 1.4e+04 | secs: 1.99730
DEBUG:MNF:MNF  ::: [193] fit: 1273555.39064 | delta: 1.4e+04 | secs: 1.93324
DEBUG:MNF:MNF  ::: [194] fit: 1259713.13908 | delta: 1.4e+04 | secs: 1.93015
DEBUG:MNF:MNF  ::: [195] fit: 1246090.06613 | delta: 1.4e+04 | secs: 2.27774
DEBUG:MNF:MNF  ::: [196] fit: 1232680.95010 | delta: 1.3e+04 | secs: 2.33244
DEBUG:MNF:MNF  ::: [197] fit: 1219480.37135 | delta: 1.3e+04 | secs: 2.16542
DEBUG:MNF:MNF  ::: [198] fit: 1206482.90563 | delta: 1.3e+04 | secs: 2.37585
DEBUG:MNF:MNF  ::: [199] fit: 1193683.34666 | delta: 1.3e+04 | secs: 2.44890
DEBUG:MNF:MNF  ::: [200] fit: 1181076.91151 | delta: 1.3e+04 | secs: 2.64890
DEBUG:MNF:MNF  ::: [201] fit: 1168659.36453 | delta: 1.2e+04 | secs: 1.99556
DEBUG:MNF:MNF  ::: [202] fit: 1156427.00275 | delta: 1.2e+04 | secs: 2.38257
DEBUG:MNF:MNF  ::: [203] fit: 1144376.51969 | delta: 1.2e+04 | secs: 2.24671
DEBUG:MNF:MNF  ::: [204] fit: 1132504.83293 | delta: 1.2e+04 | secs: 2.50756
DEBUG:MNF:MNF  ::: [205] fit: 1120808.92662 | delta: 1.2e+04 | secs: 2.56367
DEBUG:MNF:MNF  ::: [206] fit: 1109285.72541 | delta: 1.2e+04 | secs: 1.79207
DEBUG:MNF:MNF  ::: [207] fit: 1097932.02748 | delta: 1.1e+04 | secs: 2.22547
DEBUG:MNF:MNF  ::: [208] fit: 1086744.49978 | delta: 1.1e+04 | secs: 2.55214
DEBUG:MNF:MNF  ::: [209] fit: 1075719.70831 | delta: 1.1e+04 | secs: 2.10895
DEBUG:MNF:MNF  ::: [210] fit: 1064854.17989 | delta: 1.1e+04 | secs: 2.41415
DEBUG:MNF:MNF  ::: [211] fit: 1054144.51310 | delta: 1.1e+04 | secs: 2.12172
DEBUG:MNF:MNF  ::: [212] fit: 1043587.50778 | delta: 1.1e+04 | secs: 1.87762
DEBUG:MNF:MNF  ::: [213] fit: 1033180.25567 | delta: 1.0e+04 | secs: 2.42510
DEBUG:MNF:MNF  ::: [214] fit: 1022920.17253 | delta: 1.0e+04 | secs: 2.27587
DEBUG:MNF:MNF  ::: [215] fit: 1012804.97878 | delta: 1.0e+04 | secs: 2.27038
DEBUG:MNF:MNF  ::: [216] fit: 1002832.62411 | delta: 1.0e+04 | secs: 2.29791
DEBUG:MNF:MNF  ::: [217] fit: 993001.17641 | delta: 9.8e+03 | secs: 2.34677
DEBUG:MNF:MNF  ::: [218] fit: 983308.73346 | delta: 9.7e+03 | secs: 1.97788
DEBUG:MNF:MNF  ::: [219] fit: 973753.38343 | delta: 9.6e+03 | secs: 2.40214
DEBUG:MNF:MNF  ::: [220] fit: 964333.18510 | delta: 9.4e+03 | secs: 2.38432
DEBUG:MNF:MNF  ::: [221] fit: 955046.15201 | delta: 9.3e+03 | secs: 2.40155
DEBUG:MNF:MNF  ::: [222] fit: 945890.25710 | delta: 9.2e+03 | secs: 2.18319
DEBUG:MNF:MNF  ::: [223] fit: 936863.45643 | delta: 9.0e+03 | secs: 2.37079
DEBUG:MNF:MNF  ::: [224] fit: 927963.69994 | delta: 8.9e+03 | secs: 2.34473
DEBUG:MNF:MNF  ::: [225] fit: 919188.90454 | delta: 8.8e+03 | secs: 2.02733
DEBUG:MNF:MNF  ::: [226] fit: 910536.89488 | delta: 8.7e+03 | secs: 2.37818
DEBUG:MNF:MNF  ::: [227] fit: 902005.33667 | delta: 8.5e+03 | secs: 2.20732
DEBUG:MNF:MNF  ::: [228] fit: 893591.70629 | delta: 8.4e+03 | secs: 1.88851
DEBUG:MNF:MNF  ::: [229] fit: 885293.33724 | delta: 8.3e+03 | secs: 2.25774
DEBUG:MNF:MNF  ::: [230] fit: 877107.54460 | delta: 8.2e+03 | secs: 2.25844
DEBUG:MNF:MNF  ::: [231] fit: 869031.78634 | delta: 8.1e+03 | secs: 1.79967
DEBUG:MNF:MNF  ::: [232] fit: 861063.79496 | delta: 8.0e+03 | secs: 1.93176
DEBUG:MNF:MNF  ::: [233] fit: 853201.60799 | delta: 7.9e+03 | secs: 1.65609
DEBUG:MNF:MNF  ::: [234] fit: 845443.47797 | delta: 7.8e+03 | secs: 1.72634
DEBUG:MNF:MNF  ::: [235] fit: 837787.74203 | delta: 7.7e+03 | secs: 1.86147
DEBUG:MNF:MNF  ::: [236] fit: 830232.74056 | delta: 7.6e+03 | secs: 1.76633
DEBUG:MNF:MNF  ::: [237] fit: 822776.79893 | delta: 7.5e+03 | secs: 2.21798
DEBUG:MNF:MNF  ::: [238] fit: 815418.23388 | delta: 7.4e+03 | secs: 2.06389
DEBUG:MNF:MNF  ::: [239] fit: 808155.36731 | delta: 7.3e+03 | secs: 2.03376
DEBUG:MNF:MNF  ::: [240] fit: 800986.56557 | delta: 7.2e+03 | secs: 1.66501
DEBUG:MNF:MNF  ::: [241] fit: 793910.28439 | delta: 7.1e+03 | secs: 2.08682
DEBUG:MNF:MNF  ::: [242] fit: 786925.07330 | delta: 7.0e+03 | secs: 2.48948
DEBUG:MNF:MNF  ::: [243] fit: 780029.53526 | delta: 6.9e+03 | secs: 2.12696
DEBUG:MNF:MNF  ::: [244] fit: 773222.30258 | delta: 6.8e+03 | secs: 2.13928
DEBUG:MNF:MNF  ::: [245] fit: 766502.06505 | delta: 6.7e+03 | secs: 1.74058
DEBUG:MNF:MNF  ::: [246] fit: 759867.59188 | delta: 6.6e+03 | secs: 2.33105
DEBUG:MNF:MNF  ::: [247] fit: 753317.67922 | delta: 6.5e+03 | secs: 2.56412
DEBUG:MNF:MNF  ::: [248] fit: 746851.03686 | delta: 6.5e+03 | secs: 1.90178
DEBUG:MNF:MNF  ::: [249] fit: 740466.19526 | delta: 6.4e+03 | secs: 2.17971
DEBUG:MNF:MNF  ::: [250] fit: 734161.50711 | delta: 6.3e+03 | secs: 2.22103
DEBUG:MNF:MNF  ::: [251] fit: 727935.26374 | delta: 6.2e+03 | secs: 2.15403
DEBUG:MNF:MNF  ::: [252] fit: 721785.87138 | delta: 6.1e+03 | secs: 2.54956
DEBUG:MNF:MNF  ::: [253] fit: 715711.97883 | delta: 6.1e+03 | secs: 2.35136
DEBUG:MNF:MNF  ::: [254] fit: 709712.46908 | delta: 6.0e+03 | secs: 2.17840
DEBUG:MNF:MNF  ::: [255] fit: 703786.32839 | delta: 5.9e+03 | secs: 1.90859
DEBUG:MNF:MNF  ::: [256] fit: 697932.49155 | delta: 5.9e+03 | secs: 1.91731
DEBUG:MNF:MNF  ::: [257] fit: 692149.75844 | delta: 5.8e+03 | secs: 2.30766
DEBUG:MNF:MNF  ::: [258] fit: 686436.81894 | delta: 5.7e+03 | secs: 1.80737
DEBUG:MNF:MNF  ::: [259] fit: 680792.36089 | delta: 5.6e+03 | secs: 2.09785
DEBUG:MNF:MNF  ::: [260] fit: 675215.18537 | delta: 5.6e+03 | secs: 2.41385
DEBUG:MNF:MNF  ::: [261] fit: 669704.26251 | delta: 5.5e+03 | secs: 2.10772
DEBUG:MNF:MNF  ::: [262] fit: 664258.72700 | delta: 5.4e+03 | secs: 2.16544
DEBUG:MNF:MNF  ::: [263] fit: 658877.84382 | delta: 5.4e+03 | secs: 1.93080
DEBUG:MNF:MNF  ::: [264] fit: 653560.94803 | delta: 5.3e+03 | secs: 2.23830
DEBUG:MNF:MNF  ::: [265] fit: 648307.36387 | delta: 5.3e+03 | secs: 2.26590
DEBUG:MNF:MNF  ::: [266] fit: 643116.34124 | delta: 5.2e+03 | secs: 2.09139
DEBUG:MNF:MNF  ::: [267] fit: 637987.04523 | delta: 5.1e+03 | secs: 2.07560
DEBUG:MNF:MNF  ::: [268] fit: 632918.58907 | delta: 5.1e+03 | secs: 2.22156
DEBUG:MNF:MNF  ::: [269] fit: 627910.07008 | delta: 5.0e+03 | secs: 2.44338
DEBUG:MNF:MNF  ::: [270] fit: 622960.58069 | delta: 4.9e+03 | secs: 2.60829
DEBUG:MNF:MNF  ::: [271] fit: 618069.19662 | delta: 4.9e+03 | secs: 2.16839
DEBUG:MNF:MNF  ::: [272] fit: 613234.95884 | delta: 4.8e+03 | secs: 1.79426
DEBUG:MNF:MNF  ::: [273] fit: 608456.85866 | delta: 4.8e+03 | secs: 2.39610
DEBUG:MNF:MNF  ::: [274] fit: 603733.83092 | delta: 4.7e+03 | secs: 1.89277
DEBUG:MNF:MNF  ::: [275] fit: 599064.75718 | delta: 4.7e+03 | secs: 2.08179
DEBUG:MNF:MNF  ::: [276] fit: 594448.47509 | delta: 4.6e+03 | secs: 2.32229
DEBUG:MNF:MNF  ::: [277] fit: 589883.78775 | delta: 4.6e+03 | secs: 2.31941
DEBUG:MNF:MNF  ::: [278] fit: 585369.47795 | delta: 4.5e+03 | secs: 2.16578
DEBUG:MNF:MNF  ::: [279] fit: 580904.34028 | delta: 4.5e+03 | secs: 2.18799
DEBUG:MNF:MNF  ::: [280] fit: 576487.22873 | delta: 4.4e+03 | secs: 2.09882
DEBUG:MNF:MNF  ::: [281] fit: 572117.10322 | delta: 4.4e+03 | secs: 2.61662
DEBUG:MNF:MNF  ::: [282] fit: 567793.06296 | delta: 4.3e+03 | secs: 2.28662
DEBUG:MNF:MNF  ::: [283] fit: 563514.36340 | delta: 4.3e+03 | secs: 1.84172
DEBUG:MNF:MNF  ::: [284] fit: 559280.41194 | delta: 4.2e+03 | secs: 1.98536
DEBUG:MNF:MNF  ::: [285] fit: 555090.74294 | delta: 4.2e+03 | secs: 1.74163
DEBUG:MNF:MNF  ::: [286] fit: 550944.98244 | delta: 4.1e+03 | secs: 1.98168
DEBUG:MNF:MNF  ::: [287] fit: 546842.81402 | delta: 4.1e+03 | secs: 2.45667
DEBUG:MNF:MNF  ::: [288] fit: 542783.95013 | delta: 4.1e+03 | secs: 2.39906
DEBUG:MNF:MNF  ::: [289] fit: 538768.10989 | delta: 4.0e+03 | secs: 2.01069
DEBUG:MNF:MNF  ::: [290] fit: 534795.00696 | delta: 4.0e+03 | secs: 2.25456
DEBUG:MNF:MNF  ::: [291] fit: 530864.34581 | delta: 3.9e+03 | secs: 2.32012
DEBUG:MNF:MNF  ::: [292] fit: 526975.81520 | delta: 3.9e+03 | secs: 2.13279
DEBUG:MNF:MNF  ::: [293] fit: 523129.07276 | delta: 3.8e+03 | secs: 1.92090
DEBUG:MNF:MNF  ::: [294] fit: 519323.73219 | delta: 3.8e+03 | secs: 2.40781
DEBUG:MNF:MNF  ::: [295] fit: 515559.37077 | delta: 3.8e+03 | secs: 2.61576
DEBUG:MNF:MNF  ::: [296] fit: 511835.55299 | delta: 3.7e+03 | secs: 2.10840
DEBUG:MNF:MNF  ::: [297] fit: 508151.84341 | delta: 3.7e+03 | secs: 2.01160
DEBUG:MNF:MNF  ::: [298] fit: 504507.78993 | delta: 3.6e+03 | secs: 2.21624
DEBUG:MNF:MNF  ::: [299] fit: 500902.88999 | delta: 3.6e+03 | secs: 1.95805
DEBUG:MNF:MNF  ::: [300] fit: 497336.56546 | delta: 3.6e+03 | secs: 2.35507
DEBUG:MNF:MNF  ::: [301] fit: 493808.15767 | delta: 3.5e+03 | secs: 2.31733
DEBUG:MNF:MNF  ::: [302] fit: 490316.93980 | delta: 3.5e+03 | secs: 2.20979
DEBUG:MNF:MNF  ::: [303] fit: 486862.14303 | delta: 3.5e+03 | secs: 1.88706
DEBUG:MNF:MNF  ::: [304] fit: 483442.99188 | delta: 3.4e+03 | secs: 1.97402
DEBUG:MNF:MNF  ::: [305] fit: 480058.73882 | delta: 3.4e+03 | secs: 2.09388
DEBUG:MNF:MNF  ::: [306] fit: 476708.68007 | delta: 3.4e+03 | secs: 2.36151
DEBUG:MNF:MNF  ::: [307] fit: 473392.14516 | delta: 3.3e+03 | secs: 2.00838
DEBUG:MNF:MNF  ::: [308] fit: 470108.48291 | delta: 3.3e+03 | secs: 2.29466
DEBUG:MNF:MNF  ::: [309] fit: 466857.07107 | delta: 3.3e+03 | secs: 2.18431
DEBUG:MNF:MNF  ::: [310] fit: 463637.33958 | delta: 3.2e+03 | secs: 1.99568
DEBUG:MNF:MNF  ::: [311] fit: 460448.77362 | delta: 3.2e+03 | secs: 2.26263
DEBUG:MNF:MNF  ::: [312] fit: 457290.89396 | delta: 3.2e+03 | secs: 1.98335
DEBUG:MNF:MNF  ::: [313] fit: 454163.24415 | delta: 3.1e+03 | secs: 2.05843
DEBUG:MNF:MNF  ::: [314] fit: 451065.39734 | delta: 3.1e+03 | secs: 2.32234
DEBUG:MNF:MNF  ::: [315] fit: 447996.95765 | delta: 3.1e+03 | secs: 2.28927
DEBUG:MNF:MNF  ::: [316] fit: 444957.53929 | delta: 3.0e+03 | secs: 2.40792
DEBUG:MNF:MNF  ::: [317] fit: 441946.74181 | delta: 3.0e+03 | secs: 2.11603
DEBUG:MNF:MNF  ::: [318] fit: 438964.14619 | delta: 3.0e+03 | secs: 1.65604
DEBUG:MNF:MNF  ::: [319] fit: 436009.32901 | delta: 3.0e+03 | secs: 2.11139
DEBUG:MNF:MNF  ::: [320] fit: 433081.87463 | delta: 2.9e+03 | secs: 1.69596
DEBUG:MNF:MNF  ::: [321] fit: 430181.37991 | delta: 2.9e+03 | secs: 2.42427
DEBUG:MNF:MNF  ::: [322] fit: 427307.46288 | delta: 2.9e+03 | secs: 2.16405
DEBUG:MNF:MNF  ::: [323] fit: 424459.77637 | delta: 2.8e+03 | secs: 2.46350
DEBUG:MNF:MNF  ::: [324] fit: 421638.00967 | delta: 2.8e+03 | secs: 1.83042
DEBUG:MNF:MNF  ::: [325] fit: 418841.87048 | delta: 2.8e+03 | secs: 1.95127
DEBUG:MNF:MNF  ::: [326] fit: 416071.06578 | delta: 2.8e+03 | secs: 2.05595
DEBUG:MNF:MNF  ::: [327] fit: 413325.30301 | delta: 2.7e+03 | secs: 2.15578
DEBUG:MNF:MNF  ::: [328] fit: 410604.30707 | delta: 2.7e+03 | secs: 2.22527
DEBUG:MNF:MNF  ::: [329] fit: 407907.83333 | delta: 2.7e+03 | secs: 2.00261
DEBUG:MNF:MNF  ::: [330] fit: 405235.66935 | delta: 2.7e+03 | secs: 2.31101
DEBUG:MNF:MNF  ::: [331] fit: 402587.62783 | delta: 2.6e+03 | secs: 2.02272
DEBUG:MNF:MNF  ::: [332] fit: 399963.53177 | delta: 2.6e+03 | secs: 1.88510
DEBUG:MNF:MNF  ::: [333] fit: 397363.19419 | delta: 2.6e+03 | secs: 2.26814
DEBUG:MNF:MNF  ::: [334] fit: 394786.40314 | delta: 2.6e+03 | secs: 2.11263
DEBUG:MNF:MNF  ::: [335] fit: 392232.92106 | delta: 2.6e+03 | secs: 2.33396
DEBUG:MNF:MNF  ::: [336] fit: 389702.49863 | delta: 2.5e+03 | secs: 2.33499
DEBUG:MNF:MNF  ::: [337] fit: 387194.89127 | delta: 2.5e+03 | secs: 2.73761
DEBUG:MNF:MNF  ::: [338] fit: 384709.86889 | delta: 2.5e+03 | secs: 2.52579
DEBUG:MNF:MNF  ::: [339] fit: 382247.21626 | delta: 2.5e+03 | secs: 2.07607
DEBUG:MNF:MNF  ::: [340] fit: 379806.72680 | delta: 2.4e+03 | secs: 1.65170
DEBUG:MNF:MNF  ::: [341] fit: 377388.19646 | delta: 2.4e+03 | secs: 2.00234
DEBUG:MNF:MNF  ::: [342] fit: 374991.41951 | delta: 2.4e+03 | secs: 1.89073
DEBUG:MNF:MNF  ::: [343] fit: 372616.18930 | delta: 2.4e+03 | secs: 2.46051
DEBUG:MNF:MNF  ::: [344] fit: 370262.30308 | delta: 2.4e+03 | secs: 2.18289
DEBUG:MNF:MNF  ::: [345] fit: 367929.56681 | delta: 2.3e+03 | secs: 1.87961
DEBUG:MNF:MNF  ::: [346] fit: 365617.79108 | delta: 2.3e+03 | secs: 1.95656
DEBUG:MNF:MNF  ::: [347] fit: 363326.77988 | delta: 2.3e+03 | secs: 2.35062
DEBUG:MNF:MNF  ::: [348] fit: 361056.32141 | delta: 2.3e+03 | secs: 2.58928
DEBUG:MNF:MNF  ::: [349] fit: 358806.18757 | delta: 2.3e+03 | secs: 2.26434
DEBUG:MNF:MNF  ::: [350] fit: 356576.13613 | delta: 2.2e+03 | secs: 2.50914
DEBUG:MNF:MNF  ::: [351] fit: 354365.90771 | delta: 2.2e+03 | secs: 2.35156
DEBUG:MNF:MNF  ::: [352] fit: 352175.22195 | delta: 2.2e+03 | secs: 1.95320
DEBUG:MNF:MNF  ::: [353] fit: 350003.78810 | delta: 2.2e+03 | secs: 2.32361
DEBUG:MNF:MNF  ::: [354] fit: 347851.32971 | delta: 2.2e+03 | secs: 2.13948
DEBUG:MNF:MNF  ::: [355] fit: 345717.60657 | delta: 2.1e+03 | secs: 2.47089
DEBUG:MNF:MNF  ::: [356] fit: 343602.41708 | delta: 2.1e+03 | secs: 2.25894
DEBUG:MNF:MNF  ::: [357] fit: 341505.58091 | delta: 2.1e+03 | secs: 2.41788
DEBUG:MNF:MNF  ::: [358] fit: 339426.91801 | delta: 2.1e+03 | secs: 2.05212
DEBUG:MNF:MNF  ::: [359] fit: 337366.23862 | delta: 2.1e+03 | secs: 2.54357
DEBUG:MNF:MNF  ::: [360] fit: 335323.34848 | delta: 2.0e+03 | secs: 2.21471
DEBUG:MNF:MNF  ::: [361] fit: 333298.05997 | delta: 2.0e+03 | secs: 2.42996
DEBUG:MNF:MNF  ::: [362] fit: 331290.19637 | delta: 2.0e+03 | secs: 2.37182
DEBUG:MNF:MNF  ::: [363] fit: 329299.58370 | delta: 2.0e+03 | secs: 1.66485
DEBUG:MNF:MNF  ::: [364] fit: 327326.03403 | delta: 2.0e+03 | secs: 1.79153
DEBUG:MNF:MNF  ::: [365] fit: 325369.33178 | delta: 2.0e+03 | secs: 2.18488
DEBUG:MNF:MNF  ::: [366] fit: 323429.23336 | delta: 1.9e+03 | secs: 1.89539
DEBUG:MNF:MNF  ::: [367] fit: 321505.48273 | delta: 1.9e+03 | secs: 1.67903
DEBUG:MNF:MNF  ::: [368] fit: 319597.83289 | delta: 1.9e+03 | secs: 2.24222
DEBUG:MNF:MNF  ::: [369] fit: 317706.06382 | delta: 1.9e+03 | secs: 2.80627
DEBUG:MNF:MNF  ::: [370] fit: 315829.99558 | delta: 1.9e+03 | secs: 2.15156
DEBUG:MNF:MNF  ::: [371] fit: 313969.49852 | delta: 1.9e+03 | secs: 2.32800
DEBUG:MNF:MNF  ::: [372] fit: 312124.49521 | delta: 1.8e+03 | secs: 2.06764
DEBUG:MNF:MNF  ::: [373] fit: 310294.94523 | delta: 1.8e+03 | secs: 1.82116
DEBUG:MNF:MNF  ::: [374] fit: 308480.81396 | delta: 1.8e+03 | secs: 2.66149
DEBUG:MNF:MNF  ::: [375] fit: 306682.03809 | delta: 1.8e+03 | secs: 2.37439
DEBUG:MNF:MNF  ::: [376] fit: 304898.50195 | delta: 1.8e+03 | secs: 2.21712
DEBUG:MNF:MNF  ::: [377] fit: 303130.03346 | delta: 1.8e+03 | secs: 2.19673
DEBUG:MNF:MNF  ::: [378] fit: 301376.42074 | delta: 1.8e+03 | secs: 2.23295
DEBUG:MNF:MNF  ::: [379] fit: 299637.44157 | delta: 1.7e+03 | secs: 1.93751
DEBUG:MNF:MNF  ::: [380] fit: 297912.89119 | delta: 1.7e+03 | secs: 2.09747
DEBUG:MNF:MNF  ::: [381] fit: 296202.59284 | delta: 1.7e+03 | secs: 2.76091
DEBUG:MNF:MNF  ::: [382] fit: 294506.38852 | delta: 1.7e+03 | secs: 2.26240
DEBUG:MNF:MNF  ::: [383] fit: 292824.12176 | delta: 1.7e+03 | secs: 2.06866
DEBUG:MNF:MNF  ::: [384] fit: 291155.62864 | delta: 1.7e+03 | secs: 2.50421
DEBUG:MNF:MNF  ::: [385] fit: 289500.74138 | delta: 1.7e+03 | secs: 2.09949
DEBUG:MNF:MNF  ::: [386] fit: 287859.29561 | delta: 1.6e+03 | secs: 2.23511
DEBUG:MNF:MNF  ::: [387] fit: 286231.13314 | delta: 1.6e+03 | secs: 2.20136
DEBUG:MNF:MNF  ::: [388] fit: 284616.09916 | delta: 1.6e+03 | secs: 2.56494
DEBUG:MNF:MNF  ::: [389] fit: 283014.04057 | delta: 1.6e+03 | secs: 2.37007
DEBUG:MNF:MNF  ::: [390] fit: 281424.81175 | delta: 1.6e+03 | secs: 2.24251
DEBUG:MNF:MNF  ::: [391] fit: 279848.28761 | delta: 1.6e+03 | secs: 2.56792
DEBUG:MNF:MNF  ::: [392] fit: 278284.37599 | delta: 1.6e+03 | secs: 2.05689
DEBUG:MNF:MNF  ::: [393] fit: 276733.02051 | delta: 1.6e+03 | secs: 2.35491
DEBUG:MNF:MNF  ::: [394] fit: 275194.19072 | delta: 1.5e+03 | secs: 2.42332
DEBUG:MNF:MNF  ::: [395] fit: 273667.86456 | delta: 1.5e+03 | secs: 2.63686
DEBUG:MNF:MNF  ::: [396] fit: 272154.00957 | delta: 1.5e+03 | secs: 2.21260
DEBUG:MNF:MNF  ::: [397] fit: 270652.56864 | delta: 1.5e+03 | secs: 2.30387
DEBUG:MNF:MNF  ::: [398] fit: 269163.45298 | delta: 1.5e+03 | secs: 1.80288
DEBUG:MNF:MNF  ::: [399] fit: 267686.54610 | delta: 1.5e+03 | secs: 1.95498
DEBUG:MNF:MNF  ::: [400] fit: 266221.71744 | delta: 1.5e+03 | secs: 1.70080
DEBUG:MNF:MNF  ::: [401] fit: 264768.83760 | delta: 1.5e+03 | secs: 2.13727
DEBUG:MNF:MNF  ::: [402] fit: 263327.78545 | delta: 1.4e+03 | secs: 2.18690
DEBUG:MNF:MNF  ::: [403] fit: 261898.44352 | delta: 1.4e+03 | secs: 1.93772
DEBUG:MNF:MNF  ::: [404] fit: 260480.68644 | delta: 1.4e+03 | secs: 2.23712
DEBUG:MNF:MNF  ::: [405] fit: 259074.36829 | delta: 1.4e+03 | secs: 1.82541
DEBUG:MNF:MNF  ::: [406] fit: 257679.31704 | delta: 1.4e+03 | secs: 2.01038
DEBUG:MNF:MNF  ::: [407] fit: 256295.34255 | delta: 1.4e+03 | secs: 2.12796
DEBUG:MNF:MNF  ::: [408] fit: 254922.25939 | delta: 1.4e+03 | secs: 2.07782
DEBUG:MNF:MNF  ::: [409] fit: 253559.91283 | delta: 1.4e+03 | secs: 1.92957
DEBUG:MNF:MNF  ::: [410] fit: 252208.19357 | delta: 1.4e+03 | secs: 1.98333
DEBUG:MNF:MNF  ::: [411] fit: 250867.03431 | delta: 1.3e+03 | secs: 2.45312
DEBUG:MNF:MNF  ::: [412] fit: 249536.39434 | delta: 1.3e+03 | secs: 2.29543
DEBUG:MNF:MNF  ::: [413] fit: 248216.24194 | delta: 1.3e+03 | secs: 2.03646
DEBUG:MNF:MNF  ::: [414] fit: 246906.53837 | delta: 1.3e+03 | secs: 2.58636
DEBUG:MNF:MNF  ::: [415] fit: 245607.22359 | delta: 1.3e+03 | secs: 2.17745
DEBUG:MNF:MNF  ::: [416] fit: 244318.20215 | delta: 1.3e+03 | secs: 2.11665
DEBUG:MNF:MNF  ::: [417] fit: 243039.33570 | delta: 1.3e+03 | secs: 2.35987
DEBUG:MNF:MNF  ::: [418] fit: 241770.45124 | delta: 1.3e+03 | secs: 2.47133
DEBUG:MNF:MNF  ::: [419] fit: 240511.36829 | delta: 1.3e+03 | secs: 2.83675
DEBUG:MNF:MNF  ::: [420] fit: 239261.92958 | delta: 1.2e+03 | secs: 2.60958
DEBUG:MNF:MNF  ::: [421] fit: 238022.01646 | delta: 1.2e+03 | secs: 2.04578
DEBUG:MNF:MNF  ::: [422] fit: 236791.54212 | delta: 1.2e+03 | secs: 2.37228
DEBUG:MNF:MNF  ::: [423] fit: 235570.43419 | delta: 1.2e+03 | secs: 2.17729
DEBUG:MNF:MNF  ::: [424] fit: 234358.61880 | delta: 1.2e+03 | secs: 2.09597
DEBUG:MNF:MNF  ::: [425] fit: 233156.01083 | delta: 1.2e+03 | secs: 2.22950
DEBUG:MNF:MNF  ::: [426] fit: 231962.50839 | delta: 1.2e+03 | secs: 2.22935
DEBUG:MNF:MNF  ::: [427] fit: 230777.99216 | delta: 1.2e+03 | secs: 2.60707
DEBUG:MNF:MNF  ::: [428] fit: 229602.33119 | delta: 1.2e+03 | secs: 2.42992
DEBUG:MNF:MNF  ::: [429] fit: 228435.39404 | delta: 1.2e+03 | secs: 2.44841
DEBUG:MNF:MNF  ::: [430] fit: 227277.06282 | delta: 1.2e+03 | secs: 1.89775
DEBUG:MNF:MNF  ::: [431] fit: 226127.24502 | delta: 1.1e+03 | secs: 2.08405
DEBUG:MNF:MNF  ::: [432] fit: 224985.87859 | delta: 1.1e+03 | secs: 2.24029
DEBUG:MNF:MNF  ::: [433] fit: 223852.92788 | delta: 1.1e+03 | secs: 2.33826
DEBUG:MNF:MNF  ::: [434] fit: 222728.37271 | delta: 1.1e+03 | secs: 2.33670
DEBUG:MNF:MNF  ::: [435] fit: 221612.19443 | delta: 1.1e+03 | secs: 2.23056
DEBUG:MNF:MNF  ::: [436] fit: 220504.36057 | delta: 1.1e+03 | secs: 2.20552
DEBUG:MNF:MNF  ::: [437] fit: 219404.81172 | delta: 1.1e+03 | secs: 2.39845
DEBUG:MNF:MNF  ::: [438] fit: 218313.45540 | delta: 1.1e+03 | secs: 2.34658
DEBUG:MNF:MNF  ::: [439] fit: 217230.17035 | delta: 1.1e+03 | secs: 1.84731
DEBUG:MNF:MNF  ::: [440] fit: 216154.82027 | delta: 1.1e+03 | secs: 2.31923
DEBUG:MNF:MNF  ::: [441] fit: 215087.27022 | delta: 1.1e+03 | secs: 2.61111
DEBUG:MNF:MNF  ::: [442] fit: 214027.39774 | delta: 1.1e+03 | secs: 2.32026
DEBUG:MNF:MNF  ::: [443] fit: 212975.09512 | delta: 1.1e+03 | secs: 2.24501
DEBUG:MNF:MNF  ::: [444] fit: 211930.26611 | delta: 1.0e+03 | secs: 2.24581
DEBUG:MNF:MNF  ::: [445] fit: 210892.82315 | delta: 1.0e+03 | secs: 1.92405
DEBUG:MNF:MNF  ::: [446] fit: 209862.68704 | delta: 1.0e+03 | secs: 2.18804
DEBUG:MNF:MNF  ::: [447] fit: 208839.78436 | delta: 1.0e+03 | secs: 2.07706
DEBUG:MNF:MNF  ::: [448] fit: 207824.03805 | delta: 1.0e+03 | secs: 2.11131
DEBUG:MNF:MNF  ::: [449] fit: 206815.35518 | delta: 1.0e+03 | secs: 2.57059
DEBUG:MNF:MNF  ::: [450] fit: 205813.62221 | delta: 1.0e+03 | secs: 2.24798
DEBUG:MNF:MNF  ::: [451] fit: 204818.71352 | delta: 9.9e+02 | secs: 2.05249
DEBUG:MNF:MNF  ::: [452] fit: 203830.50775 | delta: 9.9e+02 | secs: 2.01217
DEBUG:MNF:MNF  ::: [453] fit: 202848.90140 | delta: 9.8e+02 | secs: 2.36235
DEBUG:MNF:MNF  ::: [454] fit: 201873.81354 | delta: 9.8e+02 | secs: 2.29774
DEBUG:MNF:MNF  ::: [455] fit: 200905.18272 | delta: 9.7e+02 | secs: 1.60424
DEBUG:MNF:MNF  ::: [456] fit: 199942.96152 | delta: 9.6e+02 | secs: 1.82713
DEBUG:MNF:MNF  ::: [457] fit: 198987.11217 | delta: 9.6e+02 | secs: 2.15081
DEBUG:MNF:MNF  ::: [458] fit: 198037.60257 | delta: 9.5e+02 | secs: 1.87488
DEBUG:MNF:MNF  ::: [459] fit: 197094.40115 | delta: 9.4e+02 | secs: 1.78949
DEBUG:MNF:MNF  ::: [460] fit: 196157.47125 | delta: 9.4e+02 | secs: 1.88033
DEBUG:MNF:MNF  ::: [461] fit: 195226.76761 | delta: 9.3e+02 | secs: 2.41282
DEBUG:MNF:MNF  ::: [462] fit: 194302.23821 | delta: 9.2e+02 | secs: 2.31513
DEBUG:MNF:MNF  ::: [463] fit: 193383.83015 | delta: 9.2e+02 | secs: 2.14205
DEBUG:MNF:MNF  ::: [464] fit: 192471.49542 | delta: 9.1e+02 | secs: 2.25332
DEBUG:MNF:MNF  ::: [465] fit: 191565.19108 | delta: 9.1e+02 | secs: 2.29502
DEBUG:MNF:MNF  ::: [466] fit: 190664.87517 | delta: 9.0e+02 | secs: 2.15726
DEBUG:MNF:MNF  ::: [467] fit: 189770.50273 | delta: 8.9e+02 | secs: 1.97605
DEBUG:MNF:MNF  ::: [468] fit: 188882.02580 | delta: 8.9e+02 | secs: 2.17270
DEBUG:MNF:MNF  ::: [469] fit: 187999.39808 | delta: 8.8e+02 | secs: 2.03350
DEBUG:MNF:MNF  ::: [470] fit: 187122.57917 | delta: 8.8e+02 | secs: 2.02080
DEBUG:MNF:MNF  ::: [471] fit: 186251.53558 | delta: 8.7e+02 | secs: 1.79169
DEBUG:MNF:MNF  ::: [472] fit: 185386.23905 | delta: 8.7e+02 | secs: 1.91614
DEBUG:MNF:MNF  ::: [473] fit: 184526.66435 | delta: 8.6e+02 | secs: 2.15597
DEBUG:MNF:MNF  ::: [474] fit: 183672.78717 | delta: 8.5e+02 | secs: 2.26325
DEBUG:MNF:MNF  ::: [475] fit: 182824.58079 | delta: 8.5e+02 | secs: 1.87976
DEBUG:MNF:MNF  ::: [476] fit: 181982.01137 | delta: 8.4e+02 | secs: 2.31232
DEBUG:MNF:MNF  ::: [477] fit: 181145.03388 | delta: 8.4e+02 | secs: 2.09825
DEBUG:MNF:MNF  ::: [478] fit: 180313.59077 | delta: 8.3e+02 | secs: 2.28192
DEBUG:MNF:MNF  ::: [479] fit: 179487.61530 | delta: 8.3e+02 | secs: 2.24594
DEBUG:MNF:MNF  ::: [480] fit: 178667.03931 | delta: 8.2e+02 | secs: 2.26657
DEBUG:MNF:MNF  ::: [481] fit: 177851.80227 | delta: 8.2e+02 | secs: 2.18488
DEBUG:MNF:MNF  ::: [482] fit: 177041.85622 | delta: 8.1e+02 | secs: 2.28518
DEBUG:MNF:MNF  ::: [483] fit: 176237.16526 | delta: 8.0e+02 | secs: 2.12370
DEBUG:MNF:MNF  ::: [484] fit: 175437.70081 | delta: 8.0e+02 | secs: 2.38051
DEBUG:MNF:MNF  ::: [485] fit: 174643.43525 | delta: 7.9e+02 | secs: 2.15019
DEBUG:MNF:MNF  ::: [486] fit: 173854.33496 | delta: 7.9e+02 | secs: 1.85863
DEBUG:MNF:MNF  ::: [487] fit: 173070.35476 | delta: 7.8e+02 | secs: 1.96744
DEBUG:MNF:MNF  ::: [488] fit: 172291.43801 | delta: 7.8e+02 | secs: 2.46509
DEBUG:MNF:MNF  ::: [489] fit: 171517.52272 | delta: 7.7e+02 | secs: 2.21521
DEBUG:MNF:MNF  ::: [490] fit: 170748.54950 | delta: 7.7e+02 | secs: 2.14413
DEBUG:MNF:MNF  ::: [491] fit: 169984.46624 | delta: 7.6e+02 | secs: 2.64764
DEBUG:MNF:MNF  ::: [492] fit: 169225.22824 | delta: 7.6e+02 | secs: 1.91032
DEBUG:MNF:MNF  ::: [493] fit: 168470.79646 | delta: 7.5e+02 | secs: 2.04477
DEBUG:MNF:MNF  ::: [494] fit: 167721.13725 | delta: 7.5e+02 | secs: 2.14158
DEBUG:MNF:MNF  ::: [495] fit: 166976.22481 | delta: 7.4e+02 | secs: 2.04755
DEBUG:MNF:MNF  ::: [496] fit: 166236.04248 | delta: 7.4e+02 | secs: 2.30914
DEBUG:MNF:MNF  ::: [497] fit: 165500.57954 | delta: 7.4e+02 | secs: 2.36342
DEBUG:MNF:MNF  ::: [498] fit: 164769.82439 | delta: 7.3e+02 | secs: 2.07032
DEBUG:MNF:MNF  ::: [499] fit: 164043.75844 | delta: 7.3e+02 | secs: 1.60531
