DEBUG:MNF:Initializing U
DEBUG:MNF:Initialization completed
DEBUG:MNF:MNF  ::: [  0] fit: 987878591.70876 | delta: 9.9e+08 | secs: 0.66740
DEBUG:MNF:MNF  ::: [  1] fit: 953270116.40262 | delta: 3.5e+07 | secs: 0.70881
DEBUG:MNF:MNF  ::: [  2] fit: 1920624190.19760 | delta: 9.7e+08 | secs: 0.70966
DEBUG:MNF:MNF  ::: [  3] fit: 4683221581.43378 | delta: 2.8e+09 | secs: 0.70008
DEBUG:MNF:MNF  ::: [  4] fit: 7048923716.46643 | delta: 2.4e+09 | secs: 0.70890
DEBUG:MNF:MNF  ::: [  5] fit: 7538784733.39989 | delta: 4.9e+08 | secs: 0.70636
DEBUG:MNF:MNF  ::: [  6] fit: 6601666321.40495 | delta: 9.4e+08 | secs: 0.70264
DEBUG:MNF:MNF  ::: [  7] fit: 5127421914.09351 | delta: 1.5e+09 | secs: 0.70540
DEBUG:MNF:MNF  ::: [  8] fit: 3696205065.73165 | delta: 1.4e+09 | secs: 0.70442
DEBUG:MNF:MNF  ::: [  9] fit: 2549501451.26824 | delta: 1.1e+09 | secs: 0.70290
DEBUG:MNF:MNF  ::: [ 10] fit: 1725279890.02708 | delta: 8.2e+08 | secs: 0.70215
DEBUG:MNF:MNF  ::: [ 11] fit: 1170755908.83603 | delta: 5.5e+08 | secs: 0.70435
DEBUG:MNF:MNF  ::: [ 12] fit: 810619437.62118 | delta: 3.6e+08 | secs: 0.70229
DEBUG:MNF:MNF  ::: [ 13] fit: 579134587.79273 | delta: 2.3e+08 | secs: 0.70501
DEBUG:MNF:MNF  ::: [ 14] fit: 429024564.97533 | delta: 1.5e+08 | secs: 0.70291
DEBUG:MNF:MNF  ::: [ 15] fit: 329525620.26917 | delta: 9.9e+07 | secs: 0.70435
DEBUG:MNF:MNF  ::: [ 16] fit: 261600488.40295 | delta: 6.8e+07 | secs: 0.70536
DEBUG:MNF:MNF  ::: [ 17] fit: 213694685.61647 | delta: 4.8e+07 | secs: 0.70444
DEBUG:MNF:MNF  ::: [ 18] fit: 178792419.42778 | delta: 3.5e+07 | secs: 0.70183
DEBUG:MNF:MNF  ::: [ 19] fit: 152577638.27809 | delta: 2.6e+07 | secs: 0.71150
DEBUG:MNF:MNF  ::: [ 20] fit: 132339366.00003 | delta: 2.0e+07 | secs: 0.70486
DEBUG:MNF:MNF  ::: [ 21] fit: 116332097.21682 | delta: 1.6e+07 | secs: 0.70454
DEBUG:MNF:MNF  ::: [ 22] fit: 103402221.79268 | delta: 1.3e+07 | secs: 0.70630
DEBUG:MNF:MNF  ::: [ 23] fit: 92767238.14353 | delta: 1.1e+07 | secs: 0.70531
DEBUG:MNF:MNF  ::: [ 24] fit: 83882758.72578 | delta: 8.9e+06 | secs: 0.70253
DEBUG:MNF:MNF  ::: [ 25] fit: 76360658.61157 | delta: 7.5e+06 | secs: 0.70567
DEBUG:MNF:MNF  ::: [ 26] fit: 69917708.30536 | delta: 6.4e+06 | secs: 0.70560
DEBUG:MNF:MNF  ::: [ 27] fit: 64342819.58018 | delta: 5.6e+06 | secs: 0.70353
DEBUG:MNF:MNF  ::: [ 28] fit: 59475794.84534 | delta: 4.9e+06 | secs: 0.70570
DEBUG:MNF:MNF  ::: [ 29] fit: 55193163.57875 | delta: 4.3e+06 | secs: 0.70395
DEBUG:MNF:MNF  ::: [ 30] fit: 51398409.32262 | delta: 3.8e+06 | secs: 0.70313
DEBUG:MNF:MNF  ::: [ 31] fit: 48015054.97479 | delta: 3.4e+06 | secs: 0.70487
DEBUG:MNF:MNF  ::: [ 32] fit: 44981741.75649 | delta: 3.0e+06 | secs: 0.70515
DEBUG:MNF:MNF  ::: [ 33] fit: 42248706.34735 | delta: 2.7e+06 | secs: 0.70306
DEBUG:MNF:MNF  ::: [ 34] fit: 39775180.57673 | delta: 2.5e+06 | secs: 0.70264
DEBUG:MNF:MNF  ::: [ 35] fit: 37527401.57713 | delta: 2.2e+06 | secs: 0.72083
DEBUG:MNF:MNF  ::: [ 36] fit: 35477102.50908 | delta: 2.1e+06 | secs: 0.70276
DEBUG:MNF:MNF  ::: [ 37] fit: 33600426.93042 | delta: 1.9e+06 | secs: 0.70301
DEBUG:MNF:MNF  ::: [ 38] fit: 31877163.12791 | delta: 1.7e+06 | secs: 0.70206
DEBUG:MNF:MNF  ::: [ 39] fit: 30290150.38990 | delta: 1.6e+06 | secs: 0.70185
DEBUG:MNF:MNF  ::: [ 40] fit: 28824752.44198 | delta: 1.5e+06 | secs: 0.70065
DEBUG:MNF:MNF  ::: [ 41] fit: 27468379.54816 | delta: 1.4e+06 | secs: 0.70386
DEBUG:MNF:MNF  ::: [ 42] fit: 26210085.15261 | delta: 1.3e+06 | secs: 0.70141
DEBUG:MNF:MNF  ::: [ 43] fit: 25040257.55420 | delta: 1.2e+06 | secs: 0.70324
DEBUG:MNF:MNF  ::: [ 44] fit: 23950408.58326 | delta: 1.1e+06 | secs: 0.70061
DEBUG:MNF:MNF  ::: [ 45] fit: 22933037.00339 | delta: 1.0e+06 | secs: 0.70221
DEBUG:MNF:MNF  ::: [ 46] fit: 21981524.56838 | delta: 9.5e+05 | secs: 0.70355
DEBUG:MNF:MNF  ::: [ 47] fit: 21090033.65768 | delta: 8.9e+05 | secs: 0.70303
DEBUG:MNF:MNF  ::: [ 48] fit: 20253404.71817 | delta: 8.4e+05 | secs: 0.70007
DEBUG:MNF:MNF  ::: [ 49] fit: 19467062.78952 | delta: 7.9e+05 | secs: 0.70474
DEBUG:MNF:MNF  ::: [ 50] fit: 18726933.19072 | delta: 7.4e+05 | secs: 0.70072
DEBUG:MNF:MNF  ::: [ 51] fit: 18029360.16089 | delta: 7.0e+05 | secs: 0.70177
DEBUG:MNF:MNF  ::: [ 52] fit: 17371029.79786 | delta: 6.6e+05 | secs: 0.70239
DEBUG:MNF:MNF  ::: [ 53] fit: 16748910.17999 | delta: 6.2e+05 | secs: 0.70382
DEBUG:MNF:MNF  ::: [ 54] fit: 16160219.63679 | delta: 5.9e+05 | secs: 0.69943
DEBUG:MNF:MNF  ::: [ 55] fit: 15602418.07316 | delta: 5.6e+05 | secs: 0.70362
DEBUG:MNF:MNF  ::: [ 56] fit: 15073205.15743 | delta: 5.3e+05 | secs: 0.70231
DEBUG:MNF:MNF  ::: [ 57] fit: 14570513.50405 | delta: 5.0e+05 | secs: 0.70281
DEBUG:MNF:MNF  ::: [ 58] fit: 14092494.30379 | delta: 4.8e+05 | secs: 0.70208
DEBUG:MNF:MNF  ::: [ 59] fit: 13637495.88001 | delta: 4.5e+05 | secs: 0.70288
DEBUG:MNF:MNF  ::: [ 60] fit: 13204035.31411 | delta: 4.3e+05 | secs: 0.70037
DEBUG:MNF:MNF  ::: [ 61] fit: 12790766.42205 | delta: 4.1e+05 | secs: 0.70326
DEBUG:MNF:MNF  ::: [ 62] fit: 12396450.87932 | delta: 3.9e+05 | secs: 0.70044
DEBUG:MNF:MNF  ::: [ 63] fit: 12019937.52343 | delta: 3.8e+05 | secs: 0.70110
DEBUG:MNF:MNF  ::: [ 64] fit: 11660151.07084 | delta: 3.6e+05 | secs: 0.70159
DEBUG:MNF:MNF  ::: [ 65] fit: 11316089.80919 | delta: 3.4e+05 | secs: 0.70432
DEBUG:MNF:MNF  ::: [ 66] fit: 10986829.42059 | delta: 3.3e+05 | secs: 0.69994
DEBUG:MNF:MNF  ::: [ 67] fit: 10671526.39804 | delta: 3.2e+05 | secs: 0.70318
DEBUG:MNF:MNF  ::: [ 68] fit: 10369414.87795 | delta: 3.0e+05 | secs: 0.70364
DEBUG:MNF:MNF  ::: [ 69] fit: 10079795.97456 | delta: 2.9e+05 | secs: 0.70221
DEBUG:MNF:MNF  ::: [ 70] fit: 9802023.46696 | delta: 2.8e+05 | secs: 0.70101
DEBUG:MNF:MNF  ::: [ 71] fit: 9535490.96387 | delta: 2.7e+05 | secs: 0.70301
DEBUG:MNF:MNF  ::: [ 72] fit: 9279624.13035 | delta: 2.6e+05 | secs: 0.69989
DEBUG:MNF:MNF  ::: [ 73] fit: 9033878.11371 | delta: 2.5e+05 | secs: 0.70389
DEBUG:MNF:MNF  ::: [ 74] fit: 8797737.08441 | delta: 2.4e+05 | secs: 0.70195
DEBUG:MNF:MNF  ::: [ 75] fit: 8570712.84265 | delta: 2.3e+05 | secs: 0.70245
DEBUG:MNF:MNF  ::: [ 76] fit: 8352342.48246 | delta: 2.2e+05 | secs: 0.70159
DEBUG:MNF:MNF  ::: [ 77] fit: 8142187.03520 | delta: 2.1e+05 | secs: 0.70179
DEBUG:MNF:MNF  ::: [ 78] fit: 7939831.67370 | delta: 2.0e+05 | secs: 0.70138
DEBUG:MNF:MNF  ::: [ 79] fit: 7744886.37051 | delta: 1.9e+05 | secs: 0.70294
DEBUG:MNF:MNF  ::: [ 80] fit: 7556986.33254 | delta: 1.9e+05 | secs: 0.69980
DEBUG:MNF:MNF  ::: [ 81] fit: 7375792.18072 | delta: 1.8e+05 | secs: 0.70199
DEBUG:MNF:MNF  ::: [ 82] fit: 7200989.28301 | delta: 1.7e+05 | secs: 0.70141
DEBUG:MNF:MNF  ::: [ 83] fit: 7032285.47076 | delta: 1.7e+05 | secs: 0.70408
DEBUG:MNF:MNF  ::: [ 84] fit: 6869407.26445 | delta: 1.6e+05 | secs: 0.70173
DEBUG:MNF:MNF  ::: [ 85] fit: 6712095.84018 | delta: 1.6e+05 | secs: 0.70413
DEBUG:MNF:MNF  ::: [ 86] fit: 6560104.46216 | delta: 1.5e+05 | secs: 0.70358
DEBUG:MNF:MNF  ::: [ 87] fit: 6413198.06067 | delta: 1.5e+05 | secs: 0.70220
DEBUG:MNF:MNF  ::: [ 88] fit: 6271153.72091 | delta: 1.4e+05 | secs: 0.70341
DEBUG:MNF:MNF  ::: [ 89] fit: 6133760.57131 | delta: 1.4e+05 | secs: 0.70268
DEBUG:MNF:MNF  ::: [ 90] fit: 6000818.91364 | delta: 1.3e+05 | secs: 0.70188
DEBUG:MNF:MNF  ::: [ 91] fit: 5872138.98700 | delta: 1.3e+05 | secs: 0.70430
DEBUG:MNF:MNF  ::: [ 92] fit: 5747539.35874 | delta: 1.2e+05 | secs: 0.70157
DEBUG:MNF:MNF  ::: [ 93] fit: 5626845.14513 | delta: 1.2e+05 | secs: 0.70298
DEBUG:MNF:MNF  ::: [ 94] fit: 5509887.06371 | delta: 1.2e+05 | secs: 0.70132
DEBUG:MNF:MNF  ::: [ 95] fit: 5396502.48676 | delta: 1.1e+05 | secs: 0.70231
DEBUG:MNF:MNF  ::: [ 96] fit: 5286538.46644 | delta: 1.1e+05 | secs: 0.70343
DEBUG:MNF:MNF  ::: [ 97] fit: 5179854.93335 | delta: 1.1e+05 | secs: 0.70261
DEBUG:MNF:MNF  ::: [ 98] fit: 5076325.77421 | delta: 1.0e+05 | secs: 0.70182
DEBUG:MNF:MNF  ::: [ 99] fit: 4975836.78731 | delta: 1.0e+05 | secs: 0.70365
DEBUG:MNF:MNF  ::: [100] fit: 4878281.32200 | delta: 9.8e+04 | secs: 0.70195
DEBUG:MNF:MNF  ::: [101] fit: 4783555.54903 | delta: 9.5e+04 | secs: 0.70301
DEBUG:MNF:MNF  ::: [102] fit: 4691555.37366 | delta: 9.2e+04 | secs: 0.70048
DEBUG:MNF:MNF  ::: [103] fit: 4602175.96113 | delta: 8.9e+04 | secs: 0.70391
DEBUG:MNF:MNF  ::: [104] fit: 4515313.22825 | delta: 8.7e+04 | secs: 0.70044
DEBUG:MNF:MNF  ::: [105] fit: 4430865.59666 | delta: 8.4e+04 | secs: 0.70166
DEBUG:MNF:MNF  ::: [106] fit: 4348734.77433 | delta: 8.2e+04 | secs: 0.70060
DEBUG:MNF:MNF  ::: [107] fit: 4268825.94363 | delta: 8.0e+04 | secs: 0.70223
DEBUG:MNF:MNF  ::: [108] fit: 4191048.59189 | delta: 7.8e+04 | secs: 0.70253
DEBUG:MNF:MNF  ::: [109] fit: 4115318.29983 | delta: 7.6e+04 | secs: 0.70357
DEBUG:MNF:MNF  ::: [110] fit: 4041558.44680 | delta: 7.4e+04 | secs: 0.70132
DEBUG:MNF:MNF  ::: [111] fit: 3969700.49612 | delta: 7.2e+04 | secs: 0.70080
DEBUG:MNF:MNF  ::: [112] fit: 3899682.27063 | delta: 7.0e+04 | secs: 0.70267
DEBUG:MNF:MNF  ::: [113] fit: 3831444.86412 | delta: 6.8e+04 | secs: 0.70265
DEBUG:MNF:MNF  ::: [114] fit: 3764929.86480 | delta: 6.7e+04 | secs: 0.69914
DEBUG:MNF:MNF  ::: [115] fit: 3700078.43993 | delta: 6.5e+04 | secs: 0.70292
DEBUG:MNF:MNF  ::: [116] fit: 3636832.45837 | delta: 6.3e+04 | secs: 0.70190
DEBUG:MNF:MNF  ::: [117] fit: 3575136.39765 | delta: 6.2e+04 | secs: 0.70420
DEBUG:MNF:MNF  ::: [118] fit: 3514938.41165 | delta: 6.0e+04 | secs: 0.70183
DEBUG:MNF:MNF  ::: [119] fit: 3456189.81882 | delta: 5.9e+04 | secs: 0.70318
DEBUG:MNF:MNF  ::: [120] fit: 3398843.70559 | delta: 5.7e+04 | secs: 0.70079
DEBUG:MNF:MNF  ::: [121] fit: 3342853.96912 | delta: 5.6e+04 | secs: 0.70385
DEBUG:MNF:MNF  ::: [122] fit: 3288175.34829 | delta: 5.5e+04 | secs: 0.70219
DEBUG:MNF:MNF  ::: [123] fit: 3234763.99710 | delta: 5.3e+04 | secs: 0.70269
DEBUG:MNF:MNF  ::: [124] fit: 3182578.11611 | delta: 5.2e+04 | secs: 0.70216
DEBUG:MNF:MNF  ::: [125] fit: 3131578.52741 | delta: 5.1e+04 | secs: 0.70389
DEBUG:MNF:MNF  ::: [126] fit: 3081728.99102 | delta: 5.0e+04 | secs: 0.70008
DEBUG:MNF:MNF  ::: [127] fit: 3032995.92464 | delta: 4.9e+04 | secs: 0.70330
DEBUG:MNF:MNF  ::: [128] fit: 2985347.57693 | delta: 4.8e+04 | secs: 0.70112
DEBUG:MNF:MNF  ::: [129] fit: 2938753.09995 | delta: 4.7e+04 | secs: 0.70351
DEBUG:MNF:MNF  ::: [130] fit: 2893181.92007 | delta: 4.6e+04 | secs: 0.70084
DEBUG:MNF:MNF  ::: [131] fit: 2848603.68860 | delta: 4.5e+04 | secs: 0.70366
DEBUG:MNF:MNF  ::: [132] fit: 2804988.92173 | delta: 4.4e+04 | secs: 0.70097
DEBUG:MNF:MNF  ::: [133] fit: 2762309.89762 | delta: 4.3e+04 | secs: 0.70352
DEBUG:MNF:MNF  ::: [134] fit: 2720541.00726 | delta: 4.2e+04 | secs: 0.70268
DEBUG:MNF:MNF  ::: [135] fit: 2679658.24863 | delta: 4.1e+04 | secs: 0.70133
DEBUG:MNF:MNF  ::: [136] fit: 2639638.47439 | delta: 4.0e+04 | secs: 0.70084
DEBUG:MNF:MNF  ::: [137] fit: 2600459.28795 | delta: 3.9e+04 | secs: 0.70256
DEBUG:MNF:MNF  ::: [138] fit: 2562099.69845 | delta: 3.8e+04 | secs: 0.70168
DEBUG:MNF:MNF  ::: [139] fit: 2524540.64390 | delta: 3.8e+04 | secs: 0.70232
DEBUG:MNF:MNF  ::: [140] fit: 2487764.55163 | delta: 3.7e+04 | secs: 0.70171
DEBUG:MNF:MNF  ::: [141] fit: 2451754.10010 | delta: 3.6e+04 | secs: 0.70168
DEBUG:MNF:MNF  ::: [142] fit: 2416490.99450 | delta: 3.5e+04 | secs: 0.70277
DEBUG:MNF:MNF  ::: [143] fit: 2381955.41979 | delta: 3.5e+04 | secs: 0.70387
DEBUG:MNF:MNF  ::: [144] fit: 2348126.40459 | delta: 3.4e+04 | secs: 0.69979
DEBUG:MNF:MNF  ::: [145] fit: 2314982.89539 | delta: 3.3e+04 | secs: 0.70301
DEBUG:MNF:MNF  ::: [146] fit: 2282504.94969 | delta: 3.2e+04 | secs: 0.70083
DEBUG:MNF:MNF  ::: [147] fit: 2250674.39860 | delta: 3.2e+04 | secs: 0.70258
DEBUG:MNF:MNF  ::: [148] fit: 2219474.71002 | delta: 3.1e+04 | secs: 0.70333
DEBUG:MNF:MNF  ::: [149] fit: 2188890.28753 | delta: 3.1e+04 | secs: 0.70254
DEBUG:MNF:MNF  ::: [150] fit: 2158905.71905 | delta: 3.0e+04 | secs: 0.70108
DEBUG:MNF:MNF  ::: [151] fit: 2129505.39295 | delta: 2.9e+04 | secs: 0.70319
DEBUG:MNF:MNF  ::: [152] fit: 2100673.54709 | delta: 2.9e+04 | secs: 0.70216
DEBUG:MNF:MNF  ::: [153] fit: 2072394.55174 | delta: 2.8e+04 | secs: 0.70159
DEBUG:MNF:MNF  ::: [154] fit: 2044653.24899 | delta: 2.8e+04 | secs: 0.70372
DEBUG:MNF:MNF  ::: [155] fit: 2017435.30032 | delta: 2.7e+04 | secs: 0.70291
DEBUG:MNF:MNF  ::: [156] fit: 1990727.45475 | delta: 2.7e+04 | secs: 0.70164
DEBUG:MNF:MNF  ::: [157] fit: 1964517.52471 | delta: 2.6e+04 | secs: 0.70442
DEBUG:MNF:MNF  ::: [158] fit: 1938793.99457 | delta: 2.6e+04 | secs: 0.70127
DEBUG:MNF:MNF  ::: [159] fit: 1913545.53832 | delta: 2.5e+04 | secs: 0.71352
DEBUG:MNF:MNF  ::: [160] fit: 1888760.79532 | delta: 2.5e+04 | secs: 0.70213
DEBUG:MNF:MNF  ::: [161] fit: 1864428.42891 | delta: 2.4e+04 | secs: 0.70197
DEBUG:MNF:MNF  ::: [162] fit: 1840537.23509 | delta: 2.4e+04 | secs: 0.70290
DEBUG:MNF:MNF  ::: [163] fit: 1817076.17059 | delta: 2.3e+04 | secs: 0.70369
DEBUG:MNF:MNF  ::: [164] fit: 1794034.41300 | delta: 2.3e+04 | secs: 0.70198
DEBUG:MNF:MNF  ::: [165] fit: 1771401.61196 | delta: 2.3e+04 | secs: 0.70264
DEBUG:MNF:MNF  ::: [166] fit: 1749168.25590 | delta: 2.2e+04 | secs: 0.70238
DEBUG:MNF:MNF  ::: [167] fit: 1727325.85098 | delta: 2.2e+04 | secs: 0.70257
DEBUG:MNF:MNF  ::: [168] fit: 1705866.74053 | delta: 2.1e+04 | secs: 0.69928
DEBUG:MNF:MNF  ::: [169] fit: 1684783.73647 | delta: 2.1e+04 | secs: 0.70242
DEBUG:MNF:MNF  ::: [170] fit: 1664069.81242 | delta: 2.1e+04 | secs: 0.70142
DEBUG:MNF:MNF  ::: [171] fit: 1643717.90029 | delta: 2.0e+04 | secs: 0.70126
DEBUG:MNF:MNF  ::: [172] fit: 1623720.72478 | delta: 2.0e+04 | secs: 0.69968
DEBUG:MNF:MNF  ::: [173] fit: 1604070.68034 | delta: 2.0e+04 | secs: 0.70294
DEBUG:MNF:MNF  ::: [174] fit: 1584759.79202 | delta: 1.9e+04 | secs: 0.70201
DEBUG:MNF:MNF  ::: [175] fit: 1565779.78340 | delta: 1.9e+04 | secs: 0.70278
DEBUG:MNF:MNF  ::: [176] fit: 1547122.27255 | delta: 1.9e+04 | secs: 0.70105
DEBUG:MNF:MNF  ::: [177] fit: 1528779.08118 | delta: 1.8e+04 | secs: 0.70268
DEBUG:MNF:MNF  ::: [178] fit: 1510742.55872 | delta: 1.8e+04 | secs: 0.70067
DEBUG:MNF:MNF  ::: [179] fit: 1493005.80816 | delta: 1.8e+04 | secs: 0.70300
DEBUG:MNF:MNF  ::: [180] fit: 1475562.78057 | delta: 1.7e+04 | secs: 0.70204
DEBUG:MNF:MNF  ::: [181] fit: 1458408.24214 | delta: 1.7e+04 | secs: 0.71651
DEBUG:MNF:MNF  ::: [182] fit: 1441537.58169 | delta: 1.7e+04 | secs: 0.70042
DEBUG:MNF:MNF  ::: [183] fit: 1424946.47760 | delta: 1.7e+04 | secs: 0.70193
DEBUG:MNF:MNF  ::: [184] fit: 1408630.57013 | delta: 1.6e+04 | secs: 0.70173
DEBUG:MNF:MNF  ::: [185] fit: 1392585.28260 | delta: 1.6e+04 | secs: 0.70337
DEBUG:MNF:MNF  ::: [186] fit: 1376805.78944 | delta: 1.6e+04 | secs: 0.69975
DEBUG:MNF:MNF  ::: [187] fit: 1361287.04013 | delta: 1.6e+04 | secs: 0.70238
DEBUG:MNF:MNF  ::: [188] fit: 1346023.78392 | delta: 1.5e+04 | secs: 0.70026
DEBUG:MNF:MNF  ::: [189] fit: 1331010.60794 | delta: 1.5e+04 | secs: 0.70278
DEBUG:MNF:MNF  ::: [190] fit: 1316242.02697 | delta: 1.5e+04 | secs: 0.70343
DEBUG:MNF:MNF  ::: [191] fit: 1301712.62778 | delta: 1.5e+04 | secs: 0.70354
DEBUG:MNF:MNF  ::: [192] fit: 1287417.20516 | delta: 1.4e+04 | secs: 0.69931
DEBUG:MNF:MNF  ::: [193] fit: 1273350.79179 | delta: 1.4e+04 | secs: 0.70404
DEBUG:MNF:MNF  ::: [194] fit: 1259508.52872 | delta: 1.4e+04 | secs: 0.70101
DEBUG:MNF:MNF  ::: [195] fit: 1245885.44537 | delta: 1.4e+04 | secs: 0.70251
DEBUG:MNF:MNF  ::: [196] fit: 1232476.32000 | delta: 1.3e+04 | secs: 0.70014
DEBUG:MNF:MNF  ::: [197] fit: 1219275.73274 | delta: 1.3e+04 | secs: 0.70287
DEBUG:MNF:MNF  ::: [198] fit: 1206278.25866 | delta: 1.3e+04 | secs: 0.70112
DEBUG:MNF:MNF  ::: [199] fit: 1193478.69258 | delta: 1.3e+04 | secs: 0.70362
DEBUG:MNF:MNF  ::: [200] fit: 1180872.25105 | delta: 1.3e+04 | secs: 0.70005
DEBUG:MNF:MNF  ::: [201] fit: 1168454.69808 | delta: 1.2e+04 | secs: 0.70289
DEBUG:MNF:MNF  ::: [202] fit: 1156222.33044 | delta: 1.2e+04 | secs: 0.70181
DEBUG:MNF:MNF  ::: [203] fit: 1144171.84178 | delta: 1.2e+04 | secs: 0.70283
DEBUG:MNF:MNF  ::: [204] fit: 1132300.15000 | delta: 1.2e+04 | secs: 0.70112
DEBUG:MNF:MNF  ::: [205] fit: 1120604.23904 | delta: 1.2e+04 | secs: 0.70264
DEBUG:MNF:MNF  ::: [206] fit: 1109081.03353 | delta: 1.2e+04 | secs: 0.70264
DEBUG:MNF:MNF  ::: [207] fit: 1097727.33152 | delta: 1.1e+04 | secs: 0.70170
DEBUG:MNF:MNF  ::: [208] fit: 1086539.79971 | delta: 1.1e+04 | secs: 0.70025
DEBUG:MNF:MNF  ::: [209] fit: 1075515.00420 | delta: 1.1e+04 | secs: 0.70243
DEBUG:MNF:MNF  ::: [210] fit: 1064649.47234 | delta: 1.1e+04 | secs: 0.70201
DEBUG:MNF:MNF  ::: [211] fit: 1053939.80246 | delta: 1.1e+04 | secs: 0.70372
DEBUG:MNF:MNF  ::: [212] fit: 1043382.79405 | delta: 1.1e+04 | secs: 0.70065
DEBUG:MNF:MNF  ::: [213] fit: 1032975.53885 | delta: 1.0e+04 | secs: 0.70226
DEBUG:MNF:MNF  ::: [214] fit: 1022715.45269 | delta: 1.0e+04 | secs: 0.70049
DEBUG:MNF:MNF  ::: [215] fit: 1012600.25603 | delta: 1.0e+04 | secs: 0.70318
DEBUG:MNF:MNF  ::: [216] fit: 1002627.89857 | delta: 1.0e+04 | secs: 0.70059
DEBUG:MNF:MNF  ::: [217] fit: 992796.44802 | delta: 9.8e+03 | secs: 0.70330
DEBUG:MNF:MNF  ::: [218] fit: 983104.00207 | delta: 9.7e+03 | secs: 0.70103
DEBUG:MNF:MNF  ::: [219] fit: 973548.64884 | delta: 9.6e+03 | secs: 0.70199
DEBUG:MNF:MNF  ::: [220] fit: 964128.44730 | delta: 9.4e+03 | secs: 0.70237
DEBUG:MNF:MNF  ::: [221] fit: 954841.41108 | delta: 9.3e+03 | secs: 0.70258
DEBUG:MNF:MNF  ::: [222] fit: 945685.51303 | delta: 9.2e+03 | secs: 0.69882
DEBUG:MNF:MNF  ::: [223] fit: 936658.70932 | delta: 9.0e+03 | secs: 0.70249
DEBUG:MNF:MNF  ::: [224] fit: 927758.94983 | delta: 8.9e+03 | secs: 0.70046
DEBUG:MNF:MNF  ::: [225] fit: 918984.15145 | delta: 8.8e+03 | secs: 0.70195
DEBUG:MNF:MNF  ::: [226] fit: 910332.13889 | delta: 8.7e+03 | secs: 0.70296
DEBUG:MNF:MNF  ::: [227] fit: 901800.57791 | delta: 8.5e+03 | secs: 0.70245
DEBUG:MNF:MNF  ::: [228] fit: 893386.94486 | delta: 8.4e+03 | secs: 0.69983
DEBUG:MNF:MNF  ::: [229] fit: 885088.57328 | delta: 8.3e+03 | secs: 0.70265
DEBUG:MNF:MNF  ::: [230] fit: 876902.77824 | delta: 8.2e+03 | secs: 0.70235
DEBUG:MNF:MNF  ::: [231] fit: 868827.01767 | delta: 8.1e+03 | secs: 0.70237
DEBUG:MNF:MNF  ::: [232] fit: 860859.02409 | delta: 8.0e+03 | secs: 0.70079
DEBUG:MNF:MNF  ::: [233] fit: 852996.83462 | delta: 7.9e+03 | secs: 0.70212
DEBUG:MNF:MNF  ::: [234] fit: 845238.70216 | delta: 7.8e+03 | secs: 0.70057
DEBUG:MNF:MNF  ::: [235] fit: 837582.96416 | delta: 7.7e+03 | secs: 0.70231
DEBUG:MNF:MNF  ::: [236] fit: 830027.96087 | delta: 7.6e+03 | secs: 0.69927
DEBUG:MNF:MNF  ::: [237] fit: 822572.01747 | delta: 7.5e+03 | secs: 0.70140
DEBUG:MNF:MNF  ::: [238] fit: 815213.45023 | delta: 7.4e+03 | secs: 0.70157
DEBUG:MNF:MNF  ::: [239] fit: 807950.58159 | delta: 7.3e+03 | secs: 0.70233
DEBUG:MNF:MNF  ::: [240] fit: 800781.77792 | delta: 7.2e+03 | secs: 0.70009
DEBUG:MNF:MNF  ::: [241] fit: 793705.49498 | delta: 7.1e+03 | secs: 0.70357
DEBUG:MNF:MNF  ::: [242] fit: 786720.28244 | delta: 7.0e+03 | secs: 0.74281
DEBUG:MNF:MNF  ::: [243] fit: 779824.74308 | delta: 6.9e+03 | secs: 0.70176
DEBUG:MNF:MNF  ::: [244] fit: 773017.50924 | delta: 6.8e+03 | secs: 0.70599
DEBUG:MNF:MNF  ::: [245] fit: 766297.27062 | delta: 6.7e+03 | secs: 0.70248
DEBUG:MNF:MNF  ::: [246] fit: 759662.79643 | delta: 6.6e+03 | secs: 0.69939
DEBUG:MNF:MNF  ::: [247] fit: 753112.88282 | delta: 6.5e+03 | secs: 0.70405
DEBUG:MNF:MNF  ::: [248] fit: 746646.23961 | delta: 6.5e+03 | secs: 0.70178
DEBUG:MNF:MNF  ::: [249] fit: 740261.39725 | delta: 6.4e+03 | secs: 0.70326
DEBUG:MNF:MNF  ::: [250] fit: 733960.36087 | delta: 6.3e+03 | secs: 0.70192
DEBUG:MNF:MNF  ::: [251] fit: 727734.04244 | delta: 6.2e+03 | secs: 0.70266
DEBUG:MNF:MNF  ::: [252] fit: 721584.56782 | delta: 6.1e+03 | secs: 0.70054
DEBUG:MNF:MNF  ::: [253] fit: 715510.59040 | delta: 6.1e+03 | secs: 0.70360
DEBUG:MNF:MNF  ::: [254] fit: 709510.99536 | delta: 6.0e+03 | secs: 0.70003
DEBUG:MNF:MNF  ::: [255] fit: 703584.77001 | delta: 5.9e+03 | secs: 0.70189
DEBUG:MNF:MNF  ::: [256] fit: 697730.84970 | delta: 5.9e+03 | secs: 0.70198
DEBUG:MNF:MNF  ::: [257] fit: 691948.03454 | delta: 5.8e+03 | secs: 0.70312
DEBUG:MNF:MNF  ::: [258] fit: 686235.01446 | delta: 5.7e+03 | secs: 0.70157
DEBUG:MNF:MNF  ::: [259] fit: 680590.47736 | delta: 5.6e+03 | secs: 0.70327
DEBUG:MNF:MNF  ::: [260] fit: 675013.22437 | delta: 5.6e+03 | secs: 0.70221
DEBUG:MNF:MNF  ::: [261] fit: 669502.22555 | delta: 5.5e+03 | secs: 0.70283
DEBUG:MNF:MNF  ::: [262] fit: 664056.61562 | delta: 5.4e+03 | secs: 0.70001
DEBUG:MNF:MNF  ::: [263] fit: 658675.65951 | delta: 5.4e+03 | secs: 0.70372
DEBUG:MNF:MNF  ::: [264] fit: 653358.69230 | delta: 5.3e+03 | secs: 0.70048
DEBUG:MNF:MNF  ::: [265] fit: 648105.03823 | delta: 5.3e+03 | secs: 0.70178
DEBUG:MNF:MNF  ::: [266] fit: 642913.94721 | delta: 5.2e+03 | secs: 0.70020
DEBUG:MNF:MNF  ::: [267] fit: 637784.58431 | delta: 5.1e+03 | secs: 0.70276
DEBUG:MNF:MNF  ::: [268] fit: 632716.06266 | delta: 5.1e+03 | secs: 0.70097
DEBUG:MNF:MNF  ::: [269] fit: 627707.47951 | delta: 5.0e+03 | secs: 0.70120
DEBUG:MNF:MNF  ::: [270] fit: 622757.92724 | delta: 4.9e+03 | secs: 0.70089
DEBUG:MNF:MNF  ::: [271] fit: 617866.48160 | delta: 4.9e+03 | secs: 0.70470
DEBUG:MNF:MNF  ::: [272] fit: 613032.18350 | delta: 4.8e+03 | secs: 0.70006
DEBUG:MNF:MNF  ::: [273] fit: 608254.02429 | delta: 4.8e+03 | secs: 0.70346
DEBUG:MNF:MNF  ::: [274] fit: 603530.93878 | delta: 4.7e+03 | secs: 0.70212
DEBUG:MNF:MNF  ::: [275] fit: 598861.80845 | delta: 4.7e+03 | secs: 0.70299
DEBUG:MNF:MNF  ::: [276] fit: 594245.47091 | delta: 4.6e+03 | secs: 0.70263
DEBUG:MNF:MNF  ::: [277] fit: 589680.72920 | delta: 4.6e+03 | secs: 0.70387
DEBUG:MNF:MNF  ::: [278] fit: 585166.36613 | delta: 4.5e+03 | secs: 0.69974
DEBUG:MNF:MNF  ::: [279] fit: 580701.17626 | delta: 4.5e+03 | secs: 0.70242
DEBUG:MNF:MNF  ::: [280] fit: 576284.01356 | delta: 4.4e+03 | secs: 0.70143
DEBUG:MNF:MNF  ::: [281] fit: 571913.83790 | delta: 4.4e+03 | secs: 0.70239
DEBUG:MNF:MNF  ::: [282] fit: 567589.74852 | delta: 4.3e+03 | secs: 0.70062
DEBUG:MNF:MNF  ::: [283] fit: 563311.00080 | delta: 4.3e+03 | secs: 0.70296
DEBUG:MNF:MNF  ::: [284] fit: 559077.00213 | delta: 4.2e+03 | secs: 0.70223
DEBUG:MNF:MNF  ::: [285] fit: 554887.28689 | delta: 4.2e+03 | secs: 0.70196
DEBUG:MNF:MNF  ::: [286] fit: 550741.48111 | delta: 4.1e+03 | secs: 0.70142
DEBUG:MNF:MNF  ::: [287] fit: 546639.26839 | delta: 4.1e+03 | secs: 0.70489
DEBUG:MNF:MNF  ::: [288] fit: 542580.36112 | delta: 4.1e+03 | secs: 0.70082
DEBUG:MNF:MNF  ::: [289] fit: 538564.47839 | delta: 4.0e+03 | secs: 0.70352
DEBUG:MNF:MNF  ::: [290] fit: 534591.33391 | delta: 4.0e+03 | secs: 0.70125
DEBUG:MNF:MNF  ::: [291] fit: 530660.63206 | delta: 3.9e+03 | secs: 0.70234
DEBUG:MNF:MNF  ::: [292] fit: 526772.06159 | delta: 3.9e+03 | secs: 0.70297
DEBUG:MNF:MNF  ::: [293] fit: 522925.28017 | delta: 3.8e+03 | secs: 0.71017
DEBUG:MNF:MNF  ::: [294] fit: 519119.90147 | delta: 3.8e+03 | secs: 0.70121
DEBUG:MNF:MNF  ::: [295] fit: 515355.50272 | delta: 3.8e+03 | secs: 0.70143
DEBUG:MNF:MNF  ::: [296] fit: 511631.64842 | delta: 3.7e+03 | secs: 0.69970
DEBUG:MNF:MNF  ::: [297] fit: 507947.90313 | delta: 3.7e+03 | secs: 0.70208
DEBUG:MNF:MNF  ::: [298] fit: 504303.81472 | delta: 3.6e+03 | secs: 0.70056
DEBUG:MNF:MNF  ::: [299] fit: 500698.88065 | delta: 3.6e+03 | secs: 0.70181
DEBUG:MNF:MNF  ::: [300] fit: 497132.52283 | delta: 3.6e+03 | secs: 0.70338
DEBUG:MNF:MNF  ::: [301] fit: 493604.08251 | delta: 3.5e+03 | secs: 0.70360
DEBUG:MNF:MNF  ::: [302] fit: 490112.83293 | delta: 3.5e+03 | secs: 0.70207
DEBUG:MNF:MNF  ::: [303] fit: 486658.00522 | delta: 3.5e+03 | secs: 0.70210
DEBUG:MNF:MNF  ::: [304] fit: 483238.82389 | delta: 3.4e+03 | secs: 0.70148
DEBUG:MNF:MNF  ::: [305] fit: 479854.54138 | delta: 3.4e+03 | secs: 0.70168
DEBUG:MNF:MNF  ::: [306] fit: 476504.45394 | delta: 3.4e+03 | secs: 0.70279
DEBUG:MNF:MNF  ::: [307] fit: 473187.89112 | delta: 3.3e+03 | secs: 0.70352
DEBUG:MNF:MNF  ::: [308] fit: 469904.20171 | delta: 3.3e+03 | secs: 0.70025
DEBUG:MNF:MNF  ::: [309] fit: 466652.76344 | delta: 3.3e+03 | secs: 0.70173
DEBUG:MNF:MNF  ::: [310] fit: 463433.00624 | delta: 3.2e+03 | secs: 0.70346
DEBUG:MNF:MNF  ::: [311] fit: 460244.41540 | delta: 3.2e+03 | secs: 0.70355
DEBUG:MNF:MNF  ::: [312] fit: 457086.51162 | delta: 3.2e+03 | secs: 0.70048
DEBUG:MNF:MNF  ::: [313] fit: 453958.83849 | delta: 3.1e+03 | secs: 0.70289
DEBUG:MNF:MNF  ::: [314] fit: 450860.96915 | delta: 3.1e+03 | secs: 0.70092
DEBUG:MNF:MNF  ::: [315] fit: 447792.50774 | delta: 3.1e+03 | secs: 0.70178
DEBUG:MNF:MNF  ::: [316] fit: 444753.06850 | delta: 3.0e+03 | secs: 0.70135
DEBUG:MNF:MNF  ::: [317] fit: 441742.25100 | delta: 3.0e+03 | secs: 0.70236
DEBUG:MNF:MNF  ::: [318] fit: 438759.63624 | delta: 3.0e+03 | secs: 0.70059
DEBUG:MNF:MNF  ::: [319] fit: 435804.80087 | delta: 3.0e+03 | secs: 0.70350
DEBUG:MNF:MNF  ::: [320] fit: 432877.32931 | delta: 2.9e+03 | secs: 0.70059
DEBUG:MNF:MNF  ::: [321] fit: 429976.81848 | delta: 2.9e+03 | secs: 0.70169
DEBUG:MNF:MNF  ::: [322] fit: 427102.88647 | delta: 2.9e+03 | secs: 0.70049
DEBUG:MNF:MNF  ::: [323] fit: 424255.18614 | delta: 2.8e+03 | secs: 0.70278
DEBUG:MNF:MNF  ::: [324] fit: 421433.40672 | delta: 2.8e+03 | secs: 0.70152
DEBUG:MNF:MNF  ::: [325] fit: 418637.25566 | delta: 2.8e+03 | secs: 0.70316
DEBUG:MNF:MNF  ::: [326] fit: 415866.43958 | delta: 2.8e+03 | secs: 0.69928
DEBUG:MNF:MNF  ::: [327] fit: 413120.66547 | delta: 2.7e+03 | secs: 0.70356
DEBUG:MNF:MNF  ::: [328] fit: 410399.65772 | delta: 2.7e+03 | secs: 0.70255
DEBUG:MNF:MNF  ::: [329] fit: 407703.17150 | delta: 2.7e+03 | secs: 0.70325
DEBUG:MNF:MNF  ::: [330] fit: 405030.99452 | delta: 2.7e+03 | secs: 0.70165
DEBUG:MNF:MNF  ::: [331] fit: 402382.93975 | delta: 2.6e+03 | secs: 0.70303
DEBUG:MNF:MNF  ::: [332] fit: 399758.83036 | delta: 2.6e+03 | secs: 0.70173
DEBUG:MNF:MNF  ::: [333] fit: 397158.47938 | delta: 2.6e+03 | secs: 0.70253
DEBUG:MNF:MNF  ::: [334] fit: 394581.67451 | delta: 2.6e+03 | secs: 0.70343
DEBUG:MNF:MNF  ::: [335] fit: 392028.17810 | delta: 2.6e+03 | secs: 0.70162
DEBUG:MNF:MNF  ::: [336] fit: 389497.74088 | delta: 2.5e+03 | secs: 0.69863
DEBUG:MNF:MNF  ::: [337] fit: 386990.11845 | delta: 2.5e+03 | secs: 0.70398
DEBUG:MNF:MNF  ::: [338] fit: 384505.08103 | delta: 2.5e+03 | secs: 0.70087
DEBUG:MNF:MNF  ::: [339] fit: 382042.41348 | delta: 2.5e+03 | secs: 0.70452
DEBUG:MNF:MNF  ::: [340] fit: 379601.90944 | delta: 2.4e+03 | secs: 0.70154
DEBUG:MNF:MNF  ::: [341] fit: 377183.36478 | delta: 2.4e+03 | secs: 0.70316
DEBUG:MNF:MNF  ::: [342] fit: 374786.57381 | delta: 2.4e+03 | secs: 0.69877
DEBUG:MNF:MNF  ::: [343] fit: 372411.32980 | delta: 2.4e+03 | secs: 0.70266
DEBUG:MNF:MNF  ::: [344] fit: 370057.43015 | delta: 2.4e+03 | secs: 0.70223
DEBUG:MNF:MNF  ::: [345] fit: 367724.68074 | delta: 2.3e+03 | secs: 0.70260
DEBUG:MNF:MNF  ::: [346] fit: 365412.89219 | delta: 2.3e+03 | secs: 0.70130
DEBUG:MNF:MNF  ::: [347] fit: 363121.86849 | delta: 2.3e+03 | secs: 0.70290
DEBUG:MNF:MNF  ::: [348] fit: 360851.39785 | delta: 2.3e+03 | secs: 0.69987
DEBUG:MNF:MNF  ::: [349] fit: 358601.25216 | delta: 2.3e+03 | secs: 0.70369
DEBUG:MNF:MNF  ::: [350] fit: 356371.18924 | delta: 2.2e+03 | secs: 0.70139
DEBUG:MNF:MNF  ::: [351] fit: 354160.94962 | delta: 2.2e+03 | secs: 0.70107
DEBUG:MNF:MNF  ::: [352] fit: 351970.25301 | delta: 2.2e+03 | secs: 0.70238
DEBUG:MNF:MNF  ::: [353] fit: 349798.80863 | delta: 2.2e+03 | secs: 0.70172
DEBUG:MNF:MNF  ::: [354] fit: 347646.34001 | delta: 2.2e+03 | secs: 0.70117
DEBUG:MNF:MNF  ::: [355] fit: 345512.60698 | delta: 2.1e+03 | secs: 0.70263
DEBUG:MNF:MNF  ::: [356] fit: 343397.40786 | delta: 2.1e+03 | secs: 0.69960
DEBUG:MNF:MNF  ::: [357] fit: 341300.56238 | delta: 2.1e+03 | secs: 0.70102
DEBUG:MNF:MNF  ::: [358] fit: 339221.89043 | delta: 2.1e+03 | secs: 0.70039
DEBUG:MNF:MNF  ::: [359] fit: 337161.20227 | delta: 2.1e+03 | secs: 0.70185
DEBUG:MNF:MNF  ::: [360] fit: 335118.30366 | delta: 2.0e+03 | secs: 0.70199
DEBUG:MNF:MNF  ::: [361] fit: 333093.00691 | delta: 2.0e+03 | secs: 0.70335
DEBUG:MNF:MNF  ::: [362] fit: 331085.13528 | delta: 2.0e+03 | secs: 0.70071
DEBUG:MNF:MNF  ::: [363] fit: 329094.51482 | delta: 2.0e+03 | secs: 0.70148
DEBUG:MNF:MNF  ::: [364] fit: 327120.95760 | delta: 2.0e+03 | secs: 0.70130
DEBUG:MNF:MNF  ::: [365] fit: 325164.24797 | delta: 2.0e+03 | secs: 0.70392
DEBUG:MNF:MNF  ::: [366] fit: 323224.14239 | delta: 1.9e+03 | secs: 0.69985
DEBUG:MNF:MNF  ::: [367] fit: 321300.38479 | delta: 1.9e+03 | secs: 0.70354
DEBUG:MNF:MNF  ::: [368] fit: 319392.72818 | delta: 1.9e+03 | secs: 0.69959
DEBUG:MNF:MNF  ::: [369] fit: 317500.95254 | delta: 1.9e+03 | secs: 0.70196
DEBUG:MNF:MNF  ::: [370] fit: 315624.87788 | delta: 1.9e+03 | secs: 0.70121
DEBUG:MNF:MNF  ::: [371] fit: 313764.37455 | delta: 1.9e+03 | secs: 0.70320
DEBUG:MNF:MNF  ::: [372] fit: 311919.36512 | delta: 1.8e+03 | secs: 0.70158
DEBUG:MNF:MNF  ::: [373] fit: 310089.80912 | delta: 1.8e+03 | secs: 0.70215
DEBUG:MNF:MNF  ::: [374] fit: 308275.67192 | delta: 1.8e+03 | secs: 0.70085
DEBUG:MNF:MNF  ::: [375] fit: 306476.89021 | delta: 1.8e+03 | secs: 0.70185
DEBUG:MNF:MNF  ::: [376] fit: 304693.34830 | delta: 1.8e+03 | secs: 0.70243
DEBUG:MNF:MNF  ::: [377] fit: 302924.87411 | delta: 1.8e+03 | secs: 0.70249
DEBUG:MNF:MNF  ::: [378] fit: 301171.25567 | delta: 1.8e+03 | secs: 0.69993
DEBUG:MNF:MNF  ::: [379] fit: 299432.27080 | delta: 1.7e+03 | secs: 0.70256
DEBUG:MNF:MNF  ::: [380] fit: 297707.71474 | delta: 1.7e+03 | secs: 0.69959
DEBUG:MNF:MNF  ::: [381] fit: 295997.41086 | delta: 1.7e+03 | secs: 0.70201
DEBUG:MNF:MNF  ::: [382] fit: 294301.20123 | delta: 1.7e+03 | secs: 0.70138
DEBUG:MNF:MNF  ::: [383] fit: 292618.92943 | delta: 1.7e+03 | secs: 0.70242
DEBUG:MNF:MNF  ::: [384] fit: 290950.43166 | delta: 1.7e+03 | secs: 0.70225
DEBUG:MNF:MNF  ::: [385] fit: 289295.54026 | delta: 1.7e+03 | secs: 0.70439
DEBUG:MNF:MNF  ::: [386] fit: 287654.09101 | delta: 1.6e+03 | secs: 0.70211
DEBUG:MNF:MNF  ::: [387] fit: 286025.92579 | delta: 1.6e+03 | secs: 0.70105
DEBUG:MNF:MNF  ::: [388] fit: 284410.89000 | delta: 1.6e+03 | secs: 0.70215
DEBUG:MNF:MNF  ::: [389] fit: 282808.83072 | delta: 1.6e+03 | secs: 0.70248
DEBUG:MNF:MNF  ::: [390] fit: 281219.60245 | delta: 1.6e+03 | secs: 0.70071
DEBUG:MNF:MNF  ::: [391] fit: 279643.08026 | delta: 1.6e+03 | secs: 0.70190
DEBUG:MNF:MNF  ::: [392] fit: 278079.17213 | delta: 1.6e+03 | secs: 0.70059
DEBUG:MNF:MNF  ::: [393] fit: 276527.82169 | delta: 1.6e+03 | secs: 0.70176
DEBUG:MNF:MNF  ::: [394] fit: 274988.99848 | delta: 1.5e+03 | secs: 0.70217
DEBUG:MNF:MNF  ::: [395] fit: 273462.68014 | delta: 1.5e+03 | secs: 0.70204
DEBUG:MNF:MNF  ::: [396] fit: 271948.83367 | delta: 1.5e+03 | secs: 0.69945
DEBUG:MNF:MNF  ::: [397] fit: 270447.40098 | delta: 1.5e+03 | secs: 0.70407
DEBUG:MNF:MNF  ::: [398] fit: 268959.40243 | delta: 1.5e+03 | secs: 0.69997
DEBUG:MNF:MNF  ::: [399] fit: 267482.47877 | delta: 1.5e+03 | secs: 0.70215
DEBUG:MNF:MNF  ::: [400] fit: 266017.62993 | delta: 1.5e+03 | secs: 0.70050
DEBUG:MNF:MNF  ::: [401] fit: 264564.72784 | delta: 1.5e+03 | secs: 0.70261
DEBUG:MNF:MNF  ::: [402] fit: 263123.65263 | delta: 1.4e+03 | secs: 0.69967
DEBUG:MNF:MNF  ::: [403] fit: 261694.28780 | delta: 1.4e+03 | secs: 0.70337
DEBUG:MNF:MNF  ::: [404] fit: 260276.50828 | delta: 1.4e+03 | secs: 0.70174
DEBUG:MNF:MNF  ::: [405] fit: 258870.16825 | delta: 1.4e+03 | secs: 0.70092
DEBUG:MNF:MNF  ::: [406] fit: 257475.09564 | delta: 1.4e+03 | secs: 0.70155
DEBUG:MNF:MNF  ::: [407] fit: 256091.10037 | delta: 1.4e+03 | secs: 0.70317
DEBUG:MNF:MNF  ::: [408] fit: 254717.99683 | delta: 1.4e+03 | secs: 0.70004
DEBUG:MNF:MNF  ::: [409] fit: 253355.63026 | delta: 1.4e+03 | secs: 0.70280
DEBUG:MNF:MNF  ::: [410] fit: 252003.89137 | delta: 1.4e+03 | secs: 0.70307
DEBUG:MNF:MNF  ::: [411] fit: 250662.71286 | delta: 1.3e+03 | secs: 0.70087
DEBUG:MNF:MNF  ::: [412] fit: 249332.05403 | delta: 1.3e+03 | secs: 0.70144
DEBUG:MNF:MNF  ::: [413] fit: 248013.10436 | delta: 1.3e+03 | secs: 0.70415
DEBUG:MNF:MNF  ::: [414] fit: 246703.37339 | delta: 1.3e+03 | secs: 0.70231
DEBUG:MNF:MNF  ::: [415] fit: 245404.02960 | delta: 1.3e+03 | secs: 0.70854
DEBUG:MNF:MNF  ::: [416] fit: 244114.97866 | delta: 1.3e+03 | secs: 0.70019
DEBUG:MNF:MNF  ::: [417] fit: 242836.08266 | delta: 1.3e+03 | secs: 0.70095
DEBUG:MNF:MNF  ::: [418] fit: 241567.16886 | delta: 1.3e+03 | secs: 0.70263
DEBUG:MNF:MNF  ::: [419] fit: 240308.05683 | delta: 1.3e+03 | secs: 0.70437
DEBUG:MNF:MNF  ::: [420] fit: 239058.58944 | delta: 1.2e+03 | secs: 0.69893
DEBUG:MNF:MNF  ::: [421] fit: 237818.64801 | delta: 1.2e+03 | secs: 0.70403
DEBUG:MNF:MNF  ::: [422] fit: 236588.14577 | delta: 1.2e+03 | secs: 0.70044
DEBUG:MNF:MNF  ::: [423] fit: 235367.01033 | delta: 1.2e+03 | secs: 0.70470
DEBUG:MNF:MNF  ::: [424] fit: 234155.16784 | delta: 1.2e+03 | secs: 0.70203
DEBUG:MNF:MNF  ::: [425] fit: 232952.53313 | delta: 1.2e+03 | secs: 0.70379
DEBUG:MNF:MNF  ::: [426] fit: 231759.00435 | delta: 1.2e+03 | secs: 0.70203
DEBUG:MNF:MNF  ::: [427] fit: 230574.46220 | delta: 1.2e+03 | secs: 0.70395
DEBUG:MNF:MNF  ::: [428] fit: 229400.51052 | delta: 1.2e+03 | secs: 0.70269
DEBUG:MNF:MNF  ::: [429] fit: 228233.51314 | delta: 1.2e+03 | secs: 0.70197
DEBUG:MNF:MNF  ::: [430] fit: 227075.11861 | delta: 1.2e+03 | secs: 0.70208
DEBUG:MNF:MNF  ::: [431] fit: 225925.23667 | delta: 1.1e+03 | secs: 0.70373
DEBUG:MNF:MNF  ::: [432] fit: 224783.80638 | delta: 1.1e+03 | secs: 0.70167
DEBUG:MNF:MNF  ::: [433] fit: 223650.79259 | delta: 1.1e+03 | secs: 0.70424
DEBUG:MNF:MNF  ::: [434] fit: 222526.17545 | delta: 1.1e+03 | secs: 0.70152
DEBUG:MNF:MNF  ::: [435] fit: 221409.93640 | delta: 1.1e+03 | secs: 0.70204
DEBUG:MNF:MNF  ::: [436] fit: 220302.04304 | delta: 1.1e+03 | secs: 0.70133
DEBUG:MNF:MNF  ::: [437] fit: 219202.43595 | delta: 1.1e+03 | secs: 0.70141
DEBUG:MNF:MNF  ::: [438] fit: 218111.02260 | delta: 1.1e+03 | secs: 0.70093
DEBUG:MNF:MNF  ::: [439] fit: 217027.68174 | delta: 1.1e+03 | secs: 0.70373
DEBUG:MNF:MNF  ::: [440] fit: 215952.27701 | delta: 1.1e+03 | secs: 0.70173
DEBUG:MNF:MNF  ::: [441] fit: 214884.67347 | delta: 1.1e+03 | secs: 0.70153
DEBUG:MNF:MNF  ::: [442] fit: 213824.74865 | delta: 1.1e+03 | secs: 0.70046
DEBUG:MNF:MNF  ::: [443] fit: 212772.39481 | delta: 1.1e+03 | secs: 0.70298
DEBUG:MNF:MNF  ::: [444] fit: 211727.51567 | delta: 1.0e+03 | secs: 0.70180
DEBUG:MNF:MNF  ::: [445] fit: 210690.02364 | delta: 1.0e+03 | secs: 0.70270
DEBUG:MNF:MNF  ::: [446] fit: 209659.83951 | delta: 1.0e+03 | secs: 0.70220
DEBUG:MNF:MNF  ::: [447] fit: 208636.88983 | delta: 1.0e+03 | secs: 0.70140
DEBUG:MNF:MNF  ::: [448] fit: 207621.09756 | delta: 1.0e+03 | secs: 0.70160
DEBUG:MNF:MNF  ::: [449] fit: 206612.36971 | delta: 1.0e+03 | secs: 0.70522
DEBUG:MNF:MNF  ::: [450] fit: 205610.59273 | delta: 1.0e+03 | secs: 0.70377
DEBUG:MNF:MNF  ::: [451] fit: 204615.64098 | delta: 9.9e+02 | secs: 0.70448
DEBUG:MNF:MNF  ::: [452] fit: 203627.39306 | delta: 9.9e+02 | secs: 0.70111
DEBUG:MNF:MNF  ::: [453] fit: 202646.90317 | delta: 9.8e+02 | secs: 0.70403
DEBUG:MNF:MNF  ::: [454] fit: 201671.75553 | delta: 9.8e+02 | secs: 0.70109
DEBUG:MNF:MNF  ::: [455] fit: 200703.06516 | delta: 9.7e+02 | secs: 0.70257
DEBUG:MNF:MNF  ::: [456] fit: 199740.78512 | delta: 9.6e+02 | secs: 0.70263
DEBUG:MNF:MNF  ::: [457] fit: 198784.87786 | delta: 9.6e+02 | secs: 0.70368
DEBUG:MNF:MNF  ::: [458] fit: 197835.31135 | delta: 9.5e+02 | secs: 0.69987
DEBUG:MNF:MNF  ::: [459] fit: 196892.05410 | delta: 9.4e+02 | secs: 0.70374
DEBUG:MNF:MNF  ::: [460] fit: 195955.58296 | delta: 9.4e+02 | secs: 0.70091
DEBUG:MNF:MNF  ::: [461] fit: 195024.81153 | delta: 9.3e+02 | secs: 0.70455
DEBUG:MNF:MNF  ::: [462] fit: 194100.21540 | delta: 9.2e+02 | secs: 0.70246
DEBUG:MNF:MNF  ::: [463] fit: 193181.74184 | delta: 9.2e+02 | secs: 0.70295
DEBUG:MNF:MNF  ::: [464] fit: 192269.34278 | delta: 9.1e+02 | secs: 0.70100
DEBUG:MNF:MNF  ::: [465] fit: 191362.97535 | delta: 9.1e+02 | secs: 0.70331
DEBUG:MNF:MNF  ::: [466] fit: 190462.59762 | delta: 9.0e+02 | secs: 0.70279
DEBUG:MNF:MNF  ::: [467] fit: 189568.16456 | delta: 8.9e+02 | secs: 0.70291
DEBUG:MNF:MNF  ::: [468] fit: 188679.62825 | delta: 8.9e+02 | secs: 0.69997
DEBUG:MNF:MNF  ::: [469] fit: 187796.94236 | delta: 8.8e+02 | secs: 0.70478
DEBUG:MNF:MNF  ::: [470] fit: 186920.06650 | delta: 8.8e+02 | secs: 0.69993
DEBUG:MNF:MNF  ::: [471] fit: 186048.96719 | delta: 8.7e+02 | secs: 0.70352
DEBUG:MNF:MNF  ::: [472] fit: 185183.61614 | delta: 8.7e+02 | secs: 0.70079
DEBUG:MNF:MNF  ::: [473] fit: 184323.98814 | delta: 8.6e+02 | secs: 0.70343
DEBUG:MNF:MNF  ::: [474] fit: 183470.05890 | delta: 8.5e+02 | secs: 0.70129
DEBUG:MNF:MNF  ::: [475] fit: 182621.80167 | delta: 8.5e+02 | secs: 0.70540
DEBUG:MNF:MNF  ::: [476] fit: 181779.18264 | delta: 8.4e+02 | secs: 0.70196
DEBUG:MNF:MNF  ::: [477] fit: 180942.15676 | delta: 8.4e+02 | secs: 0.70485
DEBUG:MNF:MNF  ::: [478] fit: 180110.66644 | delta: 8.3e+02 | secs: 0.70186
DEBUG:MNF:MNF  ::: [479] fit: 179284.64492 | delta: 8.3e+02 | secs: 0.70269
DEBUG:MNF:MNF  ::: [480] fit: 178464.02403 | delta: 8.2e+02 | secs: 0.69976
DEBUG:MNF:MNF  ::: [481] fit: 177648.74314 | delta: 8.2e+02 | secs: 0.70372
DEBUG:MNF:MNF  ::: [482] fit: 176838.75436 | delta: 8.1e+02 | secs: 0.70186
DEBUG:MNF:MNF  ::: [483] fit: 176034.02183 | delta: 8.0e+02 | secs: 0.70178
DEBUG:MNF:MNF  ::: [484] fit: 175234.51708 | delta: 8.0e+02 | secs: 0.70000
DEBUG:MNF:MNF  ::: [485] fit: 174440.21260 | delta: 7.9e+02 | secs: 0.70313
DEBUG:MNF:MNF  ::: [486] fit: 173651.07480 | delta: 7.9e+02 | secs: 0.69941
DEBUG:MNF:MNF  ::: [487] fit: 172867.05862 | delta: 7.8e+02 | secs: 0.70466
DEBUG:MNF:MNF  ::: [488] fit: 172088.10753 | delta: 7.8e+02 | secs: 0.70049
DEBUG:MNF:MNF  ::: [489] fit: 171314.15969 | delta: 7.7e+02 | secs: 0.70198
DEBUG:MNF:MNF  ::: [490] fit: 170545.15588 | delta: 7.7e+02 | secs: 0.70276
DEBUG:MNF:MNF  ::: [491] fit: 169781.04420 | delta: 7.6e+02 | secs: 0.70251
DEBUG:MNF:MNF  ::: [492] fit: 169021.78021 | delta: 7.6e+02 | secs: 0.70255
DEBUG:MNF:MNF  ::: [493] fit: 168267.57567 | delta: 7.5e+02 | secs: 0.70480
DEBUG:MNF:MNF  ::: [494] fit: 167517.89166 | delta: 7.5e+02 | secs: 0.69981
DEBUG:MNF:MNF  ::: [495] fit: 166772.95749 | delta: 7.4e+02 | secs: 0.70307
DEBUG:MNF:MNF  ::: [496] fit: 166032.75678 | delta: 7.4e+02 | secs: 0.70067
DEBUG:MNF:MNF  ::: [497] fit: 165297.27891 | delta: 7.4e+02 | secs: 0.70255
DEBUG:MNF:MNF  ::: [498] fit: 164566.51204 | delta: 7.3e+02 | secs: 0.69972
DEBUG:MNF:MNF  ::: [499] fit: 163840.43680 | delta: 7.3e+02 | secs: 0.70468
