DEBUG:M-NMF:Initializing U
DEBUG:M-NMF:Initialization completed
DEBUG:M-NMF:
***************************************************
DEBUG:M-NMF:Train Fit at step {  0}: {0.00000 }
DEBUG:M-NMF:Train accuracy: {0.31414 } , Train Loss: {0.46865 }
DEBUG:M-NMF:Validation accuracy: {0.33684 } , Validation Loss: {0.48475 }
DEBUG:M-NMF:***************************************************

DEBUG:M-NMF:M-NMF ::: [  0] fit: 0.00000 | delta: 0.0e+00 | secs: 3.65698
DEBUG:M-NMF:***************************************************

DEBUG:M-NMF:Initializing U
DEBUG:M-NMF:Initialization completed
DEBUG:M-NMF:
***************************************************
DEBUG:M-NMF:Train Fit at step {  0}: {0.00000 }
DEBUG:M-NMF:Train accuracy: {0.33508 } , Train Loss: {0.47167 }
DEBUG:M-NMF:Validation accuracy: {0.22105 } , Validation Loss: {0.52717 }
DEBUG:M-NMF:***************************************************

DEBUG:M-NMF:M-NMF ::: [  0] fit: 0.00000 | delta: 0.0e+00 | secs: 1.66131
DEBUG:M-NMF:***************************************************

DEBUG:M-NMF:Initializing U
DEBUG:M-NMF:Initialization completed
DEBUG:M-NMF:
***************************************************
DEBUG:M-NMF:Train Fit at step {  0}: {0.00000 }
DEBUG:M-NMF:Train accuracy: {0.31675 } , Train Loss: {0.48975 }
DEBUG:M-NMF:Validation accuracy: {0.26316 } , Validation Loss: {0.54535 }
DEBUG:M-NMF:***************************************************

DEBUG:M-NMF:M-NMF ::: [  0] fit: 0.00000 | delta: 0.0e+00 | secs: 2.06279
DEBUG:M-NMF:***************************************************

DEBUG:M-NMF:Initializing U
DEBUG:M-NMF:Initialization completed
DEBUG:M-NMF:
***************************************************
DEBUG:M-NMF:Train Fit at step {  0}: {0.00000 }
DEBUG:M-NMF:Train accuracy: {0.37173 } , Train Loss: {0.45961 }
DEBUG:M-NMF:Validation accuracy: {0.30526 } , Validation Loss: {0.46052 }
DEBUG:M-NMF:***************************************************

DEBUG:M-NMF:M-NMF ::: [  0] fit: 0.00000 | delta: 0.0e+00 | secs: 2.55192
DEBUG:M-NMF:***************************************************

DEBUG:M-NMF:Initializing U
DEBUG:M-NMF:Initialization completed
DEBUG:M-NMF:
***************************************************
DEBUG:M-NMF:Train Fit at step {  0}: {0.00000 }
DEBUG:M-NMF:Train accuracy: {0.32461 } , Train Loss: {0.48222 }
DEBUG:M-NMF:Validation accuracy: {0.16842 } , Validation Loss: {0.61200 }
DEBUG:M-NMF:***************************************************

DEBUG:M-NMF:M-NMF ::: [  0] fit: 0.00000 | delta: 0.0e+00 | secs: 1.58821
DEBUG:M-NMF:***************************************************

DEBUG:M-NMF:Initializing U
DEBUG:M-NMF:Initialization completed
DEBUG:M-NMF:
***************************************************
DEBUG:M-NMF:Train Fit at step {  0}: {0.00000 }
DEBUG:M-NMF:Train accuracy: {0.33421 } , Train Loss: {0.47318 }
DEBUG:M-NMF:Validation accuracy: {0.33217 } , Validation Loss: {0.47300 }
DEBUG:M-NMF:***************************************************

DEBUG:M-NMF:M-NMF ::: [  0] fit: 0.00000 | delta: 0.0e+00 | secs: 2.29941
DEBUG:M-NMF:***************************************************

DEBUG:M-NMF:Initializing U
DEBUG:M-NMF:Initialization completed
DEBUG:M-NMF:
***************************************************
DEBUG:M-NMF:Train Fit at step {  0}: {0.00000 }
DEBUG:M-NMF:Train accuracy: {0.33246 } , Train Loss: {0.47820 }
DEBUG:M-NMF:Validation accuracy: {0.30070 } , Validation Loss: {0.50520 }
DEBUG:M-NMF:***************************************************

DEBUG:M-NMF:M-NMF ::: [  0] fit: 0.00000 | delta: 0.0e+00 | secs: 3.54104
DEBUG:M-NMF:***************************************************

DEBUG:M-NMF:Initializing U
DEBUG:M-NMF:Initialization completed
DEBUG:M-NMF:
***************************************************
DEBUG:M-NMF:Train Fit at step {  0}: {0.00000 }
DEBUG:M-NMF:Train accuracy: {0.31152 } , Train Loss: {0.48824 }
DEBUG:M-NMF:Validation accuracy: {0.36713 } , Validation Loss: {0.44482 }
DEBUG:M-NMF:***************************************************

DEBUG:M-NMF:M-NMF ::: [  0] fit: 0.00000 | delta: 0.0e+00 | secs: 2.33944
DEBUG:M-NMF:***************************************************

DEBUG:M-NMF:Initializing U
DEBUG:M-NMF:Initialization completed
DEBUG:M-NMF:
***************************************************
DEBUG:M-NMF:Train Fit at step {  0}: {0.00000 }
DEBUG:M-NMF:Train accuracy: {0.31239 } , Train Loss: {0.49126 }
DEBUG:M-NMF:Validation accuracy: {0.39510 } , Validation Loss: {0.41865 }
DEBUG:M-NMF:***************************************************

DEBUG:M-NMF:M-NMF ::: [  0] fit: 0.00000 | delta: 0.0e+00 | secs: 3.16403
DEBUG:M-NMF:***************************************************

DEBUG:M-NMF:Initializing U
DEBUG:M-NMF:Initialization completed
DEBUG:M-NMF:
***************************************************
DEBUG:M-NMF:Train Fit at step {  0}: {0.00000 }
DEBUG:M-NMF:Train accuracy: {0.30977 } , Train Loss: {0.48171 }
DEBUG:M-NMF:Validation accuracy: {0.29720 } , Validation Loss: {0.49514 }
DEBUG:M-NMF:***************************************************

DEBUG:M-NMF:M-NMF ::: [  0] fit: 0.00000 | delta: 0.0e+00 | secs: 5.33590
DEBUG:M-NMF:***************************************************

DEBUG:M-NMF:Initializing U
DEBUG:M-NMF:Initialization completed
DEBUG:M-NMF:
***************************************************
DEBUG:M-NMF:Train Fit at step {  0}: {0.00000 }
DEBUG:M-NMF:Train accuracy: {0.32199 } , Train Loss: {0.47076 }
DEBUG:M-NMF:Validation accuracy: {0.34172 } , Validation Loss: {0.45617 }
DEBUG:M-NMF:***************************************************

DEBUG:M-NMF:M-NMF ::: [  0] fit: 0.00000 | delta: 0.0e+00 | secs: 9.59176
DEBUG:M-NMF:***************************************************

DEBUG:M-NMF:Initializing U
DEBUG:M-NMF:Initialization completed
DEBUG:M-NMF:
***************************************************
DEBUG:M-NMF:Train Fit at step {  0}: {0.00000 }
DEBUG:M-NMF:Train accuracy: {0.33455 } , Train Loss: {0.46202 }
DEBUG:M-NMF:Validation accuracy: {0.29769 } , Validation Loss: {0.48272 }
DEBUG:M-NMF:***************************************************

DEBUG:M-NMF:M-NMF ::: [  0] fit: 0.00000 | delta: 0.0e+00 | secs: 7.77073
DEBUG:M-NMF:***************************************************

DEBUG:M-NMF:Initializing U
DEBUG:M-NMF:Initialization completed
DEBUG:M-NMF:
***************************************************
DEBUG:M-NMF:Train Fit at step {  0}: {0.00000 }
DEBUG:M-NMF:Train accuracy: {0.33613 } , Train Loss: {0.45931 }
DEBUG:M-NMF:Validation accuracy: {0.33124 } , Validation Loss: {0.46945 }
DEBUG:M-NMF:***************************************************

DEBUG:M-NMF:M-NMF ::: [  0] fit: 0.00000 | delta: 0.0e+00 | secs: 5.54171
DEBUG:M-NMF:***************************************************

DEBUG:M-NMF:Initializing U
DEBUG:M-NMF:Initialization completed
DEBUG:M-NMF:
***************************************************
DEBUG:M-NMF:Train Fit at step {  0}: {0.00000 }
DEBUG:M-NMF:Train accuracy: {0.33037 } , Train Loss: {0.46685 }
DEBUG:M-NMF:Validation accuracy: {0.30398 } , Validation Loss: {0.50203 }
DEBUG:M-NMF:***************************************************

DEBUG:M-NMF:M-NMF ::: [  0] fit: 0.00000 | delta: 0.0e+00 | secs: 8.31019
DEBUG:M-NMF:***************************************************

DEBUG:M-NMF:Initializing U
DEBUG:M-NMF:Initialization completed
DEBUG:M-NMF:
***************************************************
DEBUG:M-NMF:Train Fit at step {  0}: {0.00000 }
DEBUG:M-NMF:Train accuracy: {0.32408 } , Train Loss: {0.47408 }
DEBUG:M-NMF:Validation accuracy: {0.31447 } , Validation Loss: {0.47910 }
DEBUG:M-NMF:***************************************************

DEBUG:M-NMF:M-NMF ::: [  0] fit: 0.00000 | delta: 0.0e+00 | secs: 7.43893
DEBUG:M-NMF:***************************************************

DEBUG:M-NMF:Initializing U
DEBUG:M-NMF:Initialization completed
DEBUG:M-NMF:
***************************************************
DEBUG:M-NMF:Train Fit at step {  0}: {0.00000 }
DEBUG:M-NMF:Train accuracy: {0.32785 } , Train Loss: {0.46547 }
DEBUG:M-NMF:Validation accuracy: {0.31437 } , Validation Loss: {0.47051 }
DEBUG:M-NMF:***************************************************

DEBUG:M-NMF:M-NMF ::: [  0] fit: 0.00000 | delta: 0.0e+00 | secs: 12.29461
DEBUG:M-NMF:***************************************************

DEBUG:M-NMF:Initializing U
DEBUG:M-NMF:Initialization completed
DEBUG:M-NMF:
***************************************************
DEBUG:M-NMF:Train Fit at step {  0}: {0.00000 }
DEBUG:M-NMF:Train accuracy: {0.32561 } , Train Loss: {0.46073 }
DEBUG:M-NMF:Validation accuracy: {0.34132 } , Validation Loss: {0.44121 }
DEBUG:M-NMF:***************************************************

DEBUG:M-NMF:M-NMF ::: [  0] fit: 0.00000 | delta: 0.0e+00 | secs: 10.32229
DEBUG:M-NMF:***************************************************

DEBUG:M-NMF:Initializing U
DEBUG:M-NMF:Initialization completed
DEBUG:M-NMF:
***************************************************
DEBUG:M-NMF:Train Fit at step {  0}: {0.00000 }
DEBUG:M-NMF:Train accuracy: {0.33009 } , Train Loss: {0.46374 }
DEBUG:M-NMF:Validation accuracy: {0.34581 } , Validation Loss: {0.45155 }
DEBUG:M-NMF:***************************************************

DEBUG:M-NMF:M-NMF ::: [  0] fit: 0.00000 | delta: 0.0e+00 | secs: 8.23794
DEBUG:M-NMF:***************************************************

DEBUG:M-NMF:Initializing U
DEBUG:M-NMF:Initialization completed
DEBUG:M-NMF:
***************************************************
DEBUG:M-NMF:Train Fit at step {  0}: {0.00000 }
DEBUG:M-NMF:Train accuracy: {0.32822 } , Train Loss: {0.45643 }
DEBUG:M-NMF:Validation accuracy: {0.34581 } , Validation Loss: {0.44897 }
DEBUG:M-NMF:***************************************************

DEBUG:M-NMF:M-NMF ::: [  0] fit: 0.00000 | delta: 0.0e+00 | secs: 10.78929
DEBUG:M-NMF:***************************************************

DEBUG:M-NMF:Initializing U
DEBUG:M-NMF:Initialization completed
DEBUG:M-NMF:
***************************************************
DEBUG:M-NMF:Train Fit at step {  0}: {0.00000 }
DEBUG:M-NMF:Train accuracy: {0.33234 } , Train Loss: {0.45126 }
DEBUG:M-NMF:Validation accuracy: {0.32485 } , Validation Loss: {0.47051 }
DEBUG:M-NMF:***************************************************

DEBUG:M-NMF:M-NMF ::: [  0] fit: 0.00000 | delta: 0.0e+00 | secs: 8.32740
DEBUG:M-NMF:***************************************************

