DEBUG:M-NMF:Initializing U
DEBUG:M-NMF:Initialization completed
DEBUG:M-NMF:
***************************************************
DEBUG:M-NMF:Train Fit at step {  0}: {0.00000 }
DEBUG:M-NMF:Train accuracy: {0.66667 } , Train Loss: {1.53506 }
DEBUG:M-NMF:Validation accuracy: {0.33333 } , Validation Loss: {3.07011 }
DEBUG:M-NMF:***************************************************

DEBUG:M-NMF:M-NMF ::: [  0] fit: 0.00000 | delta: 0.0e+00 | secs: 0.20058
DEBUG:M-NMF:***************************************************

DEBUG:M-NMF:Initializing U
DEBUG:M-NMF:Initialization completed
DEBUG:M-NMF:
***************************************************
DEBUG:M-NMF:Train Fit at step {  0}: {0.00000 }
DEBUG:M-NMF:Train accuracy: {0.80000 } , Train Loss: {0.92103 }
DEBUG:M-NMF:Validation accuracy: {0.66667 } , Validation Loss: {1.53506 }
DEBUG:M-NMF:***************************************************

DEBUG:M-NMF:M-NMF ::: [  0] fit: 0.00000 | delta: 0.0e+00 | secs: 0.20894
DEBUG:M-NMF:***************************************************

DEBUG:M-NMF:Initializing U
DEBUG:M-NMF:Initialization completed
DEBUG:M-NMF:
***************************************************
DEBUG:M-NMF:Train Fit at step {  0}: {0.00000 }
DEBUG:M-NMF:Train accuracy: {0.80000 } , Train Loss: {0.92103 }
DEBUG:M-NMF:Validation accuracy: {0.33333 } , Validation Loss: {3.07011 }
DEBUG:M-NMF:***************************************************

DEBUG:M-NMF:M-NMF ::: [  0] fit: 0.00000 | delta: 0.0e+00 | secs: 0.04265
DEBUG:M-NMF:***************************************************

DEBUG:M-NMF:Initializing U
DEBUG:M-NMF:Initialization completed
DEBUG:M-NMF:
***************************************************
DEBUG:M-NMF:Train Fit at step {  0}: {0.00000 }
DEBUG:M-NMF:Train accuracy: {0.73333 } , Train Loss: {1.22805 }
DEBUG:M-NMF:Validation accuracy: {0.33333 } , Validation Loss: {3.07011 }
DEBUG:M-NMF:***************************************************

DEBUG:M-NMF:M-NMF ::: [  0] fit: 0.00000 | delta: 0.0e+00 | secs: 0.02871
DEBUG:M-NMF:***************************************************

DEBUG:M-NMF:Initializing U
DEBUG:M-NMF:Initialization completed
DEBUG:M-NMF:
***************************************************
DEBUG:M-NMF:Train Fit at step {  0}: {0.00000 }
DEBUG:M-NMF:Train accuracy: {0.46667 } , Train Loss: {2.45609 }
DEBUG:M-NMF:Validation accuracy: {0.33333 } , Validation Loss: {3.07011 }
DEBUG:M-NMF:***************************************************

DEBUG:M-NMF:M-NMF ::: [  0] fit: 0.00000 | delta: 0.0e+00 | secs: 0.33611
DEBUG:M-NMF:***************************************************

DEBUG:M-NMF:Initializing U
DEBUG:M-NMF:Initialization completed
DEBUG:M-NMF:
***************************************************
DEBUG:M-NMF:Train Fit at step {  0}: {0.00000 }
DEBUG:M-NMF:Train accuracy: {0.56522 } , Train Loss: {2.00225 }
DEBUG:M-NMF:Validation accuracy: {0.45455 } , Validation Loss: {2.51191 }
DEBUG:M-NMF:***************************************************

DEBUG:M-NMF:M-NMF ::: [  0] fit: 0.00000 | delta: 0.0e+00 | secs: 0.29524
DEBUG:M-NMF:***************************************************

DEBUG:M-NMF:Initializing U
DEBUG:M-NMF:Initialization completed
DEBUG:M-NMF:
***************************************************
DEBUG:M-NMF:Train Fit at step {  0}: {0.00000 }
DEBUG:M-NMF:Train accuracy: {0.58696 } , Train Loss: {1.90214 }
DEBUG:M-NMF:Validation accuracy: {0.45455 } , Validation Loss: {2.51191 }
DEBUG:M-NMF:***************************************************

DEBUG:M-NMF:M-NMF ::: [  0] fit: 0.00000 | delta: 0.0e+00 | secs: 0.09601
DEBUG:M-NMF:***************************************************

DEBUG:M-NMF:Initializing U
DEBUG:M-NMF:Initialization completed
DEBUG:M-NMF:
***************************************************
DEBUG:M-NMF:Train Fit at step {  0}: {0.00000 }
DEBUG:M-NMF:Train accuracy: {0.63043 } , Train Loss: {1.70191 }
DEBUG:M-NMF:Validation accuracy: {0.45455 } , Validation Loss: {2.51191 }
DEBUG:M-NMF:***************************************************

DEBUG:M-NMF:M-NMF ::: [  0] fit: 0.00000 | delta: 0.0e+00 | secs: 0.06639
DEBUG:M-NMF:***************************************************

DEBUG:M-NMF:Initializing U
DEBUG:M-NMF:Initialization completed
DEBUG:M-NMF:
***************************************************
DEBUG:M-NMF:Train Fit at step {  0}: {0.00000 }
DEBUG:M-NMF:Train accuracy: {0.63043 } , Train Loss: {1.70191 }
DEBUG:M-NMF:Validation accuracy: {0.36364 } , Validation Loss: {2.93056 }
DEBUG:M-NMF:***************************************************

DEBUG:M-NMF:M-NMF ::: [  0] fit: 0.00000 | delta: 0.0e+00 | secs: 0.05442
DEBUG:M-NMF:***************************************************

DEBUG:M-NMF:Initializing U
DEBUG:M-NMF:Initialization completed
DEBUG:M-NMF:
***************************************************
DEBUG:M-NMF:Train Fit at step {  0}: {0.00000 }
DEBUG:M-NMF:Train accuracy: {0.65217 } , Train Loss: {1.60180 }
DEBUG:M-NMF:Validation accuracy: {0.45455 } , Validation Loss: {2.51191 }
DEBUG:M-NMF:***************************************************

DEBUG:M-NMF:M-NMF ::: [  0] fit: 0.00000 | delta: 0.0e+00 | secs: 0.25360
DEBUG:M-NMF:***************************************************

DEBUG:M-NMF:Initializing U
DEBUG:M-NMF:Initialization completed
DEBUG:M-NMF:
***************************************************
DEBUG:M-NMF:Train Fit at step {  0}: {0.00000 }
DEBUG:M-NMF:Train accuracy: {0.55128 } , Train Loss: {2.06642 }
DEBUG:M-NMF:Validation accuracy: {0.26316 } , Validation Loss: {3.39328 }
DEBUG:M-NMF:***************************************************

DEBUG:M-NMF:M-NMF ::: [  0] fit: 0.00000 | delta: 0.0e+00 | secs: 0.30001
DEBUG:M-NMF:***************************************************

DEBUG:M-NMF:Initializing U
DEBUG:M-NMF:Initialization completed
DEBUG:M-NMF:
***************************************************
DEBUG:M-NMF:Train Fit at step {  0}: {0.00000 }
DEBUG:M-NMF:Train accuracy: {0.52564 } , Train Loss: {2.18450 }
DEBUG:M-NMF:Validation accuracy: {0.42105 } , Validation Loss: {2.66615 }
DEBUG:M-NMF:***************************************************

DEBUG:M-NMF:M-NMF ::: [  0] fit: 0.00000 | delta: 0.0e+00 | secs: 0.28433
DEBUG:M-NMF:***************************************************

DEBUG:M-NMF:Initializing U
DEBUG:M-NMF:Initialization completed
DEBUG:M-NMF:
***************************************************
DEBUG:M-NMF:Train Fit at step {  0}: {0.00000 }
DEBUG:M-NMF:Train accuracy: {0.51282 } , Train Loss: {2.24354 }
DEBUG:M-NMF:Validation accuracy: {0.31579 } , Validation Loss: {3.15091 }
DEBUG:M-NMF:***************************************************

DEBUG:M-NMF:M-NMF ::: [  0] fit: 0.00000 | delta: 0.0e+00 | secs: 0.28093
DEBUG:M-NMF:***************************************************

DEBUG:M-NMF:Initializing U
DEBUG:M-NMF:Initialization completed
DEBUG:M-NMF:
***************************************************
DEBUG:M-NMF:Train Fit at step {  0}: {0.00000 }
DEBUG:M-NMF:Train accuracy: {0.51282 } , Train Loss: {2.24354 }
DEBUG:M-NMF:Validation accuracy: {0.68421 } , Validation Loss: {1.45426 }
DEBUG:M-NMF:***************************************************

DEBUG:M-NMF:M-NMF ::: [  0] fit: 0.00000 | delta: 0.0e+00 | secs: 0.39761
DEBUG:M-NMF:***************************************************

DEBUG:M-NMF:Initializing U
DEBUG:M-NMF:Initialization completed
DEBUG:M-NMF:
***************************************************
DEBUG:M-NMF:Train Fit at step {  0}: {0.00000 }
DEBUG:M-NMF:Train accuracy: {0.58974 } , Train Loss: {1.88930 }
DEBUG:M-NMF:Validation accuracy: {0.42105 } , Validation Loss: {2.66615 }
DEBUG:M-NMF:***************************************************

DEBUG:M-NMF:M-NMF ::: [  0] fit: 0.00000 | delta: 0.0e+00 | secs: 0.35459
DEBUG:M-NMF:***************************************************

DEBUG:M-NMF:Initializing U
DEBUG:M-NMF:Initialization completed
DEBUG:M-NMF:
***************************************************
DEBUG:M-NMF:Train Fit at step {  0}: {0.00000 }
DEBUG:M-NMF:Train accuracy: {0.47706 } , Train Loss: {2.40821 }
DEBUG:M-NMF:Validation accuracy: {0.44444 } , Validation Loss: {2.55843 }
DEBUG:M-NMF:***************************************************

DEBUG:M-NMF:M-NMF ::: [  0] fit: 0.00000 | delta: 0.0e+00 | secs: 0.61673
DEBUG:M-NMF:***************************************************

DEBUG:M-NMF:Initializing U
DEBUG:M-NMF:Initialization completed
DEBUG:M-NMF:
***************************************************
DEBUG:M-NMF:Train Fit at step {  0}: {0.00000 }
DEBUG:M-NMF:Train accuracy: {0.48624 } , Train Loss: {2.36596 }
DEBUG:M-NMF:Validation accuracy: {0.44444 } , Validation Loss: {2.55843 }
DEBUG:M-NMF:***************************************************

DEBUG:M-NMF:M-NMF ::: [  0] fit: 0.00000 | delta: 0.0e+00 | secs: 0.51756
DEBUG:M-NMF:***************************************************

DEBUG:M-NMF:Initializing U
DEBUG:M-NMF:Initialization completed
DEBUG:M-NMF:
***************************************************
DEBUG:M-NMF:Train Fit at step {  0}: {0.00000 }
DEBUG:M-NMF:Train accuracy: {0.47706 } , Train Loss: {2.40821 }
DEBUG:M-NMF:Validation accuracy: {0.48148 } , Validation Loss: {2.38787 }
DEBUG:M-NMF:***************************************************

DEBUG:M-NMF:M-NMF ::: [  0] fit: 0.00000 | delta: 0.0e+00 | secs: 0.45638
DEBUG:M-NMF:***************************************************

DEBUG:M-NMF:Initializing U
DEBUG:M-NMF:Initialization completed
DEBUG:M-NMF:
***************************************************
DEBUG:M-NMF:Train Fit at step {  0}: {0.00000 }
DEBUG:M-NMF:Train accuracy: {0.48624 } , Train Loss: {2.36596 }
DEBUG:M-NMF:Validation accuracy: {0.44444 } , Validation Loss: {2.55843 }
DEBUG:M-NMF:***************************************************

DEBUG:M-NMF:M-NMF ::: [  0] fit: 0.00000 | delta: 0.0e+00 | secs: 0.35236
DEBUG:M-NMF:***************************************************

DEBUG:M-NMF:Initializing U
DEBUG:M-NMF:Initialization completed
DEBUG:M-NMF:
***************************************************
DEBUG:M-NMF:Train Fit at step {  0}: {0.00000 }
DEBUG:M-NMF:Train accuracy: {0.51376 } , Train Loss: {2.23921 }
DEBUG:M-NMF:Validation accuracy: {0.44444 } , Validation Loss: {2.55843 }
DEBUG:M-NMF:***************************************************

DEBUG:M-NMF:M-NMF ::: [  0] fit: 0.00000 | delta: 0.0e+00 | secs: 0.11085
DEBUG:M-NMF:***************************************************

